{"C:\\xampp\\htdocs\\web_dev\\storemanager\\server\\test\\appTest.js":{"path":"C:\\xampp\\htdocs\\web_dev\\storemanager\\server\\test\\appTest.js","statementMap":{"0":{"start":{"line":3,"column":12},"end":{"line":3,"column":27}},"1":{"start":{"line":5,"column":13},"end":{"line":5,"column":42}},"2":{"start":{"line":7,"column":16},"end":{"line":7,"column":36}},"3":{"start":{"line":9,"column":17},"end":{"line":9,"column":50}},"4":{"start":{"line":11,"column":11},"end":{"line":11,"column":28}},"5":{"start":{"line":13,"column":12},"end":{"line":13,"column":40}},"6":{"start":{"line":15,"column":39},"end":{"line":15,"column":93}},"7":{"start":{"line":17,"column":19},"end":{"line":17,"column":33}},"8":{"start":{"line":19,"column":0},"end":{"line":19,"column":39}},"9":{"start":{"line":21,"column":0},"end":{"line":37,"column":3}},"10":{"start":{"line":22,"column":2},"end":{"line":28,"column":5}},"11":{"start":{"line":23,"column":4},"end":{"line":26,"column":7}},"12":{"start":{"line":24,"column":6},"end":{"line":24,"column":38}},"13":{"start":{"line":25,"column":6},"end":{"line":25,"column":72}},"14":{"start":{"line":27,"column":4},"end":{"line":27,"column":11}},"15":{"start":{"line":30,"column":2},"end":{"line":36,"column":5}},"16":{"start":{"line":31,"column":4},"end":{"line":34,"column":7}},"17":{"start":{"line":32,"column":6},"end":{"line":32,"column":38}},"18":{"start":{"line":33,"column":6},"end":{"line":33,"column":59}},"19":{"start":{"line":35,"column":4},"end":{"line":35,"column":11}}},"fnMap":{"0":{"name":"_interopRequireDefault","decl":{"start":{"line":15,"column":9},"end":{"line":15,"column":31}},"loc":{"start":{"line":15,"column":37},"end":{"line":15,"column":95}},"line":15},"1":{"name":"(anonymous_1)","decl":{"start":{"line":21,"column":16},"end":{"line":21,"column":17}},"loc":{"start":{"line":21,"column":22},"end":{"line":37,"column":1}},"line":21},"2":{"name":"(anonymous_2)","decl":{"start":{"line":22,"column":39},"end":{"line":22,"column":40}},"loc":{"start":{"line":22,"column":47},"end":{"line":28,"column":3}},"line":22},"3":{"name":"(anonymous_3)","decl":{"start":{"line":23,"column":55},"end":{"line":23,"column":56}},"loc":{"start":{"line":23,"column":69},"end":{"line":26,"column":5}},"line":23},"4":{"name":"(anonymous_4)","decl":{"start":{"line":30,"column":49},"end":{"line":30,"column":50}},"loc":{"start":{"line":30,"column":57},"end":{"line":36,"column":3}},"line":30},"5":{"name":"(anonymous_5)","decl":{"start":{"line":31,"column":56},"end":{"line":31,"column":57}},"loc":{"start":{"line":31,"column":70},"end":{"line":34,"column":5}},"line":31}},"branchMap":{"0":{"loc":{"start":{"line":15,"column":46},"end":{"line":15,"column":92}},"type":"cond-expr","locations":[{"start":{"line":15,"column":70},"end":{"line":15,"column":73}},{"start":{"line":15,"column":76},"end":{"line":15,"column":92}}],"line":15},"1":{"loc":{"start":{"line":15,"column":46},"end":{"line":15,"column":67}},"type":"binary-expr","locations":[{"start":{"line":15,"column":46},"end":{"line":15,"column":49}},{"start":{"line":15,"column":53},"end":{"line":15,"column":67}}],"line":15}},"s":{"0":1,"1":1,"2":1,"3":1,"4":1,"5":1,"6":3,"7":1,"8":1,"9":1,"10":1,"11":1,"12":1,"13":1,"14":1,"15":1,"16":1,"17":1,"18":1,"19":1},"f":{"0":3,"1":1,"2":1,"3":1,"4":1,"5":1},"b":{"0":[0,3],"1":[3,3]},"_coverageSchema":"43e27e138ebf9cfc5966b082cf9a028302ed4184","hash":"e0f276d65aad5c1560bcbfd4d640065e556a46d3","contentHash":"b551fa1b0536f76b73db76fdf050fe43"},"C:\\xampp\\htdocs\\web_dev\\storemanager\\server\\routes\\api\\v1\\products.js":{"path":"C:\\xampp\\htdocs\\web_dev\\storemanager\\server\\routes\\api\\v1\\products.js","statementMap":{"0":{"start":{"line":3,"column":15},"end":{"line":3,"column":33}},"1":{"start":{"line":5,"column":16},"end":{"line":5,"column":48}},"2":{"start":{"line":7,"column":20},"end":{"line":7,"column":63}},"3":{"start":{"line":9,"column":21},"end":{"line":9,"column":58}},"4":{"start":{"line":11,"column":25},"end":{"line":11,"column":74}},"5":{"start":{"line":13,"column":26},"end":{"line":13,"column":68}},"6":{"start":{"line":15,"column":39},"end":{"line":15,"column":93}},"7":{"start":{"line":19,"column":32},"end":{"line":19,"column":54}},"8":{"start":{"line":22,"column":4},"end":{"line":22,"column":31}},"9":{"start":{"line":52,"column":15},"end":{"line":52,"column":41}},"10":{"start":{"line":57,"column":0},"end":{"line":57,"column":41}},"11":{"start":{"line":62,"column":0},"end":{"line":62,"column":47}},"12":{"start":{"line":68,"column":0},"end":{"line":68,"column":53}},"13":{"start":{"line":73,"column":0},"end":{"line":73,"column":62}},"14":{"start":{"line":78,"column":0},"end":{"line":78,"column":59}},"15":{"start":{"line":79,"column":0},"end":{"line":79,"column":24}}},"fnMap":{"0":{"name":"_interopRequireDefault","decl":{"start":{"line":15,"column":9},"end":{"line":15,"column":31}},"loc":{"start":{"line":15,"column":37},"end":{"line":15,"column":95}},"line":15}},"branchMap":{"0":{"loc":{"start":{"line":15,"column":46},"end":{"line":15,"column":92}},"type":"cond-expr","locations":[{"start":{"line":15,"column":70},"end":{"line":15,"column":73}},{"start":{"line":15,"column":76},"end":{"line":15,"column":92}}],"line":15},"1":{"loc":{"start":{"line":15,"column":46},"end":{"line":15,"column":67}},"type":"binary-expr","locations":[{"start":{"line":15,"column":46},"end":{"line":15,"column":49}},{"start":{"line":15,"column":53},"end":{"line":15,"column":67}}],"line":15}},"s":{"0":1,"1":1,"2":1,"3":1,"4":1,"5":1,"6":3,"7":1,"8":1,"9":1,"10":1,"11":1,"12":1,"13":1,"14":1,"15":1},"f":{"0":3},"b":{"0":[2,1],"1":[3,3]},"_coverageSchema":"43e27e138ebf9cfc5966b082cf9a028302ed4184","hash":"9d475a1213d72fdc8cd20e40b9581fa831faa474","contentHash":"09134adcab0813fb5046d93317c24284"},"C:\\xampp\\htdocs\\web_dev\\storemanager\\server\\middleware\\authenticate.js":{"path":"C:\\xampp\\htdocs\\web_dev\\storemanager\\server\\middleware\\authenticate.js","statementMap":{"0":{"start":{"line":3,"column":0},"end":{"line":5,"column":3}},"1":{"start":{"line":7,"column":20},"end":{"line":7,"column":43}},"2":{"start":{"line":9,"column":21},"end":{"line":9,"column":58}},"3":{"start":{"line":11,"column":14},"end":{"line":11,"column":31}},"4":{"start":{"line":13,"column":15},"end":{"line":13,"column":46}},"5":{"start":{"line":15,"column":39},"end":{"line":15,"column":93}},"6":{"start":{"line":17,"column":0},"end":{"line":17,"column":26}},"7":{"start":{"line":21,"column":26},"end":{"line":21,"column":37}},"8":{"start":{"line":25,"column":4},"end":{"line":32,"column":5}},"9":{"start":{"line":26,"column":20},"end":{"line":26,"column":59}},"10":{"start":{"line":27,"column":22},"end":{"line":27,"column":73}},"11":{"start":{"line":28,"column":6},"end":{"line":28,"column":25}},"12":{"start":{"line":29,"column":6},"end":{"line":29,"column":13}},"13":{"start":{"line":31,"column":6},"end":{"line":31,"column":63}},"14":{"start":{"line":37,"column":4},"end":{"line":39,"column":5}},"15":{"start":{"line":38,"column":6},"end":{"line":38,"column":63}},"16":{"start":{"line":40,"column":4},"end":{"line":40,"column":11}},"17":{"start":{"line":54,"column":4},"end":{"line":56,"column":5}},"18":{"start":{"line":55,"column":6},"end":{"line":55,"column":63}},"19":{"start":{"line":57,"column":4},"end":{"line":57,"column":11}},"20":{"start":{"line":61,"column":0},"end":{"line":61,"column":31}}},"fnMap":{"0":{"name":"_interopRequireDefault","decl":{"start":{"line":15,"column":9},"end":{"line":15,"column":31}},"loc":{"start":{"line":15,"column":37},"end":{"line":15,"column":95}},"line":15},"1":{"name":"(anonymous_1)","decl":{"start":{"line":24,"column":2},"end":{"line":24,"column":3}},"loc":{"start":{"line":24,"column":36},"end":{"line":33,"column":3}},"line":24},"2":{"name":"(anonymous_2)","decl":{"start":{"line":36,"column":2},"end":{"line":36,"column":3}},"loc":{"start":{"line":36,"column":33},"end":{"line":41,"column":3}},"line":36},"3":{"name":"(anonymous_3)","decl":{"start":{"line":53,"column":2},"end":{"line":53,"column":3}},"loc":{"start":{"line":53,"column":42},"end":{"line":58,"column":3}},"line":53}},"branchMap":{"0":{"loc":{"start":{"line":15,"column":46},"end":{"line":15,"column":92}},"type":"cond-expr","locations":[{"start":{"line":15,"column":70},"end":{"line":15,"column":73}},{"start":{"line":15,"column":76},"end":{"line":15,"column":92}}],"line":15},"1":{"loc":{"start":{"line":15,"column":46},"end":{"line":15,"column":67}},"type":"binary-expr","locations":[{"start":{"line":15,"column":46},"end":{"line":15,"column":49}},{"start":{"line":15,"column":53},"end":{"line":15,"column":67}}],"line":15},"2":{"loc":{"start":{"line":37,"column":4},"end":{"line":39,"column":5}},"type":"if","locations":[{"start":{"line":37,"column":4},"end":{"line":39,"column":5}},{"start":{"line":37,"column":4},"end":{"line":39,"column":5}}],"line":37},"3":{"loc":{"start":{"line":54,"column":4},"end":{"line":56,"column":5}},"type":"if","locations":[{"start":{"line":54,"column":4},"end":{"line":56,"column":5}},{"start":{"line":54,"column":4},"end":{"line":56,"column":5}}],"line":54}},"s":{"0":1,"1":1,"2":1,"3":1,"4":1,"5":2,"6":1,"7":1,"8":48,"9":48,"10":41,"11":41,"12":41,"13":7,"14":17,"15":3,"16":14,"17":5,"18":1,"19":4,"20":1},"f":{"0":2,"1":48,"2":17,"3":5},"b":{"0":[0,2],"1":[2,2],"2":[3,14],"3":[1,4]},"_coverageSchema":"43e27e138ebf9cfc5966b082cf9a028302ed4184","hash":"37c54617a4a0607882cd92b311ba52a13c338c3b","contentHash":"2509a96404530d9599cdaf43ef7e0f78"},"C:\\xampp\\htdocs\\web_dev\\storemanager\\server\\controllers\\productController.js":{"path":"C:\\xampp\\htdocs\\web_dev\\storemanager\\server\\controllers\\productController.js","statementMap":{"0":{"start":{"line":3,"column":0},"end":{"line":5,"column":3}},"1":{"start":{"line":7,"column":9},"end":{"line":7,"column":27}},"2":{"start":{"line":9,"column":10},"end":{"line":9,"column":36}},"3":{"start":{"line":11,"column":10},"end":{"line":11,"column":33}},"4":{"start":{"line":13,"column":11},"end":{"line":13,"column":38}},"5":{"start":{"line":15,"column":16},"end":{"line":15,"column":49}},"6":{"start":{"line":17,"column":17},"end":{"line":17,"column":50}},"7":{"start":{"line":19,"column":39},"end":{"line":19,"column":93}},"8":{"start":{"line":33,"column":32},"end":{"line":33,"column":81}},"9":{"start":{"line":35,"column":4},"end":{"line":37,"column":5}},"10":{"start":{"line":36,"column":6},"end":{"line":36,"column":42}},"11":{"start":{"line":39,"column":23},"end":{"line":39,"column":55}},"12":{"start":{"line":40,"column":4},"end":{"line":43,"column":5}},"13":{"start":{"line":46,"column":8},"end":{"line":46,"column":16}},"14":{"start":{"line":47,"column":17},"end":{"line":47,"column":32}},"15":{"start":{"line":49,"column":17},"end":{"line":52,"column":16}},"16":{"start":{"line":53,"column":19},"end":{"line":53,"column":101}},"17":{"start":{"line":55,"column":4},"end":{"line":66,"column":7}},"18":{"start":{"line":56,"column":23},"end":{"line":56,"column":36}},"19":{"start":{"line":57,"column":6},"end":{"line":60,"column":8}},"20":{"start":{"line":62,"column":6},"end":{"line":62,"column":93}},"21":{"start":{"line":79,"column":26},"end":{"line":79,"column":51}},"22":{"start":{"line":80,"column":4},"end":{"line":88,"column":7}},"23":{"start":{"line":81,"column":6},"end":{"line":83,"column":7}},"24":{"start":{"line":82,"column":8},"end":{"line":82,"column":69}},"25":{"start":{"line":84,"column":6},"end":{"line":84,"column":51}},"26":{"start":{"line":101,"column":19},"end":{"line":101,"column":29}},"27":{"start":{"line":103,"column":17},"end":{"line":103,"column":55}},"28":{"start":{"line":104,"column":30},"end":{"line":104,"column":34}},"29":{"start":{"line":105,"column":4},"end":{"line":113,"column":7}},"30":{"start":{"line":106,"column":6},"end":{"line":108,"column":7}},"31":{"start":{"line":107,"column":8},"end":{"line":107,"column":85}},"32":{"start":{"line":109,"column":6},"end":{"line":109,"column":42}},"33":{"start":{"line":126,"column":19},"end":{"line":126,"column":29}},"34":{"start":{"line":127,"column":17},"end":{"line":127,"column":55}},"35":{"start":{"line":128,"column":30},"end":{"line":128,"column":34}},"36":{"start":{"line":129,"column":4},"end":{"line":146,"column":7}},"37":{"start":{"line":130,"column":6},"end":{"line":132,"column":7}},"38":{"start":{"line":131,"column":8},"end":{"line":131,"column":85}},"39":{"start":{"line":133,"column":32},"end":{"line":133,"column":80}},"40":{"start":{"line":134,"column":38},"end":{"line":134,"column":42}},"41":{"start":{"line":135,"column":6},"end":{"line":142,"column":9}},"42":{"start":{"line":136,"column":8},"end":{"line":138,"column":9}},"43":{"start":{"line":137,"column":10},"end":{"line":137,"column":98}},"44":{"start":{"line":159,"column":19},"end":{"line":159,"column":29}},"45":{"start":{"line":161,"column":23},"end":{"line":161,"column":55}},"46":{"start":{"line":162,"column":4},"end":{"line":165,"column":5}},"47":{"start":{"line":168,"column":8},"end":{"line":168,"column":16}},"48":{"start":{"line":170,"column":17},"end":{"line":170,"column":156}},"49":{"start":{"line":171,"column":19},"end":{"line":171,"column":85}},"50":{"start":{"line":173,"column":4},"end":{"line":178,"column":7}},"51":{"start":{"line":174,"column":6},"end":{"line":174,"column":49}},"52":{"start":{"line":182,"column":0},"end":{"line":182,"column":36}}},"fnMap":{"0":{"name":"_interopRequireDefault","decl":{"start":{"line":19,"column":9},"end":{"line":19,"column":31}},"loc":{"start":{"line":19,"column":37},"end":{"line":19,"column":95}},"line":19},"1":{"name":"(anonymous_1)","decl":{"start":{"line":32,"column":2},"end":{"line":32,"column":3}},"loc":{"start":{"line":32,"column":33},"end":{"line":67,"column":3}},"line":32},"2":{"name":"(anonymous_2)","decl":{"start":{"line":55,"column":42},"end":{"line":55,"column":43}},"loc":{"start":{"line":55,"column":51},"end":{"line":63,"column":5}},"line":55},"3":{"name":"(anonymous_3)","decl":{"start":{"line":63,"column":13},"end":{"line":63,"column":14}},"loc":{"start":{"line":63,"column":19},"end":{"line":66,"column":5}},"line":63},"4":{"name":"(anonymous_4)","decl":{"start":{"line":78,"column":2},"end":{"line":78,"column":3}},"loc":{"start":{"line":78,"column":31},"end":{"line":89,"column":3}},"line":78},"5":{"name":"(anonymous_5)","decl":{"start":{"line":80,"column":43},"end":{"line":80,"column":44}},"loc":{"start":{"line":80,"column":57},"end":{"line":85,"column":5}},"line":80},"6":{"name":"(anonymous_6)","decl":{"start":{"line":85,"column":13},"end":{"line":85,"column":14}},"loc":{"start":{"line":85,"column":19},"end":{"line":88,"column":5}},"line":85},"7":{"name":"(anonymous_7)","decl":{"start":{"line":100,"column":2},"end":{"line":100,"column":3}},"loc":{"start":{"line":100,"column":34},"end":{"line":114,"column":3}},"line":100},"8":{"name":"(anonymous_8)","decl":{"start":{"line":105,"column":53},"end":{"line":105,"column":54}},"loc":{"start":{"line":105,"column":67},"end":{"line":110,"column":5}},"line":105},"9":{"name":"(anonymous_9)","decl":{"start":{"line":110,"column":13},"end":{"line":110,"column":14}},"loc":{"start":{"line":110,"column":19},"end":{"line":113,"column":5}},"line":110},"10":{"name":"(anonymous_10)","decl":{"start":{"line":125,"column":2},"end":{"line":125,"column":3}},"loc":{"start":{"line":125,"column":37},"end":{"line":147,"column":3}},"line":125},"11":{"name":"(anonymous_11)","decl":{"start":{"line":129,"column":53},"end":{"line":129,"column":54}},"loc":{"start":{"line":129,"column":67},"end":{"line":143,"column":5}},"line":129},"12":{"name":"(anonymous_12)","decl":{"start":{"line":135,"column":74},"end":{"line":135,"column":75}},"loc":{"start":{"line":135,"column":83},"end":{"line":139,"column":7}},"line":135},"13":{"name":"(anonymous_13)","decl":{"start":{"line":139,"column":15},"end":{"line":139,"column":16}},"loc":{"start":{"line":139,"column":21},"end":{"line":142,"column":7}},"line":139},"14":{"name":"(anonymous_14)","decl":{"start":{"line":143,"column":13},"end":{"line":143,"column":14}},"loc":{"start":{"line":143,"column":19},"end":{"line":146,"column":5}},"line":143},"15":{"name":"(anonymous_15)","decl":{"start":{"line":158,"column":2},"end":{"line":158,"column":3}},"loc":{"start":{"line":158,"column":37},"end":{"line":179,"column":3}},"line":158},"16":{"name":"(anonymous_16)","decl":{"start":{"line":173,"column":42},"end":{"line":173,"column":43}},"loc":{"start":{"line":173,"column":51},"end":{"line":175,"column":5}},"line":173},"17":{"name":"(anonymous_17)","decl":{"start":{"line":175,"column":13},"end":{"line":175,"column":14}},"loc":{"start":{"line":175,"column":19},"end":{"line":178,"column":5}},"line":175}},"branchMap":{"0":{"loc":{"start":{"line":19,"column":46},"end":{"line":19,"column":92}},"type":"cond-expr","locations":[{"start":{"line":19,"column":70},"end":{"line":19,"column":73}},{"start":{"line":19,"column":76},"end":{"line":19,"column":92}}],"line":19},"1":{"loc":{"start":{"line":19,"column":46},"end":{"line":19,"column":67}},"type":"binary-expr","locations":[{"start":{"line":19,"column":46},"end":{"line":19,"column":49}},{"start":{"line":19,"column":53},"end":{"line":19,"column":67}}],"line":19},"2":{"loc":{"start":{"line":35,"column":4},"end":{"line":37,"column":5}},"type":"if","locations":[{"start":{"line":35,"column":4},"end":{"line":37,"column":5}},{"start":{"line":35,"column":4},"end":{"line":37,"column":5}}],"line":35},"3":{"loc":{"start":{"line":40,"column":4},"end":{"line":43,"column":5}},"type":"if","locations":[{"start":{"line":40,"column":4},"end":{"line":43,"column":5}},{"start":{"line":40,"column":4},"end":{"line":43,"column":5}}],"line":40},"4":{"loc":{"start":{"line":81,"column":6},"end":{"line":83,"column":7}},"type":"if","locations":[{"start":{"line":81,"column":6},"end":{"line":83,"column":7}},{"start":{"line":81,"column":6},"end":{"line":83,"column":7}}],"line":81},"5":{"loc":{"start":{"line":106,"column":6},"end":{"line":108,"column":7}},"type":"if","locations":[{"start":{"line":106,"column":6},"end":{"line":108,"column":7}},{"start":{"line":106,"column":6},"end":{"line":108,"column":7}}],"line":106},"6":{"loc":{"start":{"line":130,"column":6},"end":{"line":132,"column":7}},"type":"if","locations":[{"start":{"line":130,"column":6},"end":{"line":132,"column":7}},{"start":{"line":130,"column":6},"end":{"line":132,"column":7}}],"line":130},"7":{"loc":{"start":{"line":136,"column":8},"end":{"line":138,"column":9}},"type":"if","locations":[{"start":{"line":136,"column":8},"end":{"line":138,"column":9}},{"start":{"line":136,"column":8},"end":{"line":138,"column":9}}],"line":136},"8":{"loc":{"start":{"line":162,"column":4},"end":{"line":165,"column":5}},"type":"if","locations":[{"start":{"line":162,"column":4},"end":{"line":165,"column":5}},{"start":{"line":162,"column":4},"end":{"line":165,"column":5}}],"line":162}},"s":{"0":1,"1":1,"2":1,"3":1,"4":1,"5":1,"6":1,"7":3,"8":2,"9":2,"10":1,"11":1,"12":1,"13":1,"14":1,"15":1,"16":1,"17":1,"18":1,"19":1,"20":1,"21":12,"22":12,"23":12,"24":0,"25":12,"26":3,"27":3,"28":3,"29":3,"30":2,"31":1,"32":1,"33":3,"34":3,"35":3,"36":3,"37":2,"38":1,"39":1,"40":1,"41":1,"42":1,"43":1,"44":2,"45":2,"46":2,"47":2,"48":2,"49":2,"50":2,"51":1,"52":1},"f":{"0":3,"1":2,"2":1,"3":0,"4":12,"5":12,"6":0,"7":3,"8":2,"9":1,"10":3,"11":2,"12":1,"13":0,"14":1,"15":2,"16":1,"17":1},"b":{"0":[1,2],"1":[3,3],"2":[1,1],"3":[0,1],"4":[0,12],"5":[1,1],"6":[1,1],"7":[1,0],"8":[0,2]},"_coverageSchema":"43e27e138ebf9cfc5966b082cf9a028302ed4184","hash":"42ee7b86898cb30a838ebd8bb0cb328d812da4d0","contentHash":"cf09db6aa985bb1bb6e6b51d81be94a4"},"C:\\xampp\\htdocs\\web_dev\\storemanager\\server\\models\\db.js":{"path":"C:\\xampp\\htdocs\\web_dev\\storemanager\\server\\models\\db.js","statementMap":{"0":{"start":{"line":3,"column":0},"end":{"line":5,"column":3}},"1":{"start":{"line":7,"column":10},"end":{"line":7,"column":23}},"2":{"start":{"line":9,"column":14},"end":{"line":9,"column":31}},"3":{"start":{"line":11,"column":15},"end":{"line":11,"column":46}},"4":{"start":{"line":13,"column":39},"end":{"line":13,"column":93}},"5":{"start":{"line":15,"column":0},"end":{"line":15,"column":26}},"6":{"start":{"line":19,"column":13},"end":{"line":21,"column":2}},"7":{"start":{"line":23,"column":0},"end":{"line":39,"column":2}},"8":{"start":{"line":31,"column":4},"end":{"line":37,"column":7}},"9":{"start":{"line":32,"column":6},"end":{"line":36,"column":9}},"10":{"start":{"line":33,"column":8},"end":{"line":33,"column":21}},"11":{"start":{"line":35,"column":8},"end":{"line":35,"column":20}}},"fnMap":{"0":{"name":"_interopRequireDefault","decl":{"start":{"line":13,"column":9},"end":{"line":13,"column":31}},"loc":{"start":{"line":13,"column":37},"end":{"line":13,"column":95}},"line":13},"1":{"name":"(anonymous_1)","decl":{"start":{"line":30,"column":2},"end":{"line":30,"column":3}},"loc":{"start":{"line":30,"column":22},"end":{"line":38,"column":3}},"line":30},"2":{"name":"(anonymous_2)","decl":{"start":{"line":31,"column":23},"end":{"line":31,"column":24}},"loc":{"start":{"line":31,"column":44},"end":{"line":37,"column":5}},"line":31},"3":{"name":"(anonymous_3)","decl":{"start":{"line":32,"column":36},"end":{"line":32,"column":37}},"loc":{"start":{"line":32,"column":43},"end":{"line":34,"column":7}},"line":32},"4":{"name":"(anonymous_4)","decl":{"start":{"line":34,"column":15},"end":{"line":34,"column":16}},"loc":{"start":{"line":34,"column":22},"end":{"line":36,"column":7}},"line":34}},"branchMap":{"0":{"loc":{"start":{"line":13,"column":46},"end":{"line":13,"column":92}},"type":"cond-expr","locations":[{"start":{"line":13,"column":70},"end":{"line":13,"column":73}},{"start":{"line":13,"column":76},"end":{"line":13,"column":92}}],"line":13},"1":{"loc":{"start":{"line":13,"column":46},"end":{"line":13,"column":67}},"type":"binary-expr","locations":[{"start":{"line":13,"column":46},"end":{"line":13,"column":49}},{"start":{"line":13,"column":53},"end":{"line":13,"column":67}}],"line":13}},"s":{"0":1,"1":1,"2":1,"3":1,"4":1,"5":1,"6":1,"7":1,"8":49,"9":49,"10":46,"11":3},"f":{"0":1,"1":49,"2":49,"3":46,"4":3},"b":{"0":[0,1],"1":[1,1]},"_coverageSchema":"43e27e138ebf9cfc5966b082cf9a028302ed4184","hash":"a83b43dffc5acf4fa56b6603d58db3ca5a6ebbd9","contentHash":"55429581d0b2b2b7771b42c898d2acd0"},"C:\\xampp\\htdocs\\web_dev\\storemanager\\server\\validation\\products.js":{"path":"C:\\xampp\\htdocs\\web_dev\\storemanager\\server\\validation\\products.js","statementMap":{"0":{"start":{"line":3,"column":17},"end":{"line":3,"column":37}},"1":{"start":{"line":5,"column":18},"end":{"line":5,"column":52}},"2":{"start":{"line":7,"column":15},"end":{"line":7,"column":35}},"3":{"start":{"line":9,"column":16},"end":{"line":9,"column":48}},"4":{"start":{"line":11,"column":39},"end":{"line":11,"column":93}},"5":{"start":{"line":13,"column":29},"end":{"line":41,"column":1}},"6":{"start":{"line":14,"column":17},"end":{"line":14,"column":19}},"7":{"start":{"line":15,"column":15},"end":{"line":15,"column":20}},"8":{"start":{"line":16,"column":2},"end":{"line":16,"column":66}},"9":{"start":{"line":17,"column":2},"end":{"line":17,"column":87}},"10":{"start":{"line":18,"column":2},"end":{"line":18,"column":78}},"11":{"start":{"line":19,"column":2},"end":{"line":19,"column":69}},"12":{"start":{"line":21,"column":2},"end":{"line":23,"column":3}},"13":{"start":{"line":22,"column":4},"end":{"line":22,"column":43}},"14":{"start":{"line":25,"column":2},"end":{"line":27,"column":3}},"15":{"start":{"line":26,"column":4},"end":{"line":26,"column":57}},"16":{"start":{"line":29,"column":2},"end":{"line":31,"column":3}},"17":{"start":{"line":30,"column":4},"end":{"line":30,"column":45}},"18":{"start":{"line":33,"column":2},"end":{"line":35,"column":3}},"19":{"start":{"line":34,"column":4},"end":{"line":34,"column":51}},"20":{"start":{"line":37,"column":2},"end":{"line":40,"column":4}},"21":{"start":{"line":43,"column":0},"end":{"line":45,"column":2}}},"fnMap":{"0":{"name":"_interopRequireDefault","decl":{"start":{"line":11,"column":9},"end":{"line":11,"column":31}},"loc":{"start":{"line":11,"column":37},"end":{"line":11,"column":95}},"line":11},"1":{"name":"(anonymous_1)","decl":{"start":{"line":13,"column":29},"end":{"line":13,"column":30}},"loc":{"start":{"line":13,"column":38},"end":{"line":41,"column":1}},"line":13}},"branchMap":{"0":{"loc":{"start":{"line":11,"column":46},"end":{"line":11,"column":92}},"type":"cond-expr","locations":[{"start":{"line":11,"column":70},"end":{"line":11,"column":73}},{"start":{"line":11,"column":76},"end":{"line":11,"column":92}}],"line":11},"1":{"loc":{"start":{"line":11,"column":46},"end":{"line":11,"column":67}},"type":"binary-expr","locations":[{"start":{"line":11,"column":46},"end":{"line":11,"column":49}},{"start":{"line":11,"column":53},"end":{"line":11,"column":67}}],"line":11},"2":{"loc":{"start":{"line":16,"column":14},"end":{"line":16,"column":65}},"type":"cond-expr","locations":[{"start":{"line":16,"column":51},"end":{"line":16,"column":60}},{"start":{"line":16,"column":63},"end":{"line":16,"column":65}}],"line":16},"3":{"loc":{"start":{"line":17,"column":21},"end":{"line":17,"column":86}},"type":"cond-expr","locations":[{"start":{"line":17,"column":65},"end":{"line":17,"column":81}},{"start":{"line":17,"column":84},"end":{"line":17,"column":86}}],"line":17},"4":{"loc":{"start":{"line":18,"column":18},"end":{"line":18,"column":77}},"type":"cond-expr","locations":[{"start":{"line":18,"column":59},"end":{"line":18,"column":72}},{"start":{"line":18,"column":75},"end":{"line":18,"column":77}}],"line":18},"5":{"loc":{"start":{"line":19,"column":15},"end":{"line":19,"column":68}},"type":"cond-expr","locations":[{"start":{"line":19,"column":53},"end":{"line":19,"column":63}},{"start":{"line":19,"column":66},"end":{"line":19,"column":68}}],"line":19},"6":{"loc":{"start":{"line":21,"column":2},"end":{"line":23,"column":3}},"type":"if","locations":[{"start":{"line":21,"column":2},"end":{"line":23,"column":3}},{"start":{"line":21,"column":2},"end":{"line":23,"column":3}}],"line":21},"7":{"loc":{"start":{"line":25,"column":2},"end":{"line":27,"column":3}},"type":"if","locations":[{"start":{"line":25,"column":2},"end":{"line":27,"column":3}},{"start":{"line":25,"column":2},"end":{"line":27,"column":3}}],"line":25},"8":{"loc":{"start":{"line":29,"column":2},"end":{"line":31,"column":3}},"type":"if","locations":[{"start":{"line":29,"column":2},"end":{"line":31,"column":3}},{"start":{"line":29,"column":2},"end":{"line":31,"column":3}}],"line":29},"9":{"loc":{"start":{"line":33,"column":2},"end":{"line":35,"column":3}},"type":"if","locations":[{"start":{"line":33,"column":2},"end":{"line":35,"column":3}},{"start":{"line":33,"column":2},"end":{"line":35,"column":3}}],"line":33}},"s":{"0":1,"1":1,"2":1,"3":1,"4":2,"5":1,"6":4,"7":4,"8":4,"9":4,"10":4,"11":4,"12":4,"13":1,"14":4,"15":2,"16":4,"17":2,"18":4,"19":2,"20":4,"21":1},"f":{"0":2,"1":4},"b":{"0":[0,2],"1":[2,2],"2":[3,1],"3":[2,2],"4":[2,2],"5":[2,2],"6":[1,3],"7":[2,2],"8":[2,2],"9":[2,2]},"_coverageSchema":"43e27e138ebf9cfc5966b082cf9a028302ed4184","hash":"f7fa553e96b6b269d0f8625f42cb10eec4e5889e","contentHash":"8ab01305350b96591d5ba8ce009ff4b6"},"C:\\xampp\\htdocs\\web_dev\\storemanager\\server\\validation\\isEmpty.js":{"path":"C:\\xampp\\htdocs\\web_dev\\storemanager\\server\\validation\\isEmpty.js","statementMap":{"0":{"start":{"line":3,"column":16},"end":{"line":8,"column":1}},"1":{"start":{"line":4,"column":2},"end":{"line":6,"column":3}},"2":{"start":{"line":5,"column":4},"end":{"line":5,"column":16}},"3":{"start":{"line":7,"column":2},"end":{"line":7,"column":15}},"4":{"start":{"line":10,"column":0},"end":{"line":10,"column":25}}},"fnMap":{"0":{"name":"(anonymous_0)","decl":{"start":{"line":3,"column":16},"end":{"line":3,"column":17}},"loc":{"start":{"line":3,"column":25},"end":{"line":8,"column":1}},"line":3}},"branchMap":{"0":{"loc":{"start":{"line":4,"column":2},"end":{"line":6,"column":3}},"type":"if","locations":[{"start":{"line":4,"column":2},"end":{"line":6,"column":3}},{"start":{"line":4,"column":2},"end":{"line":6,"column":3}}],"line":4},"1":{"loc":{"start":{"line":4,"column":6},"end":{"line":4,"column":165}},"type":"binary-expr","locations":[{"start":{"line":4,"column":6},"end":{"line":4,"column":25}},{"start":{"line":4,"column":29},"end":{"line":4,"column":43}},{"start":{"line":4,"column":47},"end":{"line":4,"column":72}},{"start":{"line":4,"column":76},"end":{"line":4,"column":107}},{"start":{"line":4,"column":111},"end":{"line":4,"column":136}},{"start":{"line":4,"column":140},"end":{"line":4,"column":165}}],"line":4}},"s":{"0":1,"1":113,"2":57,"3":56,"4":1},"f":{"0":113},"b":{"0":[57,56],"1":[113,78,78,31,57,47]},"_coverageSchema":"43e27e138ebf9cfc5966b082cf9a028302ed4184","hash":"b1f48d4d86c30c4e06fe60a82a86f4a3d9d1111b","contentHash":"9e01cc94712967ee26c7aaac738303e5"},"C:\\xampp\\htdocs\\web_dev\\storemanager\\server\\routes\\api\\v1\\sales.js":{"path":"C:\\xampp\\htdocs\\web_dev\\storemanager\\server\\routes\\api\\v1\\sales.js","statementMap":{"0":{"start":{"line":3,"column":15},"end":{"line":3,"column":33}},"1":{"start":{"line":5,"column":16},"end":{"line":5,"column":48}},"2":{"start":{"line":7,"column":20},"end":{"line":7,"column":63}},"3":{"start":{"line":9,"column":21},"end":{"line":9,"column":58}},"4":{"start":{"line":11,"column":22},"end":{"line":11,"column":68}},"5":{"start":{"line":13,"column":23},"end":{"line":13,"column":62}},"6":{"start":{"line":15,"column":28},"end":{"line":15,"column":88}},"7":{"start":{"line":17,"column":29},"end":{"line":17,"column":74}},"8":{"start":{"line":19,"column":39},"end":{"line":19,"column":93}},"9":{"start":{"line":22,"column":50},"end":{"line":22,"column":72}},"10":{"start":{"line":23,"column":46},"end":{"line":23,"column":70}},"11":{"start":{"line":24,"column":39},"end":{"line":24,"column":69}},"12":{"start":{"line":25,"column":15},"end":{"line":25,"column":41}},"13":{"start":{"line":30,"column":0},"end":{"line":30,"column":47}},"14":{"start":{"line":35,"column":0},"end":{"line":35,"column":44}},"15":{"start":{"line":40,"column":0},"end":{"line":40,"column":87}},"16":{"start":{"line":42,"column":0},"end":{"line":42,"column":24}}},"fnMap":{"0":{"name":"_interopRequireDefault","decl":{"start":{"line":19,"column":9},"end":{"line":19,"column":31}},"loc":{"start":{"line":19,"column":37},"end":{"line":19,"column":95}},"line":19}},"branchMap":{"0":{"loc":{"start":{"line":19,"column":46},"end":{"line":19,"column":92}},"type":"cond-expr","locations":[{"start":{"line":19,"column":70},"end":{"line":19,"column":73}},{"start":{"line":19,"column":76},"end":{"line":19,"column":92}}],"line":19},"1":{"loc":{"start":{"line":19,"column":46},"end":{"line":19,"column":67}},"type":"binary-expr","locations":[{"start":{"line":19,"column":46},"end":{"line":19,"column":49}},{"start":{"line":19,"column":53},"end":{"line":19,"column":67}}],"line":19}},"s":{"0":1,"1":1,"2":1,"3":1,"4":1,"5":1,"6":1,"7":1,"8":4,"9":1,"10":1,"11":1,"12":1,"13":1,"14":1,"15":1,"16":1},"f":{"0":4},"b":{"0":[3,1],"1":[4,4]},"_coverageSchema":"43e27e138ebf9cfc5966b082cf9a028302ed4184","hash":"79a51a443a769981e998502cde7c4eedc3d0af6d","contentHash":"eee60fabc8e15f178a724b3b0430e21f"},"C:\\xampp\\htdocs\\web_dev\\storemanager\\server\\controllers\\saleController.js":{"path":"C:\\xampp\\htdocs\\web_dev\\storemanager\\server\\controllers\\saleController.js","statementMap":{"0":{"start":{"line":3,"column":0},"end":{"line":5,"column":3}},"1":{"start":{"line":7,"column":9},"end":{"line":7,"column":27}},"2":{"start":{"line":9,"column":10},"end":{"line":9,"column":36}},"3":{"start":{"line":11,"column":10},"end":{"line":11,"column":33}},"4":{"start":{"line":13,"column":11},"end":{"line":13,"column":38}},"5":{"start":{"line":15,"column":39},"end":{"line":15,"column":93}},"6":{"start":{"line":28,"column":17},"end":{"line":31,"column":16}},"7":{"start":{"line":32,"column":19},"end":{"line":32,"column":117}},"8":{"start":{"line":34,"column":4},"end":{"line":40,"column":7}},"9":{"start":{"line":35,"column":23},"end":{"line":35,"column":36}},"10":{"start":{"line":36,"column":6},"end":{"line":36,"column":90}},"11":{"start":{"line":54,"column":23},"end":{"line":54,"column":45}},"12":{"start":{"line":55,"column":4},"end":{"line":63,"column":7}},"13":{"start":{"line":56,"column":6},"end":{"line":58,"column":7}},"14":{"start":{"line":57,"column":8},"end":{"line":57,"column":66}},"15":{"start":{"line":59,"column":6},"end":{"line":59,"column":51}},"16":{"start":{"line":78,"column":4},"end":{"line":80,"column":5}},"17":{"start":{"line":79,"column":6},"end":{"line":79,"column":63}},"18":{"start":{"line":82,"column":19},"end":{"line":82,"column":29}},"19":{"start":{"line":84,"column":17},"end":{"line":84,"column":52}},"20":{"start":{"line":85,"column":27},"end":{"line":85,"column":31}},"21":{"start":{"line":86,"column":4},"end":{"line":102,"column":7}},"22":{"start":{"line":87,"column":19},"end":{"line":87,"column":37}},"23":{"start":{"line":88,"column":6},"end":{"line":90,"column":7}},"24":{"start":{"line":89,"column":8},"end":{"line":89,"column":82}},"25":{"start":{"line":92,"column":6},"end":{"line":97,"column":7}},"26":{"start":{"line":94,"column":8},"end":{"line":96,"column":9}},"27":{"start":{"line":95,"column":10},"end":{"line":95,"column":67}},"28":{"start":{"line":98,"column":6},"end":{"line":98,"column":28}},"29":{"start":{"line":107,"column":0},"end":{"line":107,"column":33}}},"fnMap":{"0":{"name":"_interopRequireDefault","decl":{"start":{"line":15,"column":9},"end":{"line":15,"column":31}},"loc":{"start":{"line":15,"column":37},"end":{"line":15,"column":95}},"line":15},"1":{"name":"(anonymous_1)","decl":{"start":{"line":27,"column":2},"end":{"line":27,"column":3}},"loc":{"start":{"line":27,"column":30},"end":{"line":41,"column":3}},"line":27},"2":{"name":"(anonymous_2)","decl":{"start":{"line":34,"column":42},"end":{"line":34,"column":43}},"loc":{"start":{"line":34,"column":51},"end":{"line":37,"column":5}},"line":34},"3":{"name":"(anonymous_3)","decl":{"start":{"line":37,"column":13},"end":{"line":37,"column":14}},"loc":{"start":{"line":37,"column":19},"end":{"line":40,"column":5}},"line":37},"4":{"name":"(anonymous_4)","decl":{"start":{"line":52,"column":2},"end":{"line":52,"column":3}},"loc":{"start":{"line":52,"column":28},"end":{"line":64,"column":3}},"line":52},"5":{"name":"(anonymous_5)","decl":{"start":{"line":55,"column":40},"end":{"line":55,"column":41}},"loc":{"start":{"line":55,"column":54},"end":{"line":60,"column":5}},"line":55},"6":{"name":"(anonymous_6)","decl":{"start":{"line":60,"column":13},"end":{"line":60,"column":14}},"loc":{"start":{"line":60,"column":19},"end":{"line":63,"column":5}},"line":60},"7":{"name":"(anonymous_7)","decl":{"start":{"line":75,"column":2},"end":{"line":75,"column":3}},"loc":{"start":{"line":75,"column":31},"end":{"line":103,"column":3}},"line":75},"8":{"name":"(anonymous_8)","decl":{"start":{"line":86,"column":50},"end":{"line":86,"column":51}},"loc":{"start":{"line":86,"column":64},"end":{"line":99,"column":5}},"line":86},"9":{"name":"(anonymous_9)","decl":{"start":{"line":99,"column":13},"end":{"line":99,"column":14}},"loc":{"start":{"line":99,"column":19},"end":{"line":102,"column":5}},"line":99}},"branchMap":{"0":{"loc":{"start":{"line":15,"column":46},"end":{"line":15,"column":92}},"type":"cond-expr","locations":[{"start":{"line":15,"column":70},"end":{"line":15,"column":73}},{"start":{"line":15,"column":76},"end":{"line":15,"column":92}}],"line":15},"1":{"loc":{"start":{"line":15,"column":46},"end":{"line":15,"column":67}},"type":"binary-expr","locations":[{"start":{"line":15,"column":46},"end":{"line":15,"column":49}},{"start":{"line":15,"column":53},"end":{"line":15,"column":67}}],"line":15},"2":{"loc":{"start":{"line":56,"column":6},"end":{"line":58,"column":7}},"type":"if","locations":[{"start":{"line":56,"column":6},"end":{"line":58,"column":7}},{"start":{"line":56,"column":6},"end":{"line":58,"column":7}}],"line":56},"3":{"loc":{"start":{"line":78,"column":4},"end":{"line":80,"column":5}},"type":"if","locations":[{"start":{"line":78,"column":4},"end":{"line":80,"column":5}},{"start":{"line":78,"column":4},"end":{"line":80,"column":5}}],"line":78},"4":{"loc":{"start":{"line":78,"column":8},"end":{"line":78,"column":68}},"type":"binary-expr","locations":[{"start":{"line":78,"column":8},"end":{"line":78,"column":36}},{"start":{"line":78,"column":40},"end":{"line":78,"column":68}}],"line":78},"5":{"loc":{"start":{"line":88,"column":6},"end":{"line":90,"column":7}},"type":"if","locations":[{"start":{"line":88,"column":6},"end":{"line":90,"column":7}},{"start":{"line":88,"column":6},"end":{"line":90,"column":7}}],"line":88},"6":{"loc":{"start":{"line":92,"column":6},"end":{"line":97,"column":7}},"type":"if","locations":[{"start":{"line":92,"column":6},"end":{"line":97,"column":7}},{"start":{"line":92,"column":6},"end":{"line":97,"column":7}}],"line":92},"7":{"loc":{"start":{"line":94,"column":8},"end":{"line":96,"column":9}},"type":"if","locations":[{"start":{"line":94,"column":8},"end":{"line":96,"column":9}},{"start":{"line":94,"column":8},"end":{"line":96,"column":9}}],"line":94}},"s":{"0":1,"1":1,"2":1,"3":1,"4":1,"5":2,"6":1,"7":1,"8":1,"9":1,"10":1,"11":4,"12":4,"13":4,"14":0,"15":4,"16":3,"17":0,"18":3,"19":3,"20":3,"21":3,"22":3,"23":3,"24":1,"25":2,"26":1,"27":1,"28":1,"29":1},"f":{"0":2,"1":1,"2":1,"3":0,"4":4,"5":4,"6":0,"7":3,"8":3,"9":0},"b":{"0":[1,1],"1":[2,2],"2":[0,4],"3":[0,3],"4":[3,3],"5":[1,2],"6":[1,1],"7":[1,0]},"_coverageSchema":"43e27e138ebf9cfc5966b082cf9a028302ed4184","hash":"f14c1c757fd2b898cce54dd2214396e51c2cc817","contentHash":"4e709e26582bed5e2e6178215c1950d4"},"C:\\xampp\\htdocs\\web_dev\\storemanager\\server\\controllers\\Helpers\\saleControllerHelper.js":{"path":"C:\\xampp\\htdocs\\web_dev\\storemanager\\server\\controllers\\Helpers\\saleControllerHelper.js","statementMap":{"0":{"start":{"line":3,"column":0},"end":{"line":5,"column":3}},"1":{"start":{"line":7,"column":10},"end":{"line":7,"column":36}},"2":{"start":{"line":9,"column":11},"end":{"line":9,"column":38}},"3":{"start":{"line":11,"column":13},"end":{"line":11,"column":46}},"4":{"start":{"line":13,"column":14},"end":{"line":13,"column":44}},"5":{"start":{"line":15,"column":39},"end":{"line":15,"column":93}},"6":{"start":{"line":29,"column":32},"end":{"line":29,"column":76}},"7":{"start":{"line":32,"column":4},"end":{"line":34,"column":5}},"8":{"start":{"line":33,"column":6},"end":{"line":33,"column":42}},"9":{"start":{"line":35,"column":27},"end":{"line":35,"column":28}},"10":{"start":{"line":36,"column":22},"end":{"line":36,"column":30}},"11":{"start":{"line":37,"column":24},"end":{"line":37,"column":36}},"12":{"start":{"line":38,"column":21},"end":{"line":45,"column":6}},"13":{"start":{"line":39,"column":24},"end":{"line":39,"column":46}},"14":{"start":{"line":41,"column":19},"end":{"line":41,"column":57}},"15":{"start":{"line":42,"column":32},"end":{"line":42,"column":43}},"16":{"start":{"line":43,"column":23},"end":{"line":43,"column":72}},"17":{"start":{"line":44,"column":6},"end":{"line":44,"column":22}},"18":{"start":{"line":48,"column":4},"end":{"line":69,"column":7}},"19":{"start":{"line":50,"column":6},"end":{"line":64,"column":7}},"20":{"start":{"line":51,"column":31},"end":{"line":51,"column":42}},"21":{"start":{"line":53,"column":8},"end":{"line":55,"column":9}},"22":{"start":{"line":54,"column":10},"end":{"line":54,"column":96}},"23":{"start":{"line":57,"column":8},"end":{"line":59,"column":9}},"24":{"start":{"line":58,"column":10},"end":{"line":58,"column":101}},"25":{"start":{"line":60,"column":28},"end":{"line":60,"column":92}},"26":{"start":{"line":61,"column":8},"end":{"line":61,"column":59}},"27":{"start":{"line":62,"column":8},"end":{"line":62,"column":126}},"28":{"start":{"line":63,"column":8},"end":{"line":63,"column":40}},"29":{"start":{"line":65,"column":6},"end":{"line":65,"column":45}},"30":{"start":{"line":66,"column":6},"end":{"line":66,"column":13}},"31":{"start":{"line":68,"column":6},"end":{"line":68,"column":88}},"32":{"start":{"line":83,"column":22},"end":{"line":83,"column":30}},"33":{"start":{"line":84,"column":24},"end":{"line":84,"column":36}},"34":{"start":{"line":85,"column":27},"end":{"line":85,"column":28}},"35":{"start":{"line":87,"column":4},"end":{"line":98,"column":7}},"36":{"start":{"line":88,"column":6},"end":{"line":88,"column":28}},"37":{"start":{"line":90,"column":24},"end":{"line":90,"column":46}},"38":{"start":{"line":91,"column":19},"end":{"line":91,"column":97}},"39":{"start":{"line":92,"column":21},"end":{"line":92,"column":95}},"40":{"start":{"line":93,"column":6},"end":{"line":93,"column":70}},"41":{"start":{"line":94,"column":6},"end":{"line":94,"column":55}},"42":{"start":{"line":95,"column":6},"end":{"line":97,"column":7}},"43":{"start":{"line":96,"column":8},"end":{"line":96,"column":15}},"44":{"start":{"line":102,"column":0},"end":{"line":102,"column":38}}},"fnMap":{"0":{"name":"_interopRequireDefault","decl":{"start":{"line":15,"column":9},"end":{"line":15,"column":31}},"loc":{"start":{"line":15,"column":37},"end":{"line":15,"column":95}},"line":15},"1":{"name":"(anonymous_1)","decl":{"start":{"line":28,"column":2},"end":{"line":28,"column":3}},"loc":{"start":{"line":28,"column":43},"end":{"line":70,"column":3}},"line":28},"2":{"name":"(anonymous_2)","decl":{"start":{"line":38,"column":31},"end":{"line":38,"column":32}},"loc":{"start":{"line":38,"column":52},"end":{"line":45,"column":5}},"line":38},"3":{"name":"(anonymous_3)","decl":{"start":{"line":48,"column":37},"end":{"line":48,"column":38}},"loc":{"start":{"line":48,"column":49},"end":{"line":67,"column":5}},"line":48},"4":{"name":"(anonymous_4)","decl":{"start":{"line":67,"column":13},"end":{"line":67,"column":14}},"loc":{"start":{"line":67,"column":19},"end":{"line":69,"column":5}},"line":67},"5":{"name":"(anonymous_5)","decl":{"start":{"line":82,"column":2},"end":{"line":82,"column":3}},"loc":{"start":{"line":82,"column":39},"end":{"line":99,"column":3}},"line":82},"6":{"name":"(anonymous_6)","decl":{"start":{"line":87,"column":14},"end":{"line":87,"column":15}},"loc":{"start":{"line":87,"column":29},"end":{"line":98,"column":5}},"line":87},"7":{"name":"(anonymous_7)","decl":{"start":{"line":93,"column":44},"end":{"line":93,"column":45}},"loc":{"start":{"line":93,"column":50},"end":{"line":93,"column":52}},"line":93},"8":{"name":"(anonymous_8)","decl":{"start":{"line":93,"column":60},"end":{"line":93,"column":61}},"loc":{"start":{"line":93,"column":66},"end":{"line":93,"column":68}},"line":93}},"branchMap":{"0":{"loc":{"start":{"line":15,"column":46},"end":{"line":15,"column":92}},"type":"cond-expr","locations":[{"start":{"line":15,"column":70},"end":{"line":15,"column":73}},{"start":{"line":15,"column":76},"end":{"line":15,"column":92}}],"line":15},"1":{"loc":{"start":{"line":15,"column":46},"end":{"line":15,"column":67}},"type":"binary-expr","locations":[{"start":{"line":15,"column":46},"end":{"line":15,"column":49}},{"start":{"line":15,"column":53},"end":{"line":15,"column":67}}],"line":15},"2":{"loc":{"start":{"line":32,"column":4},"end":{"line":34,"column":5}},"type":"if","locations":[{"start":{"line":32,"column":4},"end":{"line":34,"column":5}},{"start":{"line":32,"column":4},"end":{"line":34,"column":5}}],"line":32},"3":{"loc":{"start":{"line":53,"column":8},"end":{"line":55,"column":9}},"type":"if","locations":[{"start":{"line":53,"column":8},"end":{"line":55,"column":9}},{"start":{"line":53,"column":8},"end":{"line":55,"column":9}}],"line":53},"4":{"loc":{"start":{"line":57,"column":8},"end":{"line":59,"column":9}},"type":"if","locations":[{"start":{"line":57,"column":8},"end":{"line":59,"column":9}},{"start":{"line":57,"column":8},"end":{"line":59,"column":9}}],"line":57},"5":{"loc":{"start":{"line":95,"column":6},"end":{"line":97,"column":7}},"type":"if","locations":[{"start":{"line":95,"column":6},"end":{"line":97,"column":7}},{"start":{"line":95,"column":6},"end":{"line":97,"column":7}}],"line":95}},"s":{"0":1,"1":1,"2":1,"3":1,"4":1,"5":2,"6":4,"7":4,"8":1,"9":3,"10":3,"11":3,"12":3,"13":5,"14":5,"15":5,"16":5,"17":5,"18":3,"19":3,"20":4,"21":4,"22":1,"23":3,"24":1,"25":2,"26":2,"27":2,"28":2,"29":1,"30":1,"31":0,"32":1,"33":1,"34":1,"35":1,"36":2,"37":2,"38":2,"39":2,"40":2,"41":2,"42":2,"43":1,"44":1},"f":{"0":2,"1":4,"2":5,"3":3,"4":0,"5":1,"6":2,"7":2,"8":0},"b":{"0":[1,1],"1":[2,2],"2":[1,3],"3":[1,3],"4":[1,2],"5":[1,1]},"_coverageSchema":"43e27e138ebf9cfc5966b082cf9a028302ed4184","hash":"b939e890fab37aee703a143ac47e648318bd1e8a","contentHash":"31cfad9d3e36b16608dfc7e2cbe66d0b"},"C:\\xampp\\htdocs\\web_dev\\storemanager\\server\\validation\\sales.js":{"path":"C:\\xampp\\htdocs\\web_dev\\storemanager\\server\\validation\\sales.js","statementMap":{"0":{"start":{"line":3,"column":15},"end":{"line":3,"column":35}},"1":{"start":{"line":5,"column":16},"end":{"line":5,"column":48}},"2":{"start":{"line":7,"column":39},"end":{"line":7,"column":93}},"3":{"start":{"line":9,"column":27},"end":{"line":23,"column":1}},"4":{"start":{"line":10,"column":17},"end":{"line":10,"column":19}},"5":{"start":{"line":11,"column":15},"end":{"line":11,"column":20}},"6":{"start":{"line":12,"column":2},"end":{"line":12,"column":78}},"7":{"start":{"line":13,"column":2},"end":{"line":13,"column":84}},"8":{"start":{"line":15,"column":2},"end":{"line":17,"column":3}},"9":{"start":{"line":16,"column":4},"end":{"line":16,"column":57}},"10":{"start":{"line":19,"column":2},"end":{"line":22,"column":4}},"11":{"start":{"line":25,"column":0},"end":{"line":27,"column":2}}},"fnMap":{"0":{"name":"_interopRequireDefault","decl":{"start":{"line":7,"column":9},"end":{"line":7,"column":31}},"loc":{"start":{"line":7,"column":37},"end":{"line":7,"column":95}},"line":7},"1":{"name":"(anonymous_1)","decl":{"start":{"line":9,"column":27},"end":{"line":9,"column":28}},"loc":{"start":{"line":9,"column":36},"end":{"line":23,"column":1}},"line":9}},"branchMap":{"0":{"loc":{"start":{"line":7,"column":46},"end":{"line":7,"column":92}},"type":"cond-expr","locations":[{"start":{"line":7,"column":70},"end":{"line":7,"column":73}},{"start":{"line":7,"column":76},"end":{"line":7,"column":92}}],"line":7},"1":{"loc":{"start":{"line":7,"column":46},"end":{"line":7,"column":67}},"type":"binary-expr","locations":[{"start":{"line":7,"column":46},"end":{"line":7,"column":49}},{"start":{"line":7,"column":53},"end":{"line":7,"column":67}}],"line":7},"2":{"loc":{"start":{"line":12,"column":18},"end":{"line":12,"column":77}},"type":"cond-expr","locations":[{"start":{"line":12,"column":59},"end":{"line":12,"column":72}},{"start":{"line":12,"column":75},"end":{"line":12,"column":77}}],"line":12},"3":{"loc":{"start":{"line":13,"column":20},"end":{"line":13,"column":83}},"type":"cond-expr","locations":[{"start":{"line":13,"column":63},"end":{"line":13,"column":78}},{"start":{"line":13,"column":81},"end":{"line":13,"column":83}}],"line":13},"4":{"loc":{"start":{"line":15,"column":2},"end":{"line":17,"column":3}},"type":"if","locations":[{"start":{"line":15,"column":2},"end":{"line":17,"column":3}},{"start":{"line":15,"column":2},"end":{"line":17,"column":3}}],"line":15}},"s":{"0":1,"1":1,"2":1,"3":1,"4":6,"5":6,"6":6,"7":6,"8":6,"9":2,"10":6,"11":1},"f":{"0":1,"1":6},"b":{"0":[0,1],"1":[1,1],"2":[0,6],"3":[0,6],"4":[2,4]},"_coverageSchema":"43e27e138ebf9cfc5966b082cf9a028302ed4184","hash":"71352587b19af84f228d280242f3afe79b23f205","contentHash":"0c641b19a7517bafa85aea859d095c0e"},"C:\\xampp\\htdocs\\web_dev\\storemanager\\server\\routes\\api\\v1\\users.js":{"path":"C:\\xampp\\htdocs\\web_dev\\storemanager\\server\\routes\\api\\v1\\users.js","statementMap":{"0":{"start":{"line":3,"column":15},"end":{"line":3,"column":33}},"1":{"start":{"line":5,"column":16},"end":{"line":5,"column":48}},"2":{"start":{"line":7,"column":20},"end":{"line":7,"column":63}},"3":{"start":{"line":9,"column":21},"end":{"line":9,"column":58}},"4":{"start":{"line":11,"column":22},"end":{"line":11,"column":68}},"5":{"start":{"line":13,"column":23},"end":{"line":13,"column":62}},"6":{"start":{"line":15,"column":39},"end":{"line":15,"column":93}},"7":{"start":{"line":17,"column":42},"end":{"line":17,"column":66}},"8":{"start":{"line":19,"column":32},"end":{"line":19,"column":54}},"9":{"start":{"line":20,"column":15},"end":{"line":20,"column":41}},"10":{"start":{"line":25,"column":0},"end":{"line":25,"column":52}},"11":{"start":{"line":30,"column":0},"end":{"line":30,"column":29}},"12":{"start":{"line":35,"column":0},"end":{"line":35,"column":51}},"13":{"start":{"line":37,"column":0},"end":{"line":37,"column":24}}},"fnMap":{"0":{"name":"_interopRequireDefault","decl":{"start":{"line":15,"column":9},"end":{"line":15,"column":31}},"loc":{"start":{"line":15,"column":37},"end":{"line":15,"column":95}},"line":15}},"branchMap":{"0":{"loc":{"start":{"line":15,"column":46},"end":{"line":15,"column":92}},"type":"cond-expr","locations":[{"start":{"line":15,"column":70},"end":{"line":15,"column":73}},{"start":{"line":15,"column":76},"end":{"line":15,"column":92}}],"line":15},"1":{"loc":{"start":{"line":15,"column":46},"end":{"line":15,"column":67}},"type":"binary-expr","locations":[{"start":{"line":15,"column":46},"end":{"line":15,"column":49}},{"start":{"line":15,"column":53},"end":{"line":15,"column":67}}],"line":15}},"s":{"0":1,"1":1,"2":1,"3":1,"4":1,"5":1,"6":3,"7":1,"8":1,"9":1,"10":1,"11":1,"12":1,"13":1},"f":{"0":3},"b":{"0":[2,1],"1":[3,3]},"_coverageSchema":"43e27e138ebf9cfc5966b082cf9a028302ed4184","hash":"857e334363ac8c016ef6c000ea6828224a818200","contentHash":"143fd888e3722395273403a89ae7b37a"},"C:\\xampp\\htdocs\\web_dev\\storemanager\\server\\controllers\\userController.js":{"path":"C:\\xampp\\htdocs\\web_dev\\storemanager\\server\\controllers\\userController.js","statementMap":{"0":{"start":{"line":3,"column":0},"end":{"line":5,"column":3}},"1":{"start":{"line":7,"column":16},"end":{"line":7,"column":35}},"2":{"start":{"line":9,"column":17},"end":{"line":9,"column":50}},"3":{"start":{"line":11,"column":20},"end":{"line":11,"column":43}},"4":{"start":{"line":13,"column":21},"end":{"line":13,"column":58}},"5":{"start":{"line":15,"column":9},"end":{"line":15,"column":27}},"6":{"start":{"line":17,"column":10},"end":{"line":17,"column":36}},"7":{"start":{"line":19,"column":14},"end":{"line":19,"column":31}},"8":{"start":{"line":21,"column":15},"end":{"line":21,"column":46}},"9":{"start":{"line":23,"column":10},"end":{"line":23,"column":33}},"10":{"start":{"line":25,"column":11},"end":{"line":25,"column":38}},"11":{"start":{"line":27,"column":13},"end":{"line":27,"column":43}},"12":{"start":{"line":29,"column":14},"end":{"line":29,"column":44}},"13":{"start":{"line":31,"column":39},"end":{"line":31,"column":93}},"14":{"start":{"line":33,"column":0},"end":{"line":33,"column":26}},"15":{"start":{"line":43,"column":26},"end":{"line":43,"column":37}},"16":{"start":{"line":55,"column":32},"end":{"line":55,"column":77}},"17":{"start":{"line":58,"column":4},"end":{"line":60,"column":5}},"18":{"start":{"line":59,"column":6},"end":{"line":59,"column":42}},"19":{"start":{"line":64,"column":8},"end":{"line":64,"column":16}},"20":{"start":{"line":65,"column":22},"end":{"line":65,"column":60}},"21":{"start":{"line":66,"column":32},"end":{"line":66,"column":39}},"22":{"start":{"line":67,"column":4},"end":{"line":107,"column":7}},"23":{"start":{"line":68,"column":6},"end":{"line":70,"column":7}},"24":{"start":{"line":69,"column":8},"end":{"line":69,"column":70}},"25":{"start":{"line":72,"column":19},"end":{"line":79,"column":7}},"26":{"start":{"line":81,"column":6},"end":{"line":103,"column":9}},"27":{"start":{"line":83,"column":8},"end":{"line":85,"column":9}},"28":{"start":{"line":84,"column":10},"end":{"line":84,"column":86}},"29":{"start":{"line":87,"column":8},"end":{"line":102,"column":11}},"30":{"start":{"line":88,"column":10},"end":{"line":88,"column":33}},"31":{"start":{"line":88,"column":21},"end":{"line":88,"column":33}},"32":{"start":{"line":89,"column":10},"end":{"line":89,"column":31}},"33":{"start":{"line":90,"column":23},"end":{"line":93,"column":20}},"34":{"start":{"line":94,"column":25},"end":{"line":94,"column":135}},"35":{"start":{"line":96,"column":10},"end":{"line":101,"column":13}},"36":{"start":{"line":97,"column":12},"end":{"line":97,"column":103}},"37":{"start":{"line":120,"column":32},"end":{"line":120,"column":76}},"38":{"start":{"line":123,"column":4},"end":{"line":125,"column":5}},"39":{"start":{"line":124,"column":6},"end":{"line":124,"column":42}},"40":{"start":{"line":126,"column":32},"end":{"line":126,"column":40}},"41":{"start":{"line":128,"column":22},"end":{"line":128,"column":60}},"42":{"start":{"line":129,"column":32},"end":{"line":129,"column":39}},"43":{"start":{"line":130,"column":4},"end":{"line":156,"column":7}},"44":{"start":{"line":131,"column":6},"end":{"line":133,"column":7}},"45":{"start":{"line":132,"column":8},"end":{"line":132,"column":65}},"46":{"start":{"line":135,"column":23},"end":{"line":135,"column":41}},"47":{"start":{"line":136,"column":6},"end":{"line":152,"column":9}},"48":{"start":{"line":137,"column":8},"end":{"line":151,"column":9}},"49":{"start":{"line":139,"column":26},"end":{"line":144,"column":11}},"50":{"start":{"line":146,"column":10},"end":{"line":148,"column":13}},"51":{"start":{"line":147,"column":12},"end":{"line":147,"column":66}},"52":{"start":{"line":150,"column":10},"end":{"line":150,"column":74}},"53":{"start":{"line":170,"column":4},"end":{"line":174,"column":7}},"54":{"start":{"line":178,"column":0},"end":{"line":178,"column":34}}},"fnMap":{"0":{"name":"_interopRequireDefault","decl":{"start":{"line":31,"column":9},"end":{"line":31,"column":31}},"loc":{"start":{"line":31,"column":37},"end":{"line":31,"column":95}},"line":31},"1":{"name":"(anonymous_1)","decl":{"start":{"line":54,"column":2},"end":{"line":54,"column":3}},"loc":{"start":{"line":54,"column":26},"end":{"line":108,"column":3}},"line":54},"2":{"name":"(anonymous_2)","decl":{"start":{"line":67,"column":60},"end":{"line":67,"column":61}},"loc":{"start":{"line":67,"column":74},"end":{"line":104,"column":5}},"line":67},"3":{"name":"(anonymous_3)","decl":{"start":{"line":81,"column":37},"end":{"line":81,"column":38}},"loc":{"start":{"line":81,"column":52},"end":{"line":103,"column":7}},"line":81},"4":{"name":"(anonymous_4)","decl":{"start":{"line":87,"column":53},"end":{"line":87,"column":54}},"loc":{"start":{"line":87,"column":70},"end":{"line":102,"column":9}},"line":87},"5":{"name":"(anonymous_5)","decl":{"start":{"line":96,"column":48},"end":{"line":96,"column":49}},"loc":{"start":{"line":96,"column":57},"end":{"line":98,"column":11}},"line":96},"6":{"name":"(anonymous_6)","decl":{"start":{"line":98,"column":19},"end":{"line":98,"column":20}},"loc":{"start":{"line":98,"column":25},"end":{"line":101,"column":11}},"line":98},"7":{"name":"(anonymous_7)","decl":{"start":{"line":104,"column":13},"end":{"line":104,"column":14}},"loc":{"start":{"line":104,"column":19},"end":{"line":107,"column":5}},"line":104},"8":{"name":"(anonymous_8)","decl":{"start":{"line":119,"column":2},"end":{"line":119,"column":3}},"loc":{"start":{"line":119,"column":25},"end":{"line":157,"column":3}},"line":119},"9":{"name":"(anonymous_9)","decl":{"start":{"line":130,"column":60},"end":{"line":130,"column":61}},"loc":{"start":{"line":130,"column":74},"end":{"line":153,"column":5}},"line":130},"10":{"name":"(anonymous_10)","decl":{"start":{"line":136,"column":67},"end":{"line":136,"column":68}},"loc":{"start":{"line":136,"column":78},"end":{"line":152,"column":7}},"line":136},"11":{"name":"(anonymous_11)","decl":{"start":{"line":146,"column":83},"end":{"line":146,"column":84}},"loc":{"start":{"line":146,"column":99},"end":{"line":148,"column":11}},"line":146},"12":{"name":"(anonymous_12)","decl":{"start":{"line":153,"column":13},"end":{"line":153,"column":14}},"loc":{"start":{"line":153,"column":19},"end":{"line":156,"column":5}},"line":153},"13":{"name":"(anonymous_13)","decl":{"start":{"line":169,"column":2},"end":{"line":169,"column":3}},"loc":{"start":{"line":169,"column":34},"end":{"line":175,"column":3}},"line":169}},"branchMap":{"0":{"loc":{"start":{"line":31,"column":46},"end":{"line":31,"column":92}},"type":"cond-expr","locations":[{"start":{"line":31,"column":70},"end":{"line":31,"column":73}},{"start":{"line":31,"column":76},"end":{"line":31,"column":92}}],"line":31},"1":{"loc":{"start":{"line":31,"column":46},"end":{"line":31,"column":67}},"type":"binary-expr","locations":[{"start":{"line":31,"column":46},"end":{"line":31,"column":49}},{"start":{"line":31,"column":53},"end":{"line":31,"column":67}}],"line":31},"2":{"loc":{"start":{"line":58,"column":4},"end":{"line":60,"column":5}},"type":"if","locations":[{"start":{"line":58,"column":4},"end":{"line":60,"column":5}},{"start":{"line":58,"column":4},"end":{"line":60,"column":5}}],"line":58},"3":{"loc":{"start":{"line":68,"column":6},"end":{"line":70,"column":7}},"type":"if","locations":[{"start":{"line":68,"column":6},"end":{"line":70,"column":7}},{"start":{"line":68,"column":6},"end":{"line":70,"column":7}}],"line":68},"4":{"loc":{"start":{"line":83,"column":8},"end":{"line":85,"column":9}},"type":"if","locations":[{"start":{"line":83,"column":8},"end":{"line":85,"column":9}},{"start":{"line":83,"column":8},"end":{"line":85,"column":9}}],"line":83},"5":{"loc":{"start":{"line":88,"column":10},"end":{"line":88,"column":33}},"type":"if","locations":[{"start":{"line":88,"column":10},"end":{"line":88,"column":33}},{"start":{"line":88,"column":10},"end":{"line":88,"column":33}}],"line":88},"6":{"loc":{"start":{"line":123,"column":4},"end":{"line":125,"column":5}},"type":"if","locations":[{"start":{"line":123,"column":4},"end":{"line":125,"column":5}},{"start":{"line":123,"column":4},"end":{"line":125,"column":5}}],"line":123},"7":{"loc":{"start":{"line":131,"column":6},"end":{"line":133,"column":7}},"type":"if","locations":[{"start":{"line":131,"column":6},"end":{"line":133,"column":7}},{"start":{"line":131,"column":6},"end":{"line":133,"column":7}}],"line":131},"8":{"loc":{"start":{"line":137,"column":8},"end":{"line":151,"column":9}},"type":"if","locations":[{"start":{"line":137,"column":8},"end":{"line":151,"column":9}},{"start":{"line":137,"column":8},"end":{"line":151,"column":9}}],"line":137}},"s":{"0":1,"1":1,"2":1,"3":1,"4":1,"5":1,"6":1,"7":1,"8":1,"9":1,"10":1,"11":1,"12":1,"13":6,"14":1,"15":1,"16":3,"17":3,"18":1,"19":2,"20":2,"21":2,"22":2,"23":2,"24":1,"25":1,"26":1,"27":1,"28":0,"29":1,"30":1,"31":0,"32":1,"33":1,"34":1,"35":1,"36":1,"37":10,"38":10,"39":1,"40":9,"41":9,"42":9,"43":9,"44":9,"45":1,"46":8,"47":8,"48":8,"49":7,"50":7,"51":7,"52":1,"53":1,"54":1},"f":{"0":6,"1":3,"2":2,"3":1,"4":1,"5":1,"6":0,"7":0,"8":10,"9":9,"10":8,"11":7,"12":0,"13":1},"b":{"0":[1,5],"1":[6,6],"2":[1,2],"3":[1,1],"4":[0,1],"5":[0,1],"6":[1,9],"7":[1,8],"8":[7,1]},"_coverageSchema":"43e27e138ebf9cfc5966b082cf9a028302ed4184","hash":"9b2a49bec62989fcecbd0e5f476f5bc4c63774c3","contentHash":"08af64bfa2c715cfd8861a7b74050735"},"C:\\xampp\\htdocs\\web_dev\\storemanager\\server\\validation\\users.js":{"path":"C:\\xampp\\htdocs\\web_dev\\storemanager\\server\\validation\\users.js","statementMap":{"0":{"start":{"line":3,"column":17},"end":{"line":3,"column":37}},"1":{"start":{"line":5,"column":18},"end":{"line":5,"column":52}},"2":{"start":{"line":7,"column":15},"end":{"line":7,"column":35}},"3":{"start":{"line":9,"column":16},"end":{"line":9,"column":48}},"4":{"start":{"line":11,"column":39},"end":{"line":11,"column":93}},"5":{"start":{"line":13,"column":28},"end":{"line":57,"column":1}},"6":{"start":{"line":14,"column":17},"end":{"line":14,"column":19}},"7":{"start":{"line":15,"column":15},"end":{"line":15,"column":20}},"8":{"start":{"line":16,"column":2},"end":{"line":16,"column":66}},"9":{"start":{"line":17,"column":2},"end":{"line":17,"column":69}},"10":{"start":{"line":18,"column":2},"end":{"line":18,"column":78}},"11":{"start":{"line":19,"column":2},"end":{"line":19,"column":66}},"12":{"start":{"line":21,"column":2},"end":{"line":23,"column":3}},"13":{"start":{"line":22,"column":4},"end":{"line":22,"column":61}},"14":{"start":{"line":25,"column":2},"end":{"line":27,"column":3}},"15":{"start":{"line":26,"column":4},"end":{"line":26,"column":43}},"16":{"start":{"line":29,"column":2},"end":{"line":31,"column":3}},"17":{"start":{"line":30,"column":4},"end":{"line":30,"column":45}},"18":{"start":{"line":33,"column":2},"end":{"line":37,"column":3}},"19":{"start":{"line":34,"column":4},"end":{"line":36,"column":5}},"20":{"start":{"line":35,"column":6},"end":{"line":35,"column":40}},"21":{"start":{"line":39,"column":2},"end":{"line":41,"column":3}},"22":{"start":{"line":40,"column":4},"end":{"line":40,"column":51}},"23":{"start":{"line":43,"column":2},"end":{"line":47,"column":3}},"24":{"start":{"line":44,"column":4},"end":{"line":46,"column":5}},"25":{"start":{"line":45,"column":6},"end":{"line":45,"column":65}},"26":{"start":{"line":49,"column":2},"end":{"line":51,"column":3}},"27":{"start":{"line":50,"column":4},"end":{"line":50,"column":43}},"28":{"start":{"line":53,"column":2},"end":{"line":56,"column":4}},"29":{"start":{"line":59,"column":27},"end":{"line":81,"column":1}},"30":{"start":{"line":60,"column":17},"end":{"line":60,"column":19}},"31":{"start":{"line":61,"column":15},"end":{"line":61,"column":20}},"32":{"start":{"line":62,"column":2},"end":{"line":62,"column":69}},"33":{"start":{"line":63,"column":2},"end":{"line":63,"column":78}},"34":{"start":{"line":65,"column":2},"end":{"line":67,"column":3}},"35":{"start":{"line":66,"column":4},"end":{"line":66,"column":38}},"36":{"start":{"line":69,"column":2},"end":{"line":71,"column":3}},"37":{"start":{"line":70,"column":4},"end":{"line":70,"column":45}},"38":{"start":{"line":73,"column":2},"end":{"line":75,"column":3}},"39":{"start":{"line":74,"column":4},"end":{"line":74,"column":51}},"40":{"start":{"line":77,"column":2},"end":{"line":80,"column":4}},"41":{"start":{"line":83,"column":0},"end":{"line":86,"column":2}}},"fnMap":{"0":{"name":"_interopRequireDefault","decl":{"start":{"line":11,"column":9},"end":{"line":11,"column":31}},"loc":{"start":{"line":11,"column":37},"end":{"line":11,"column":95}},"line":11},"1":{"name":"(anonymous_1)","decl":{"start":{"line":13,"column":28},"end":{"line":13,"column":29}},"loc":{"start":{"line":13,"column":37},"end":{"line":57,"column":1}},"line":13},"2":{"name":"(anonymous_2)","decl":{"start":{"line":59,"column":27},"end":{"line":59,"column":28}},"loc":{"start":{"line":59,"column":36},"end":{"line":81,"column":1}},"line":59}},"branchMap":{"0":{"loc":{"start":{"line":11,"column":46},"end":{"line":11,"column":92}},"type":"cond-expr","locations":[{"start":{"line":11,"column":70},"end":{"line":11,"column":73}},{"start":{"line":11,"column":76},"end":{"line":11,"column":92}}],"line":11},"1":{"loc":{"start":{"line":11,"column":46},"end":{"line":11,"column":67}},"type":"binary-expr","locations":[{"start":{"line":11,"column":46},"end":{"line":11,"column":49}},{"start":{"line":11,"column":53},"end":{"line":11,"column":67}}],"line":11},"2":{"loc":{"start":{"line":16,"column":14},"end":{"line":16,"column":65}},"type":"cond-expr","locations":[{"start":{"line":16,"column":51},"end":{"line":16,"column":60}},{"start":{"line":16,"column":63},"end":{"line":16,"column":65}}],"line":16},"3":{"loc":{"start":{"line":17,"column":15},"end":{"line":17,"column":68}},"type":"cond-expr","locations":[{"start":{"line":17,"column":53},"end":{"line":17,"column":63}},{"start":{"line":17,"column":66},"end":{"line":17,"column":68}}],"line":17},"4":{"loc":{"start":{"line":18,"column":18},"end":{"line":18,"column":77}},"type":"cond-expr","locations":[{"start":{"line":18,"column":59},"end":{"line":18,"column":72}},{"start":{"line":18,"column":75},"end":{"line":18,"column":77}}],"line":18},"5":{"loc":{"start":{"line":19,"column":14},"end":{"line":19,"column":65}},"type":"cond-expr","locations":[{"start":{"line":19,"column":51},"end":{"line":19,"column":60}},{"start":{"line":19,"column":63},"end":{"line":19,"column":65}}],"line":19},"6":{"loc":{"start":{"line":21,"column":2},"end":{"line":23,"column":3}},"type":"if","locations":[{"start":{"line":21,"column":2},"end":{"line":23,"column":3}},{"start":{"line":21,"column":2},"end":{"line":23,"column":3}}],"line":21},"7":{"loc":{"start":{"line":25,"column":2},"end":{"line":27,"column":3}},"type":"if","locations":[{"start":{"line":25,"column":2},"end":{"line":27,"column":3}},{"start":{"line":25,"column":2},"end":{"line":27,"column":3}}],"line":25},"8":{"loc":{"start":{"line":29,"column":2},"end":{"line":31,"column":3}},"type":"if","locations":[{"start":{"line":29,"column":2},"end":{"line":31,"column":3}},{"start":{"line":29,"column":2},"end":{"line":31,"column":3}}],"line":29},"9":{"loc":{"start":{"line":33,"column":2},"end":{"line":37,"column":3}},"type":"if","locations":[{"start":{"line":33,"column":2},"end":{"line":37,"column":3}},{"start":{"line":33,"column":2},"end":{"line":37,"column":3}}],"line":33},"10":{"loc":{"start":{"line":34,"column":4},"end":{"line":36,"column":5}},"type":"if","locations":[{"start":{"line":34,"column":4},"end":{"line":36,"column":5}},{"start":{"line":34,"column":4},"end":{"line":36,"column":5}}],"line":34},"11":{"loc":{"start":{"line":39,"column":2},"end":{"line":41,"column":3}},"type":"if","locations":[{"start":{"line":39,"column":2},"end":{"line":41,"column":3}},{"start":{"line":39,"column":2},"end":{"line":41,"column":3}}],"line":39},"12":{"loc":{"start":{"line":43,"column":2},"end":{"line":47,"column":3}},"type":"if","locations":[{"start":{"line":43,"column":2},"end":{"line":47,"column":3}},{"start":{"line":43,"column":2},"end":{"line":47,"column":3}}],"line":43},"13":{"loc":{"start":{"line":44,"column":4},"end":{"line":46,"column":5}},"type":"if","locations":[{"start":{"line":44,"column":4},"end":{"line":46,"column":5}},{"start":{"line":44,"column":4},"end":{"line":46,"column":5}}],"line":44},"14":{"loc":{"start":{"line":49,"column":2},"end":{"line":51,"column":3}},"type":"if","locations":[{"start":{"line":49,"column":2},"end":{"line":51,"column":3}},{"start":{"line":49,"column":2},"end":{"line":51,"column":3}}],"line":49},"15":{"loc":{"start":{"line":62,"column":15},"end":{"line":62,"column":68}},"type":"cond-expr","locations":[{"start":{"line":62,"column":53},"end":{"line":62,"column":63}},{"start":{"line":62,"column":66},"end":{"line":62,"column":68}}],"line":62},"16":{"loc":{"start":{"line":63,"column":18},"end":{"line":63,"column":77}},"type":"cond-expr","locations":[{"start":{"line":63,"column":59},"end":{"line":63,"column":72}},{"start":{"line":63,"column":75},"end":{"line":63,"column":77}}],"line":63},"17":{"loc":{"start":{"line":65,"column":2},"end":{"line":67,"column":3}},"type":"if","locations":[{"start":{"line":65,"column":2},"end":{"line":67,"column":3}},{"start":{"line":65,"column":2},"end":{"line":67,"column":3}}],"line":65},"18":{"loc":{"start":{"line":69,"column":2},"end":{"line":71,"column":3}},"type":"if","locations":[{"start":{"line":69,"column":2},"end":{"line":71,"column":3}},{"start":{"line":69,"column":2},"end":{"line":71,"column":3}}],"line":69},"19":{"loc":{"start":{"line":73,"column":2},"end":{"line":75,"column":3}},"type":"if","locations":[{"start":{"line":73,"column":2},"end":{"line":75,"column":3}},{"start":{"line":73,"column":2},"end":{"line":75,"column":3}}],"line":73}},"s":{"0":1,"1":1,"2":1,"3":1,"4":2,"5":1,"6":5,"7":5,"8":5,"9":5,"10":5,"11":5,"12":5,"13":2,"14":5,"15":2,"16":5,"17":2,"18":5,"19":3,"20":0,"21":5,"22":2,"23":5,"24":3,"25":0,"26":5,"27":2,"28":5,"29":1,"30":16,"31":16,"32":16,"33":16,"34":16,"35":4,"36":16,"37":4,"38":16,"39":4,"40":16,"41":1},"f":{"0":2,"1":5,"2":16},"b":{"0":[0,2],"1":[2,2],"2":[3,2],"3":[3,2],"4":[3,2],"5":[3,2],"6":[2,3],"7":[2,3],"8":[2,3],"9":[3,2],"10":[0,3],"11":[2,3],"12":[3,2],"13":[0,3],"14":[2,3],"15":[12,4],"16":[12,4],"17":[4,12],"18":[4,12],"19":[4,12]},"_coverageSchema":"43e27e138ebf9cfc5966b082cf9a028302ed4184","hash":"90901b6a3dff4a5a65f53117f39e8748f770e884","contentHash":"7e617e54a716d308459ae97eea6c2fd2"},"C:\\xampp\\htdocs\\web_dev\\storemanager\\server\\test\\productsTest.js":{"path":"C:\\xampp\\htdocs\\web_dev\\storemanager\\server\\test\\productsTest.js","statementMap":{"0":{"start":{"line":3,"column":12},"end":{"line":3,"column":27}},"1":{"start":{"line":5,"column":13},"end":{"line":5,"column":42}},"2":{"start":{"line":7,"column":16},"end":{"line":7,"column":36}},"3":{"start":{"line":9,"column":17},"end":{"line":9,"column":50}},"4":{"start":{"line":11,"column":11},"end":{"line":11,"column":28}},"5":{"start":{"line":13,"column":12},"end":{"line":13,"column":40}},"6":{"start":{"line":15,"column":39},"end":{"line":15,"column":93}},"7":{"start":{"line":17,"column":19},"end":{"line":17,"column":33}},"8":{"start":{"line":19,"column":0},"end":{"line":19,"column":39}},"9":{"start":{"line":21,"column":0},"end":{"line":239,"column":3}},"10":{"start":{"line":22,"column":24},"end":{"line":22,"column":26}},"11":{"start":{"line":23,"column":28},"end":{"line":23,"column":30}},"12":{"start":{"line":24,"column":2},"end":{"line":38,"column":5}},"13":{"start":{"line":25,"column":4},"end":{"line":37,"column":7}},"14":{"start":{"line":28,"column":24},"end":{"line":28,"column":32}},"15":{"start":{"line":29,"column":6},"end":{"line":29,"column":30}},"16":{"start":{"line":31,"column":6},"end":{"line":36,"column":9}},"17":{"start":{"line":34,"column":8},"end":{"line":34,"column":46}},"18":{"start":{"line":35,"column":8},"end":{"line":35,"column":15}},"19":{"start":{"line":40,"column":2},"end":{"line":46,"column":5}},"20":{"start":{"line":41,"column":4},"end":{"line":45,"column":7}},"21":{"start":{"line":42,"column":6},"end":{"line":42,"column":39}},"22":{"start":{"line":43,"column":6},"end":{"line":43,"column":42}},"23":{"start":{"line":44,"column":6},"end":{"line":44,"column":13}},"24":{"start":{"line":58,"column":2},"end":{"line":63,"column":5}},"25":{"start":{"line":59,"column":4},"end":{"line":62,"column":7}},"26":{"start":{"line":60,"column":6},"end":{"line":60,"column":38}},"27":{"start":{"line":61,"column":6},"end":{"line":61,"column":13}},"28":{"start":{"line":65,"column":2},"end":{"line":76,"column":5}},"29":{"start":{"line":66,"column":4},"end":{"line":75,"column":7}},"30":{"start":{"line":67,"column":6},"end":{"line":67,"column":38}},"31":{"start":{"line":68,"column":6},"end":{"line":68,"column":41}},"32":{"start":{"line":69,"column":21},"end":{"line":69,"column":32}},"33":{"start":{"line":70,"column":6},"end":{"line":74,"column":9}},"34":{"start":{"line":71,"column":8},"end":{"line":71,"column":41}},"35":{"start":{"line":72,"column":8},"end":{"line":72,"column":42}},"36":{"start":{"line":73,"column":8},"end":{"line":73,"column":15}},"37":{"start":{"line":78,"column":2},"end":{"line":92,"column":5}},"38":{"start":{"line":79,"column":4},"end":{"line":91,"column":7}},"39":{"start":{"line":80,"column":6},"end":{"line":80,"column":38}},"40":{"start":{"line":81,"column":6},"end":{"line":81,"column":41}},"41":{"start":{"line":82,"column":19},"end":{"line":82,"column":30}},"42":{"start":{"line":83,"column":6},"end":{"line":83,"column":27}},"43":{"start":{"line":84,"column":6},"end":{"line":84,"column":21}},"44":{"start":{"line":85,"column":6},"end":{"line":90,"column":9}},"45":{"start":{"line":86,"column":8},"end":{"line":86,"column":41}},"46":{"start":{"line":87,"column":8},"end":{"line":87,"column":45}},"47":{"start":{"line":88,"column":8},"end":{"line":88,"column":79}},"48":{"start":{"line":89,"column":8},"end":{"line":89,"column":15}},"49":{"start":{"line":94,"column":2},"end":{"line":107,"column":5}},"50":{"start":{"line":95,"column":4},"end":{"line":106,"column":7}},"51":{"start":{"line":96,"column":6},"end":{"line":96,"column":38}},"52":{"start":{"line":97,"column":6},"end":{"line":97,"column":41}},"53":{"start":{"line":98,"column":19},"end":{"line":98,"column":30}},"54":{"start":{"line":99,"column":6},"end":{"line":99,"column":21}},"55":{"start":{"line":100,"column":6},"end":{"line":105,"column":9}},"56":{"start":{"line":101,"column":8},"end":{"line":101,"column":41}},"57":{"start":{"line":102,"column":8},"end":{"line":102,"column":45}},"58":{"start":{"line":103,"column":8},"end":{"line":103,"column":96}},"59":{"start":{"line":104,"column":8},"end":{"line":104,"column":15}},"60":{"start":{"line":109,"column":2},"end":{"line":115,"column":5}},"61":{"start":{"line":110,"column":15},"end":{"line":110,"column":16}},"62":{"start":{"line":111,"column":4},"end":{"line":114,"column":7}},"63":{"start":{"line":112,"column":6},"end":{"line":112,"column":38}},"64":{"start":{"line":113,"column":6},"end":{"line":113,"column":13}},"65":{"start":{"line":117,"column":2},"end":{"line":123,"column":5}},"66":{"start":{"line":118,"column":4},"end":{"line":122,"column":7}},"67":{"start":{"line":119,"column":6},"end":{"line":119,"column":39}},"68":{"start":{"line":120,"column":6},"end":{"line":120,"column":57}},"69":{"start":{"line":121,"column":6},"end":{"line":121,"column":13}},"70":{"start":{"line":125,"column":2},"end":{"line":136,"column":5}},"71":{"start":{"line":126,"column":4},"end":{"line":135,"column":7}},"72":{"start":{"line":129,"column":6},"end":{"line":129,"column":39}},"73":{"start":{"line":130,"column":6},"end":{"line":130,"column":43}},"74":{"start":{"line":131,"column":6},"end":{"line":131,"column":78}},"75":{"start":{"line":132,"column":6},"end":{"line":132,"column":66}},"76":{"start":{"line":133,"column":6},"end":{"line":133,"column":72}},"77":{"start":{"line":134,"column":6},"end":{"line":134,"column":13}},"78":{"start":{"line":138,"column":2},"end":{"line":147,"column":5}},"79":{"start":{"line":139,"column":4},"end":{"line":146,"column":7}},"80":{"start":{"line":142,"column":6},"end":{"line":142,"column":39}},"81":{"start":{"line":143,"column":6},"end":{"line":143,"column":43}},"82":{"start":{"line":144,"column":6},"end":{"line":144,"column":71}},"83":{"start":{"line":145,"column":6},"end":{"line":145,"column":13}},"84":{"start":{"line":149,"column":2},"end":{"line":156,"column":5}},"85":{"start":{"line":150,"column":4},"end":{"line":155,"column":7}},"86":{"start":{"line":153,"column":6},"end":{"line":153,"column":38}},"87":{"start":{"line":154,"column":6},"end":{"line":154,"column":13}},"88":{"start":{"line":158,"column":2},"end":{"line":170,"column":5}},"89":{"start":{"line":159,"column":4},"end":{"line":169,"column":7}},"90":{"start":{"line":160,"column":6},"end":{"line":160,"column":38}},"91":{"start":{"line":161,"column":6},"end":{"line":161,"column":41}},"92":{"start":{"line":162,"column":21},"end":{"line":162,"column":32}},"93":{"start":{"line":163,"column":6},"end":{"line":168,"column":9}},"94":{"start":{"line":164,"column":8},"end":{"line":164,"column":41}},"95":{"start":{"line":165,"column":8},"end":{"line":165,"column":45}},"96":{"start":{"line":166,"column":8},"end":{"line":166,"column":90}},"97":{"start":{"line":167,"column":8},"end":{"line":167,"column":15}},"98":{"start":{"line":172,"column":2},"end":{"line":177,"column":5}},"99":{"start":{"line":173,"column":4},"end":{"line":176,"column":7}},"100":{"start":{"line":174,"column":6},"end":{"line":174,"column":39}},"101":{"start":{"line":175,"column":6},"end":{"line":175,"column":13}},"102":{"start":{"line":179,"column":2},"end":{"line":193,"column":5}},"103":{"start":{"line":180,"column":4},"end":{"line":192,"column":7}},"104":{"start":{"line":181,"column":6},"end":{"line":181,"column":38}},"105":{"start":{"line":182,"column":6},"end":{"line":182,"column":41}},"106":{"start":{"line":183,"column":19},"end":{"line":183,"column":30}},"107":{"start":{"line":184,"column":6},"end":{"line":184,"column":27}},"108":{"start":{"line":185,"column":6},"end":{"line":185,"column":21}},"109":{"start":{"line":186,"column":6},"end":{"line":191,"column":9}},"110":{"start":{"line":187,"column":8},"end":{"line":187,"column":41}},"111":{"start":{"line":188,"column":8},"end":{"line":188,"column":45}},"112":{"start":{"line":189,"column":8},"end":{"line":189,"column":79}},"113":{"start":{"line":190,"column":8},"end":{"line":190,"column":15}},"114":{"start":{"line":195,"column":2},"end":{"line":208,"column":5}},"115":{"start":{"line":196,"column":4},"end":{"line":207,"column":7}},"116":{"start":{"line":197,"column":6},"end":{"line":197,"column":38}},"117":{"start":{"line":198,"column":6},"end":{"line":198,"column":41}},"118":{"start":{"line":199,"column":19},"end":{"line":199,"column":30}},"119":{"start":{"line":200,"column":6},"end":{"line":200,"column":21}},"120":{"start":{"line":201,"column":6},"end":{"line":206,"column":9}},"121":{"start":{"line":202,"column":8},"end":{"line":202,"column":41}},"122":{"start":{"line":203,"column":8},"end":{"line":203,"column":45}},"123":{"start":{"line":204,"column":8},"end":{"line":204,"column":88}},"124":{"start":{"line":205,"column":8},"end":{"line":205,"column":15}},"125":{"start":{"line":210,"column":2},"end":{"line":223,"column":5}},"126":{"start":{"line":211,"column":4},"end":{"line":222,"column":7}},"127":{"start":{"line":212,"column":6},"end":{"line":212,"column":38}},"128":{"start":{"line":213,"column":6},"end":{"line":213,"column":41}},"129":{"start":{"line":214,"column":21},"end":{"line":214,"column":32}},"130":{"start":{"line":215,"column":6},"end":{"line":221,"column":9}},"131":{"start":{"line":218,"column":8},"end":{"line":218,"column":41}},"132":{"start":{"line":219,"column":8},"end":{"line":219,"column":45}},"133":{"start":{"line":220,"column":8},"end":{"line":220,"column":15}},"134":{"start":{"line":225,"column":2},"end":{"line":238,"column":5}},"135":{"start":{"line":226,"column":4},"end":{"line":237,"column":7}},"136":{"start":{"line":227,"column":6},"end":{"line":227,"column":38}},"137":{"start":{"line":228,"column":6},"end":{"line":228,"column":41}},"138":{"start":{"line":229,"column":19},"end":{"line":229,"column":30}},"139":{"start":{"line":230,"column":6},"end":{"line":230,"column":21}},"140":{"start":{"line":231,"column":6},"end":{"line":236,"column":9}},"141":{"start":{"line":232,"column":8},"end":{"line":232,"column":41}},"142":{"start":{"line":233,"column":8},"end":{"line":233,"column":45}},"143":{"start":{"line":234,"column":8},"end":{"line":234,"column":88}},"144":{"start":{"line":235,"column":8},"end":{"line":235,"column":15}}},"fnMap":{"0":{"name":"_interopRequireDefault","decl":{"start":{"line":15,"column":9},"end":{"line":15,"column":31}},"loc":{"start":{"line":15,"column":37},"end":{"line":15,"column":95}},"line":15},"1":{"name":"(anonymous_1)","decl":{"start":{"line":21,"column":26},"end":{"line":21,"column":27}},"loc":{"start":{"line":21,"column":32},"end":{"line":239,"column":1}},"line":21},"2":{"name":"(anonymous_2)","decl":{"start":{"line":24,"column":9},"end":{"line":24,"column":10}},"loc":{"start":{"line":24,"column":17},"end":{"line":38,"column":3}},"line":24},"3":{"name":"(anonymous_3)","decl":{"start":{"line":27,"column":11},"end":{"line":27,"column":12}},"loc":{"start":{"line":27,"column":25},"end":{"line":37,"column":5}},"line":27},"4":{"name":"(anonymous_4)","decl":{"start":{"line":33,"column":13},"end":{"line":33,"column":14}},"loc":{"start":{"line":33,"column":29},"end":{"line":36,"column":7}},"line":33},"5":{"name":"(anonymous_5)","decl":{"start":{"line":40,"column":38},"end":{"line":40,"column":39}},"loc":{"start":{"line":40,"column":46},"end":{"line":46,"column":3}},"line":40},"6":{"name":"(anonymous_6)","decl":{"start":{"line":41,"column":108},"end":{"line":41,"column":109}},"loc":{"start":{"line":41,"column":125},"end":{"line":45,"column":5}},"line":41},"7":{"name":"(anonymous_7)","decl":{"start":{"line":58,"column":59},"end":{"line":58,"column":60}},"loc":{"start":{"line":58,"column":67},"end":{"line":63,"column":3}},"line":58},"8":{"name":"(anonymous_8)","decl":{"start":{"line":59,"column":70},"end":{"line":59,"column":71}},"loc":{"start":{"line":59,"column":86},"end":{"line":62,"column":5}},"line":59},"9":{"name":"(anonymo
[...]
ne":45,"column":5}},"17":{"start":{"line":34,"column":4},"end":{"line":44,"column":7}},"18":{"start":{"line":40,"column":6},"end":{"line":40,"column":38}},"19":{"start":{"line":41,"column":6},"end":{"line":41,"column":42}},"20":{"start":{"line":42,"column":6},"end":{"line":42,"column":69}},"21":{"start":{"line":43,"column":6},"end":{"line":43,"column":13}},"22":{"start":{"line":47,"column":2},"end":{"line":57,"column":5}},"23":{"start":{"line":48,"column":4},"end":{"line":56,"column":7}},"24":{"start":{"line":49,"column":6},"end":{"line":49,"column":38}},"25":{"start":{"line":50,"column":6},"end":{"line":50,"column":42}},"26":{"start":{"line":51,"column":6},"end":{"line":51,"column":65}},"27":{"start":{"line":52,"column":6},"end":{"line":52,"column":71}},"28":{"start":{"line":53,"column":6},"end":{"line":53,"column":63}},"29":{"start":{"line":54,"column":6},"end":{"line":54,"column":63}},"30":{"start":{"line":55,"column":6},"end":{"line":55,"column":13}},"31":{"start":{"line":59,"column":2},"end":{"line":71,"column":5}},"32":{"start":{"line":60,"column":4},"end":{"line":70,"column":7}},"33":{"start":{"line":66,"column":6},"end":{"line":66,"column":38}},"34":{"start":{"line":67,"column":6},"end":{"line":67,"column":42}},"35":{"start":{"line":68,"column":6},"end":{"line":68,"column":61}},"36":{"start":{"line":69,"column":6},"end":{"line":69,"column":13}},"37":{"start":{"line":73,"column":2},"end":{"line":84,"column":5}},"38":{"start":{"line":74,"column":4},"end":{"line":83,"column":7}},"39":{"start":{"line":78,"column":6},"end":{"line":78,"column":38}},"40":{"start":{"line":79,"column":6},"end":{"line":79,"column":42}},"41":{"start":{"line":80,"column":6},"end":{"line":80,"column":46}},"42":{"start":{"line":81,"column":6},"end":{"line":81,"column":50}},"43":{"start":{"line":82,"column":6},"end":{"line":82,"column":13}},"44":{"start":{"line":86,"column":2},"end":{"line":94,"column":5}},"45":{"start":{"line":87,"column":4},"end":{"line":93,"column":7}},"46":{"start":{"line":88,"column":6},"end":{"line":88,"column":38}},"47":{"start":{"line":89,"column":6},"end":{"line":89,"column":42}},"48":{"start":{"line":90,"column":6},"end":{"line":90,"column":65}},"49":{"start":{"line":91,"column":6},"end":{"line":91,"column":71}},"50":{"start":{"line":92,"column":6},"end":{"line":92,"column":13}},"51":{"start":{"line":96,"column":2},"end":{"line":106,"column":5}},"52":{"start":{"line":97,"column":4},"end":{"line":105,"column":7}},"53":{"start":{"line":101,"column":6},"end":{"line":101,"column":38}},"54":{"start":{"line":102,"column":6},"end":{"line":102,"column":42}},"55":{"start":{"line":103,"column":6},"end":{"line":103,"column":56}},"56":{"start":{"line":104,"column":6},"end":{"line":104,"column":13}},"57":{"start":{"line":108,"column":2},"end":{"line":118,"column":5}},"58":{"start":{"line":109,"column":4},"end":{"line":117,"column":7}},"59":{"start":{"line":113,"column":6},"end":{"line":113,"column":38}},"60":{"start":{"line":114,"column":6},"end":{"line":114,"column":42}},"61":{"start":{"line":115,"column":6},"end":{"line":115,"column":63}},"62":{"start":{"line":116,"column":6},"end":{"line":116,"column":13}},"63":{"start":{"line":120,"column":2},"end":{"line":126,"column":5}},"64":{"start":{"line":121,"column":4},"end":{"line":125,"column":7}},"65":{"start":{"line":122,"column":6},"end":{"line":122,"column":39}},"66":{"start":{"line":123,"column":6},"end":{"line":123,"column":43}},"67":{"start":{"line":124,"column":6},"end":{"line":124,"column":13}},"68":{"start":{"line":128,"column":2},"end":{"line":133,"column":5}},"69":{"start":{"line":129,"column":4},"end":{"line":132,"column":7}},"70":{"start":{"line":130,"column":6},"end":{"line":130,"column":39}},"71":{"start":{"line":131,"column":6},"end":{"line":131,"column":13}},"72":{"start":{"line":135,"column":2},"end":{"line":140,"column":5}},"73":{"start":{"line":136,"column":4},"end":{"line":139,"column":7}},"74":{"start":{"line":137,"column":6},"end":{"line":137,"column":39}},"75":{"start":{"line":138,"column":6},"end":{"line":138,"column":13}}},"fnMap":{"0":{"name":"_interopRequireDefault","decl":{"start":{"line":15,"column":9},"end":{"line":15,"column":31}},"loc":{"start":{"line":15,"column":37},"end":{"line":15,"column":95}},"line":15},"1":{"name":"(anonymous_1)","decl":{"start":{"line":21,"column":24},"end":{"line":21,"column":25}},"loc":{"start":{"line":21,"column":30},"end":{"line":141,"column":1}},"line":21},"2":{"name":"(anonymous_2)","decl":{"start":{"line":23,"column":9},"end":{"line":23,"column":10}},"loc":{"start":{"line":23,"column":17},"end":{"line":31,"column":3}},"line":23},"3":{"name":"(anonymous_3)","decl":{"start":{"line":26,"column":11},"end":{"line":26,"column":12}},"loc":{"start":{"line":26,"column":25},"end":{"line":30,"column":5}},"line":26},"4":{"name":"(anonymous_4)","decl":{"start":{"line":33,"column":46},"end":{"line":33,"column":47}},"loc":{"start":{"line":33,"column":54},"end":{"line":45,"column":3}},"line":33},"5":{"name":"(anonymous_5)","decl":{"start":{"line":39,"column":11},"end":{"line":39,"column":12}},"loc":{"start":{"line":39,"column":25},"end":{"line":44,"column":5}},"line":39},"6":{"name":"(anonymous_6)","decl":{"start":{"line":47,"column":51},"end":{"line":47,"column":52}},"loc":{"start":{"line":47,"column":59},"end":{"line":57,"column":3}},"line":47},"7":{"name":"(anonymous_7)","decl":{"start":{"line":48,"column":113},"end":{"line":48,"column":114}},"loc":{"start":{"line":48,"column":127},"end":{"line":56,"column":5}},"line":48},"8":{"name":"(anonymous_8)","decl":{"start":{"line":59,"column":35},"end":{"line":59,"column":36}},"loc":{"start":{"line":59,"column":43},"end":{"line":71,"column":3}},"line":59},"9":{"name":"(anonymous_9)","decl":{"start":{"line":65,"column":11},"end":{"line":65,"column":12}},"loc":{"start":{"line":65,"column":25},"end":{"line":70,"column":5}},"line":65},"10":{"name":"(anonymous_10)","decl":{"start":{"line":73,"column":21},"end":{"line":73,"column":22}},"loc":{"start":{"line":73,"column":29},"end":{"line":84,"column":3}},"line":73},"11":{"name":"(anonymous_11)","decl":{"start":{"line":77,"column":11},"end":{"line":77,"column":12}},"loc":{"start":{"line":77,"column":25},"end":{"line":83,"column":5}},"line":77},"12":{"name":"(anonymous_12)","decl":{"start":{"line":86,"column":51},"end":{"line":86,"column":52}},"loc":{"start":{"line":86,"column":59},"end":{"line":94,"column":3}},"line":86},"13":{"name":"(anonymous_13)","decl":{"start":{"line":87,"column":74},"end":{"line":87,"column":75}},"loc":{"start":{"line":87,"column":88},"end":{"line":93,"column":5}},"line":87},"14":{"name":"(anonymous_14)","decl":{"start":{"line":96,"column":30},"end":{"line":96,"column":31}},"loc":{"start":{"line":96,"column":38},"end":{"line":106,"column":3}},"line":96},"15":{"name":"(anonymous_15)","decl":{"start":{"line":100,"column":11},"end":{"line":100,"column":12}},"loc":{"start":{"line":100,"column":25},"end":{"line":105,"column":5}},"line":100},"16":{"name":"(anonymous_16)","decl":{"start":{"line":108,"column":34},"end":{"line":108,"column":35}},"loc":{"start":{"line":108,"column":42},"end":{"line":118,"column":3}},"line":108},"17":{"name":"(anonymous_17)","decl":{"start":{"line":112,"column":11},"end":{"line":112,"column":12}},"loc":{"start":{"line":112,"column":25},"end":{"line":117,"column":5}},"line":112},"18":{"name":"(anonymous_18)","decl":{"start":{"line":120,"column":40},"end":{"line":120,"column":41}},"loc":{"start":{"line":120,"column":48},"end":{"line":126,"column":3}},"line":120},"19":{"name":"(anonymous_19)","decl":{"start":{"line":121,"column":113},"end":{"line":121,"column":114}},"loc":{"start":{"line":121,"column":130},"end":{"line":125,"column":5}},"line":121},"20":{"name":"(anonymous_20)","decl":{"start":{"line":128,"column":59},"end":{"line":128,"column":60}},"loc":{"start":{"line":128,"column":67},"end":{"line":133,"column":3}},"line":128},"21":{"name":"(anonymous_21)","decl":{"start":{"line":129,"column":75},"end":{"line":129,"column":76}},"loc":{"start":{"line":129,"column":92},"end":{"line":132,"column":5}},"line":129},"22":{"name":"(anonymous_22)","decl":{"start":{"line":135,"column":61},"end":{"line":135,"column":62}},"loc":{"start":{"line":135,"column":69},"end":{"line":140,"column":3}},"line":135},"23":{"name":"(anonymous_23)","decl":{"start":{"line":136,"column":114},"end":{"line":136,"column":115}},"loc":{"start":{"line":136,"column":131},"end":{"line":139,"column":5}},"line":136}},"branchMap":{"0":{"loc":{"start":{"line":15,"column":46},"end":{"line":15,"column":92}},"type":"cond-expr","locations":[{"start":{"line":15,"column":70},"end":{"line":15,"column":73}},{"start":{"line":15,"column":76},"end":{"line":15,"column":92}}],"line":15},"1":{"loc":{"start":{"line":15,"column":46},"end":{"line":15,"column":67}},"type":"binary-expr","locations":[{"start":{"line":15,"column":46},"end":{"line":15,"column":49}},{"start":{"line":15,"column":53},"end":{"line":15,"column":67}}],"line":15}},"s":{"0":1,"1":1,"2":1,"3":1,"4":1,"5":1,"6":3,"7":1,"8":1,"9":1,"10":1,"11":1,"12":1,"13":1,"14":1,"15":1,"16":1,"17":1,"18":1,"19":1,"20":1,"21":1,"22":1,"23":1,"24":1,"25":1,"26":1,"27":1,"28":1,"29":1,"30":1,"31":1,"32":1,"33":1,"34":1,"35":1,"36":1,"37":1,"38":1,"39":1,"40":1,"41":1,"42":1,"43":1,"44":1,"45":1,"46":1,"47":1,"48":1,"49":1,"50":1,"51":1,"52":1,"53":1,"54":1,"55":1,"56":1,"57":1,"58":1,"59":1,"60":1,"61":1,"62":1,"63":1,"64":1,"65":1,"66":1,"67":1,"68":1,"69":1,"70":1,"71":1,"72":1,"73":1,"74":1,"75":1},"f":{"0":3,"1":1,"2":1,"3":1,"4":1,"5":1,"6":1,"7":1,"8":1,"9":1,"10":1,"11":1,"12":1,"13":1,"14":1,"15":1,"16":1,"17":1,"18":1,"19":1,"20":1,"21":1,"22":1,"23":1},"b":{"0":[0,3],"1":[3,3]},"_coverageSchema":"43e27e138ebf9cfc5966b082cf9a028302ed4184","hash":"eafd8f276dac749a07fa87e5c3977ab9c3838a33","contentHash":"346d72b57959801d25f08b6e881052cb"},"C:\\xampp\\htdocs\\web_dev\\storemanager\\server\\test\\validationTest.js":{"path":"C:\\xampp\\htdocs\\web_dev\\storemanager\\server\\test\\validationTest.js","statementMap":{"0":{"start":{"line":3,"column":12},"end":{"line":3,"column":27}},"1":{"start":{"line":5,"column":13},"end":{"line":5,"column":42}},"2":{"start":{"line":7,"column":16},"end":{"line":7,"column":36}},"3":{"start":{"line":9,"column":17},"end":{"line":9,"column":50}},"4":{"start":{"line":11,"column":13},"end":{"line":11,"column":43}},"5":{"start":{"line":13,"column":14},"end":{"line":13,"column":44}},"6":{"start":{"line":15,"column":16},"end":{"line":15,"column":49}},"7":{"start":{"line":17,"column":17},"end":{"line":17,"column":50}},"8":{"start":{"line":19,"column":13},"end":{"line":19,"column":43}},"9":{"start":{"line":21,"column":14},"end":{"line":21,"column":44}},"10":{"start":{"line":23,"column":15},"end":{"line":23,"column":47}},"11":{"start":{"line":25,"column":16},"end":{"line":25,"column":48}},"12":{"start":{"line":27,"column":39},"end":{"line":27,"column":93}},"13":{"start":{"line":29,"column":19},"end":{"line":29,"column":33}},"14":{"start":{"line":31,"column":0},"end":{"line":31,"column":39}},"15":{"start":{"line":33,"column":0},"end":{"line":50,"column":3}},"16":{"start":{"line":34,"column":2},"end":{"line":39,"column":5}},"17":{"start":{"line":35,"column":19},"end":{"line":35,"column":105}},"18":{"start":{"line":36,"column":4},"end":{"line":36,"column":42}},"19":{"start":{"line":37,"column":4},"end":{"line":37,"column":58}},"20":{"start":{"line":38,"column":4},"end":{"line":38,"column":11}},"21":{"start":{"line":41,"column":2},"end":{"line":49,"column":5}},"22":{"start":{"line":42,"column":19},"end":{"line":42,"column":57}},"23":{"start":{"line":43,"column":4},"end":{"line":43,"column":43}},"24":{"start":{"line":44,"column":4},"end":{"line":44,"column":67}},"25":{"start":{"line":45,"column":4},"end":{"line":45,"column":68}},"26":{"start":{"line":46,"column":4},"end":{"line":46,"column":74}},"27":{"start":{"line":47,"column":4},"end":{"line":47,"column":45}},"28":{"start":{"line":48,"column":4},"end":{"line":48,"column":11}},"29":{"start":{"line":52,"column":0},"end":{"line":73,"column":3}},"30":{"start":{"line":53,"column":2},"end":{"line":60,"column":5}},"31":{"start":{"line":54,"column":19},"end":{"line":56,"column":6}},"32":{"start":{"line":57,"column":4},"end":{"line":57,"column":42}},"33":{"start":{"line":58,"column":4},"end":{"line":58,"column":58}},"34":{"start":{"line":59,"column":4},"end":{"line":59,"column":11}},"35":{"start":{"line":62,"column":2},"end":{"line":72,"column":5}},"36":{"start":{"line":63,"column":19},"end":{"line":63,"column":58}},"37":{"start":{"line":64,"column":4},"end":{"line":64,"column":43}},"38":{"start":{"line":65,"column":4},"end":{"line":65,"column":67}},"39":{"start":{"line":66,"column":4},"end":{"line":66,"column":68}},"40":{"start":{"line":67,"column":4},"end":{"line":67,"column":74}},"41":{"start":{"line":68,"column":4},"end":{"line":68,"column":66}},"42":{"start":{"line":69,"column":4},"end":{"line":69,"column":66}},"43":{"start":{"line":70,"column":4},"end":{"line":70,"column":45}},"44":{"start":{"line":71,"column":4},"end":{"line":71,"column":11}},"45":{"start":{"line":75,"column":0},"end":{"line":96,"column":3}},"46":{"start":{"line":76,"column":2},"end":{"line":83,"column":5}},"47":{"start":{"line":77,"column":19},"end":{"line":79,"column":6}},"48":{"start":{"line":80,"column":4},"end":{"line":80,"column":42}},"49":{"start":{"line":81,"column":4},"end":{"line":81,"column":58}},"50":{"start":{"line":82,"column":4},"end":{"line":82,"column":11}},"51":{"start":{"line":85,"column":2},"end":{"line":95,"column":5}},"52":{"start":{"line":86,"column":19},"end":{"line":86,"column":62}},"53":{"start":{"line":87,"column":4},"end":{"line":87,"column":43}},"54":{"start":{"line":88,"column":4},"end":{"line":88,"column":67}},"55":{"start":{"line":89,"column":4},"end":{"line":89,"column":66}},"56":{"start":{"line":90,"column":4},"end":{"line":90,"column":80}},"57":{"start":{"line":91,"column":4},"end":{"line":91,"column":68}},"58":{"start":{"line":92,"column":4},"end":{"line":92,"column":74}},"59":{"start":{"line":93,"column":4},"end":{"line":93,"column":45}},"60":{"start":{"line":94,"column":4},"end":{"line":94,"column":11}},"61":{"start":{"line":98,"column":0},"end":{"line":116,"column":3}},"62":{"start":{"line":99,"column":2},"end":{"line":106,"column":5}},"63":{"start":{"line":100,"column":19},"end":{"line":102,"column":6}},"64":{"start":{"line":103,"column":4},"end":{"line":103,"column":42}},"65":{"start":{"line":104,"column":4},"end":{"line":104,"column":58}},"66":{"start":{"line":105,"column":4},"end":{"line":105,"column":11}},"67":{"start":{"line":108,"column":2},"end":{"line":115,"column":5}},"68":{"start":{"line":109,"column":19},"end":{"line":109,"column":57}},"69":{"start":{"line":110,"column":4},"end":{"line":110,"column":43}},"70":{"start":{"line":111,"column":4},"end":{"line":111,"column":67}},"71":{"start":{"line":112,"column":4},"end":{"line":112,"column":80}},"72":{"start":{"line":113,"column":4},"end":{"line":113,"column":45}},"73":{"start":{"line":114,"column":4},"end":{"line":114,"column":11}},"74":{"start":{"line":118,"column":0},"end":{"line":130,"column":3}},"75":{"start":{"line":119,"column":2},"end":{"line":123,"column":5}},"76":{"start":{"line":120,"column":19},"end":{"line":120,"column":62}},"77":{"start":{"line":121,"column":4},"end":{"line":121,"column":35}},"78":{"start":{"line":122,"column":4},"end":{"line":122,"column":11}},"79":{"start":{"line":125,"column":2},"end":{"line":129,"column":5}},"80":{"start":{"line":126,"column":19},"end":{"line":126,"column":45}},"81":{"start":{"line":127,"column":4},"end":{"line":127,"column":34}},"82":{"start":{"line":128,"column":4},"end":{"line":128,"column":11}}},"fnMap":{"0":{"name":"_interopRequireDefault","decl":{"start":{"line":27,"column":9},"end":{"line":27,"column":31}},"loc":{"start":{"line":27,"column":37},"end":{"line":27,"column":95}},"line":27},"1":{"name":"(anonymous_1)","decl":{"start":{"line":33,"column":29},"end":{"line":33,"column":30}},"loc":{"start":{"line":33,"column":35},"end":{"line":50,"column":1}},"line":33},"2":{"name":"(anonymous_2)","decl":{"start":{"line":34,"column":62},"end":{"line":34,"column":63}},"loc":{"start":{"line":34,"column":70},"end":{"line":39,"column":3}},"line":34},"3":{"name":"(anonymous_3)","decl":{"start":{"line":41,"column":46},"end":{"line":41,"column":47}},"loc":{"start":{"line":41,"column":54},"end":{"line":49,"column":3}},"line":41},"4":{"name":"(anonymous_4)","decl":{"start":{"line":52,"column":30},"end":{"line":52,"column":31}},"loc":{"start":{"line":52,"column":36},"end":{"line":73,"column":1}},"line":52},"5":{"name":"(anonymous_5)","decl":{"start":{"line":53,"column":62},"end":{"line":53,"column":63}},"loc":{"start":{"line":53,"column":70},"end":{"line":60,"column":3}},"line":53},"6":{"name":"(anonymous_6)","decl":{"start":{"line":62,"column":46},"end":{"line":62,"column":47}},"loc":{"start":{"line":62,"column":54},"end":{"line":72,"column":3}},"line":62},"7":{"name":"(anonymous_7)","decl":{"start":{"line":75,"column":31},"end":{"line":75,"column":32}},"loc":{"start":{"line":75,"column":37},"end":{"line":96,"column":1}},"line":75},"8":{"name":"(anonymous_8)","decl":{"start":{"line":76,"column":62},"end":{"line":76,"column":63}},"loc":{"start":{"line":76,"column":70},"end":{"line":83,"column":3}},"line":76},"9":{"name":"(anonymous_9)","decl":{"start":{"line":85,"column":46},"end":{"line":85,"column":47}},"loc":{"start":{"line":85,"column":54},"end":{"line":95,"column":3}},"line":85},"10":{"name":"(anonymous_10)","decl":{"start":{"line":98,"column":29},"end":{"line":98,"column":30}},"loc":{"start":{"line":98,"column":35},"end":{"line":116,"column":1}},"line":98},"11":{"name":"(anonymous_11)","decl":{"start":{"line":99,"column":62},"end":{"line":99,"column":63}},"loc":{"start":{"line":99,"column":70},"end":{"line":106,"column":3}},"line":99},"12":{"name":"(anonymous_12)","decl":{"start":{"line":108,"column":46},"end":{"line":108,"column":47}},"loc":{"start":{"line":108,"column":54},"end":{"line":115,"column":3}},"line":108},"13":{"name":"(anonymous_13)","decl":{"start":{"line":118,"column":29},"end":{"line":118,"column":30}},"loc":{"start":{"line":118,"column":35},"end":{"line":130,"column":1}},"line":118},"14":{"name":"(anonymous_14)","decl":{"start":{"line":119,"column":56},"end":{"line":119,"column":57}},"loc":{"start":{"line":119,"column":64},"end":{"line":123,"column":3}},"line":119},"15":{"name":"(anonymous_15)","decl":{"start":{"line":125,"column":51},"end":{"line":125,"column":52}},"loc":{"start":{"line":125,"column":59},"end":{"line":129,"column":3}},"line":125}},"branchMap":{"0":{"loc":{"start":{"line":27,"column":46},"end":{"line":27,"column":92}},"type":"cond-expr","locations":[{"start":{"line":27,"column":70},"end":{"line":27,"column":73}},{"start":{"line":27,"column":76},"end":{"line":27,"column":92}}],"line":27},"1":{"loc":{"start":{"line":27,"column":46},"end":{"line":27,"column":67}},"type":"binary-expr","locations":[{"start":{"line":27,"column":46},"end":{"line":27,"column":49}},{"start":{"line":27,"column":53},"end":{"line":27,"column":67}}],"line":27}},"s":{"0":1,"1":1,"2":1,"3":1,"4":1,"5":1,"6":1,"7":1,"8":1,"9":1,"10":1,"11":1,"12":6,"13":1,"14":1,"15":1,"16":1,"17":1,"18":1,"19":1,"20":1,"21":1,"22":1,"23":1,"24":1,"25":1,"26":1,"27":1,"28":1,"29":1,"30":1,"31":1,"32":1,"33":1,"34":1,"35":1,"36":1,"37":1,"38":1,"39":1,"40":1,"41":1,"42":1,"43":1,"44":1,"45":1,"46":1,"47":1,"48":1,"49":1,"50":1,"51":1,"52":1,"53":1,"54":1,"55":1,"56":1,"57":1,"58":1,"59":1,"60":1,"61":1,"62":1,"63":1,"64":1,"65":1,"66":1,"67":1,"68":1,"69":1,"70":1,"71":1,"72":1,"73":1,"74":1,"75":1,"76":1,"77":1,"78":1,"79":1,"80":1,"81":1,"82":1},"f":{"0":6,"1":1,"2":1,"3":1,"4":1,"5":1,"6":1,"7":1,"8":1,"9":1,"10":1,"11":1,"12":1,"13":1,"14":1,"15":1},"b":{"0":[0,6],"1":[6,6]},"_coverageSchema":"43e27e138ebf9cfc5966b082cf9a028302ed4184","hash":"b3d2945fb7c5dc011a90a5b244242328c743282a","contentHash":"2dea5cfabf3e9ca5cec4c187e4e80536"}}