{"C:\\xampp\\htdocs\\web_dev\\storemanager\\server\\test\\app.js":{"path":"C:\\xampp\\htdocs\\web_dev\\storemanager\\server\\test\\app.js","statementMap":{"0":{"start":{"line":3,"column":12},"end":{"line":3,"column":27}},"1":{"start":{"line":5,"column":13},"end":{"line":5,"column":42}},"2":{"start":{"line":7,"column":16},"end":{"line":7,"column":36}},"3":{"start":{"line":9,"column":17},"end":{"line":9,"column":50}},"4":{"start":{"line":11,"column":11},"end":{"line":11,"column":28}},"5":{"start":{"line":13,"column":12},"end":{"line":13,"column":40}},"6":{"start":{"line":15,"column":39},"end":{"line":15,"column":93}},"7":{"start":{"line":17,"column":19},"end":{"line":17,"column":33}},"8":{"start":{"line":19,"column":0},"end":{"line":19,"column":39}},"9":{"start":{"line":21,"column":0},"end":{"line":39,"column":3}},"10":{"start":{"line":22,"column":2},"end":{"line":29,"column":5}},"11":{"start":{"line":23,"column":4},"end":{"line":27,"column":7}},"12":{"start":{"line":24,"column":6},"end":{"line":24,"column":38}},"13":{"start":{"line":25,"column":6},"end":{"line":25,"column":72}},"14":{"start":{"line":26,"column":6},"end":{"line":26,"column":42}},"15":{"start":{"line":28,"column":4},"end":{"line":28,"column":11}},"16":{"start":{"line":31,"column":2},"end":{"line":38,"column":5}},"17":{"start":{"line":32,"column":4},"end":{"line":36,"column":7}},"18":{"start":{"line":33,"column":6},"end":{"line":33,"column":38}},"19":{"start":{"line":34,"column":6},"end":{"line":34,"column":59}},"20":{"start":{"line":35,"column":6},"end":{"line":35,"column":42}},"21":{"start":{"line":37,"column":4},"end":{"line":37,"column":11}}},"fnMap":{"0":{"name":"_interopRequireDefault","decl":{"start":{"line":15,"column":9},"end":{"line":15,"column":31}},"loc":{"start":{"line":15,"column":37},"end":{"line":15,"column":95}},"line":15},"1":{"name":"(anonymous_1)","decl":{"start":{"line":21,"column":16},"end":{"line":21,"column":17}},"loc":{"start":{"line":21,"column":22},"end":{"line":39,"column":1}},"line":21},"2":{"name":"(anonymous_2)","decl":{"start":{"line":22,"column":39},"end":{"line":22,"column":40}},"loc":{"start":{"line":22,"column":47},"end":{"line":29,"column":3}},"line":22},"3":{"name":"(anonymous_3)","decl":{"start":{"line":23,"column":55},"end":{"line":23,"column":56}},"loc":{"start":{"line":23,"column":69},"end":{"line":27,"column":5}},"line":23},"4":{"name":"(anonymous_4)","decl":{"start":{"line":31,"column":49},"end":{"line":31,"column":50}},"loc":{"start":{"line":31,"column":57},"end":{"line":38,"column":3}},"line":31},"5":{"name":"(anonymous_5)","decl":{"start":{"line":32,"column":56},"end":{"line":32,"column":57}},"loc":{"start":{"line":32,"column":70},"end":{"line":36,"column":5}},"line":32}},"branchMap":{"0":{"loc":{"start":{"line":15,"column":46},"end":{"line":15,"column":92}},"type":"cond-expr","locations":[{"start":{"line":15,"column":70},"end":{"line":15,"column":73}},{"start":{"line":15,"column":76},"end":{"line":15,"column":92}}],"line":15},"1":{"loc":{"start":{"line":15,"column":46},"end":{"line":15,"column":67}},"type":"binary-expr","locations":[{"start":{"line":15,"column":46},"end":{"line":15,"column":49}},{"start":{"line":15,"column":53},"end":{"line":15,"column":67}}],"line":15}},"s":{"0":1,"1":1,"2":1,"3":1,"4":1,"5":1,"6":3,"7":1,"8":1,"9":1,"10":1,"11":1,"12":1,"13":1,"14":1,"15":1,"16":1,"17":1,"18":1,"19":1,"20":1,"21":1},"f":{"0":3,"1":1,"2":1,"3":1,"4":1,"5":1},"b":{"0":[0,3],"1":[3,3]},"_coverageSchema":"43e27e138ebf9cfc5966b082cf9a028302ed4184","hash":"d52e3e52d61aad036a998dbc7810e3beb0a659d4","contentHash":"17929a0fe14fc0b608d033b122591de2"},"C:\\xampp\\htdocs\\web_dev\\storemanager\\server\\routes\\api\\v1\\products.js":{"path":"C:\\xampp\\htdocs\\web_dev\\storemanager\\server\\routes\\api\\v1\\products.js","statementMap":{"0":{"start":{"line":3,"column":15},"end":{"line":3,"column":33}},"1":{"start":{"line":5,"column":16},"end":{"line":5,"column":48}},"2":{"start":{"line":7,"column":20},"end":{"line":7,"column":63}},"3":{"start":{"line":9,"column":21},"end":{"line":9,"column":58}},"4":{"start":{"line":11,"column":16},"end":{"line":11,"column":56}},"5":{"start":{"line":13,"column":17},"end":{"line":13,"column":50}},"6":{"start":{"line":15,"column":39},"end":{"line":15,"column":93}},"7":{"start":{"line":19,"column":32},"end":{"line":19,"column":54}},"8":{"start":{"line":23,"column":4},"end":{"line":23,"column":22}},"9":{"start":{"line":53,"column":15},"end":{"line":53,"column":41}},"10":{"start":{"line":58,"column":0},"end":{"line":58,"column":41}},"11":{"start":{"line":63,"column":0},"end":{"line":63,"column":47}},"12":{"start":{"line":69,"column":0},"end":{"line":69,"column":53}},"13":{"start":{"line":74,"column":0},"end":{"line":74,"column":62}},"14":{"start":{"line":79,"column":0},"end":{"line":79,"column":59}},"15":{"start":{"line":84,"column":0},"end":{"line":84,"column":77}},"16":{"start":{"line":86,"column":0},"end":{"line":86,"column":24}}},"fnMap":{"0":{"name":"_interopRequireDefault","decl":{"start":{"line":15,"column":9},"end":{"line":15,"column":31}},"loc":{"start":{"line":15,"column":37},"end":{"line":15,"column":95}},"line":15}},"branchMap":{"0":{"loc":{"start":{"line":15,"column":46},"end":{"line":15,"column":92}},"type":"cond-expr","locations":[{"start":{"line":15,"column":70},"end":{"line":15,"column":73}},{"start":{"line":15,"column":76},"end":{"line":15,"column":92}}],"line":15},"1":{"loc":{"start":{"line":15,"column":46},"end":{"line":15,"column":67}},"type":"binary-expr","locations":[{"start":{"line":15,"column":46},"end":{"line":15,"column":49}},{"start":{"line":15,"column":53},"end":{"line":15,"column":67}}],"line":15}},"s":{"0":1,"1":1,"2":1,"3":1,"4":1,"5":1,"6":3,"7":1,"8":1,"9":1,"10":1,"11":1,"12":1,"13":1,"14":1,"15":1,"16":1},"f":{"0":3},"b":{"0":[2,1],"1":[3,3]},"_coverageSchema":"43e27e138ebf9cfc5966b082cf9a028302ed4184","hash":"1d8110c56a2b37110a4d123636f52e883f051dd0","contentHash":"4b0e341ff6838cf08368a7a7595e9922"},"C:\\xampp\\htdocs\\web_dev\\storemanager\\server\\middleware\\authenticate.js":{"path":"C:\\xampp\\htdocs\\web_dev\\storemanager\\server\\middleware\\authenticate.js","statementMap":{"0":{"start":{"line":3,"column":0},"end":{"line":5,"column":3}},"1":{"start":{"line":7,"column":20},"end":{"line":7,"column":43}},"2":{"start":{"line":9,"column":21},"end":{"line":9,"column":58}},"3":{"start":{"line":11,"column":14},"end":{"line":11,"column":31}},"4":{"start":{"line":13,"column":15},"end":{"line":13,"column":46}},"5":{"start":{"line":15,"column":39},"end":{"line":15,"column":93}},"6":{"start":{"line":17,"column":0},"end":{"line":17,"column":26}},"7":{"start":{"line":21,"column":26},"end":{"line":21,"column":37}},"8":{"start":{"line":25,"column":4},"end":{"line":32,"column":5}},"9":{"start":{"line":26,"column":20},"end":{"line":26,"column":59}},"10":{"start":{"line":27,"column":22},"end":{"line":27,"column":73}},"11":{"start":{"line":28,"column":6},"end":{"line":28,"column":25}},"12":{"start":{"line":29,"column":6},"end":{"line":29,"column":13}},"13":{"start":{"line":31,"column":6},"end":{"line":31,"column":63}},"14":{"start":{"line":37,"column":4},"end":{"line":39,"column":5}},"15":{"start":{"line":38,"column":6},"end":{"line":38,"column":63}},"16":{"start":{"line":40,"column":4},"end":{"line":40,"column":11}},"17":{"start":{"line":45,"column":4},"end":{"line":47,"column":5}},"18":{"start":{"line":46,"column":6},"end":{"line":46,"column":63}},"19":{"start":{"line":48,"column":4},"end":{"line":48,"column":11}},"20":{"start":{"line":52,"column":0},"end":{"line":52,"column":31}}},"fnMap":{"0":{"name":"_interopRequireDefault","decl":{"start":{"line":15,"column":9},"end":{"line":15,"column":31}},"loc":{"start":{"line":15,"column":37},"end":{"line":15,"column":95}},"line":15},"1":{"name":"(anonymous_1)","decl":{"start":{"line":24,"column":2},"end":{"line":24,"column":3}},"loc":{"start":{"line":24,"column":36},"end":{"line":33,"column":3}},"line":24},"2":{"name":"(anonymous_2)","decl":{"start":{"line":36,"column":2},"end":{"line":36,"column":3}},"loc":{"start":{"line":36,"column":33},"end":{"line":41,"column":3}},"line":36},"3":{"name":"(anonymous_3)","decl":{"start":{"line":44,"column":2},"end":{"line":44,"column":3}},"loc":{"start":{"line":44,"column":42},"end":{"line":49,"column":3}},"line":44}},"branchMap":{"0":{"loc":{"start":{"line":15,"column":46},"end":{"line":15,"column":92}},"type":"cond-expr","locations":[{"start":{"line":15,"column":70},"end":{"line":15,"column":73}},{"start":{"line":15,"column":76},"end":{"line":15,"column":92}}],"line":15},"1":{"loc":{"start":{"line":15,"column":46},"end":{"line":15,"column":67}},"type":"binary-expr","locations":[{"start":{"line":15,"column":46},"end":{"line":15,"column":49}},{"start":{"line":15,"column":53},"end":{"line":15,"column":67}}],"line":15},"2":{"loc":{"start":{"line":37,"column":4},"end":{"line":39,"column":5}},"type":"if","locations":[{"start":{"line":37,"column":4},"end":{"line":39,"column":5}},{"start":{"line":37,"column":4},"end":{"line":39,"column":5}}],"line":37},"3":{"loc":{"start":{"line":45,"column":4},"end":{"line":47,"column":5}},"type":"if","locations":[{"start":{"line":45,"column":4},"end":{"line":47,"column":5}},{"start":{"line":45,"column":4},"end":{"line":47,"column":5}}],"line":45}},"s":{"0":1,"1":1,"2":1,"3":1,"4":1,"5":2,"6":1,"7":1,"8":58,"9":58,"10":52,"11":52,"12":52,"13":6,"14":36,"15":2,"16":34,"17":0,"18":0,"19":0,"20":1},"f":{"0":2,"1":58,"2":36,"3":0},"b":{"0":[0,2],"1":[2,2],"2":[2,34],"3":[0,0]},"_coverageSchema":"43e27e138ebf9cfc5966b082cf9a028302ed4184","hash":"d4b2366205453ff7776429efa2bbf3d675a4d38b","contentHash":"49fa31bcf4710713658dc69fc46c5fbb"},"C:\\xampp\\htdocs\\web_dev\\storemanager\\server\\controllers\\products.js":{"path":"C:\\xampp\\htdocs\\web_dev\\storemanager\\server\\controllers\\products.js","statementMap":{"0":{"start":{"line":3,"column":0},"end":{"line":5,"column":3}},"1":{"start":{"line":7,"column":9},"end":{"line":7,"column":27}},"2":{"start":{"line":9,"column":10},"end":{"line":9,"column":36}},"3":{"start":{"line":11,"column":14},"end":{"line":11,"column":31}},"4":{"start":{"line":13,"column":15},"end":{"line":13,"column":46}},"5":{"start":{"line":15,"column":10},"end":{"line":15,"column":33}},"6":{"start":{"line":17,"column":11},"end":{"line":17,"column":38}},"7":{"start":{"line":19,"column":16},"end":{"line":19,"column":49}},"8":{"start":{"line":21,"column":17},"end":{"line":21,"column":50}},"9":{"start":{"line":23,"column":39},"end":{"line":23,"column":93}},"10":{"start":{"line":25,"column":0},"end":{"line":25,"column":26}},"11":{"start":{"line":40,"column":32},"end":{"line":40,"column":81}},"12":{"start":{"line":42,"column":4},"end":{"line":44,"column":5}},"13":{"start":{"line":43,"column":6},"end":{"line":43,"column":42}},"14":{"start":{"line":46,"column":23},"end":{"line":46,"column":56}},"15":{"start":{"line":47,"column":4},"end":{"line":49,"column":5}},"16":{"start":{"line":48,"column":6},"end":{"line":48,"column":35}},"17":{"start":{"line":52,"column":8},"end":{"line":52,"column":16}},"18":{"start":{"line":53,"column":17},"end":{"line":53,"column":32}},"19":{"start":{"line":55,"column":17},"end":{"line":58,"column":16}},"20":{"start":{"line":59,"column":19},"end":{"line":59,"column":101}},"21":{"start":{"line":61,"column":4},"end":{"line":71,"column":7}},"22":{"start":{"line":62,"column":23},"end":{"line":62,"column":36}},"23":{"start":{"line":63,"column":6},"end":{"line":66,"column":8}},"24":{"start":{"line":68,"column":6},"end":{"line":68,"column":93}},"25":{"start":{"line":70,"column":6},"end":{"line":70,"column":88}},"26":{"start":{"line":84,"column":26},"end":{"line":84,"column":51}},"27":{"start":{"line":85,"column":4},"end":{"line":92,"column":7}},"28":{"start":{"line":86,"column":6},"end":{"line":88,"column":7}},"29":{"start":{"line":87,"column":8},"end":{"line":87,"column":69}},"30":{"start":{"line":89,"column":6},"end":{"line":89,"column":51}},"31":{"start":{"line":91,"column":6},"end":{"line":91,"column":92}},"32":{"start":{"line":105,"column":19},"end":{"line":105,"column":29}},"33":{"start":{"line":107,"column":17},"end":{"line":107,"column":55}},"34":{"start":{"line":108,"column":30},"end":{"line":108,"column":34}},"35":{"start":{"line":109,"column":4},"end":{"line":116,"column":7}},"36":{"start":{"line":110,"column":6},"end":{"line":112,"column":7}},"37":{"start":{"line":111,"column":8},"end":{"line":111,"column":85}},"38":{"start":{"line":113,"column":6},"end":{"line":113,"column":42}},"39":{"start":{"line":115,"column":6},"end":{"line":115,"column":100}},"40":{"start":{"line":129,"column":19},"end":{"line":129,"column":29}},"41":{"start":{"line":130,"column":17},"end":{"line":130,"column":55}},"42":{"start":{"line":131,"column":30},"end":{"line":131,"column":34}},"43":{"start":{"line":132,"column":4},"end":{"line":147,"column":7}},"44":{"start":{"line":133,"column":6},"end":{"line":135,"column":7}},"45":{"start":{"line":134,"column":8},"end":{"line":134,"column":85}},"46":{"start":{"line":136,"column":32},"end":{"line":136,"column":80}},"47":{"start":{"line":137,"column":38},"end":{"line":137,"column":42}},"48":{"start":{"line":138,"column":6},"end":{"line":144,"column":9}},"49":{"start":{"line":139,"column":8},"end":{"line":141,"column":9}},"50":{"start":{"line":140,"column":10},"end":{"line":140,"column":98}},"51":{"start":{"line":143,"column":8},"end":{"line":143,"column":94}},"52":{"start":{"line":146,"column":6},"end":{"line":146,"column":92}},"53":{"start":{"line":160,"column":19},"end":{"line":160,"column":29}},"54":{"start":{"line":162,"column":23},"end":{"line":162,"column":55}},"55":{"start":{"line":163,"column":4},"end":{"line":165,"column":5}},"56":{"start":{"line":164,"column":6},"end":{"line":164,"column":35}},"57":{"start":{"line":168,"column":8},"end":{"line":168,"column":16}},"58":{"start":{"line":170,"column":17},"end":{"line":170,"column":156}},"59":{"start":{"line":171,"column":19},"end":{"line":171,"column":85}},"60":{"start":{"line":173,"column":4},"end":{"line":177,"column":7}},"61":{"start":{"line":174,"column":6},"end":{"line":174,"column":49}},"62":{"start":{"line":176,"column":6},"end":{"line":176,"column":92}},"63":{"start":{"line":190,"column":31},"end":{"line":190,"column":41}},"64":{"start":{"line":192,"column":25},"end":{"line":192,"column":63}},"65":{"start":{"line":193,"column":35},"end":{"line":193,"column":39}},"66":{"start":{"line":194,"column":4},"end":{"line":216,"column":7}},"67":{"start":{"line":195,"column":6},"end":{"line":197,"column":7}},"68":{"start":{"line":196,"column":8},"end":{"line":196,"column":85}},"69":{"start":{"line":198,"column":28},"end":{"line":198,"column":68}},"70":{"start":{"line":199,"column":38},"end":{"line":199,"column":50}},"71":{"start":{"line":200,"column":6},"end":{"line":213,"column":9}},"72":{"start":{"line":201,"column":8},"end":{"line":203,"column":9}},"73":{"start":{"line":202,"column":10},"end":{"line":202,"column":96}},"74":{"start":{"line":204,"column":34},"end":{"line":204,"column":115}},"75":{"start":{"line":205,"column":36},"end":{"line":205,"column":64}},"76":{"start":{"line":206,"column":8},"end":{"line":210,"column":11}},"77":{"start":{"line":207,"column":10},"end":{"line":207,"column":96}},"78":{"start":{"line":209,"column":10},"end":{"line":209,"column":108}},"79":{"start":{"line":212,"column":8},"end":{"line":212,"column":106}},"80":{"start":{"line":215,"column":6},"end":{"line":215,"column":104}},"81":{"start":{"line":220,"column":0},"end":{"line":220,"column":36}}},"fnMap":{"0":{"name":"_interopRequireDefault","decl":{"start":{"line":23,"column":9},"end":{"line":23,"column":31}},"loc":{"start":{"line":23,"column":37},"end":{"line":23,"column":95}},"line":23},"1":{"name":"(anonymous_1)","decl":{"start":{"line":39,"column":2},"end":{"line":39,"column":3}},"loc":{"start":{"line":39,"column":33},"end":{"line":72,"column":3}},"line":39},"2":{"name":"(anonymous_2)","decl":{"start":{"line":61,"column":42},"end":{"line":61,"column":43}},"loc":{"start":{"line":61,"column":51},"end":{"line":69,"column":5}},"line":61},"3":{"name":"(anonymous_3)","decl":{"start":{"line":69,"column":13},"end":{"line":69,"column":14}},"loc":{"start":{"line":69,"column":19},"end":{"line":71,"column":5}},"line":69},"4":{"name":"(anonymous_4)","decl":{"start":{"line":83,"column":2},"end":{"line":83,"column":3}},"loc":{"start":{"line":83,"column":31},"end":{"line":93,"column":3}},"line":83},"5":{"name":"(anonymous_5)","decl":{"start":{"line":85,"column":43},"end":{"line":85,"column":44}},"loc":{"start":{"line":85,"column":57},"end":{"line":90,"column":5}},"line":85},"6":{"name":"(anonymous_6)","decl":{"start":{"line":90,"column":13},"end":{"line":90,"column":14}},"loc":{"start":{"line":90,"column":19},"end":{"line":92,"column":5}},"line":90},"7":{"name":"(anonymous_7)","decl":{"start":{"line":104,"column":2},"end":{"line":104,"column":3}},"loc":{"start":{"line":104,"column":34},"end":{"line":117,"column":3}},"line":104},"8":{"name":"(anonymous_8)","decl":{"start":{"line":109,"column":53},"end":{"line":109,"column":54}},"loc":{"start":{"line":109,"column":67},"end":{"line":114,"column":5}},"line":109},"9":{"name":"(anonymous_9)","decl":{"start":{"line":114,"column":13},"end":{"line":114,"column":14}},"loc":{"start":{"line":114,"column":19},"end":{"line":116,"column":5}},"line":114},"10":{"name":"(anonymous_10)","decl":{"start":{"line":128,"column":2},"end":{"line":128,"column":3}},"loc":{"start":{"line":128,"column":37},"end":{"line":148,"column":3}},"line":128},"11":{"name":"(anonymous_11)","decl":{"start":{"line":132,"column":53},"end":{"line":132,"column":54}},"loc":{"start":{"line":132,"column":67},"end":{"line":145,"column":5}},"line":132},"12":{"name":"(anonymous_12)","decl":{"start":{"line":138,"column":74},"end":{"line":138,"column":75}},"loc":{"start":{"line":138,"column":83},"end":{"line":142,"column":7}},"line":138},"13":{"name":"(anonymous_13)","decl":{"start":{"line":142,"column":15},"end":{"line":142,"column":16}},"loc":{"start":{"line":142,"column":21},"end":{"line":144,"column":7}},"line":142},"14":{"name":"(anonymous_14)","decl":{"start":{"line":145,"column":13},"end":{"line":145,"column":14}},"loc":{"start":{"line":145,"column":19},"end":{"line":147,"column":5}},"line":145},"15":{"name":"(anonymous_15)","decl":{"start":{"line":159,"column":2},"end":{"line":159,"column":3}},"loc":{"start":{"line":159,"column":37},"end":{"line":178,"column":3}},"line":159},"16":{"name":"(anonymous_16)","decl":{"start":{"line":173,"column":42},"end":{"line":173,"column":43}},"loc":{"start":{"line":173,"column":51},"end":{"line":175,"column":5}},"line":173},"17":{"name":"(anonymous_17)","decl":{"start":{"line":175,"column":13},"end":{"line":175,"column":14}},"loc":{"start":{"line":175,"column":19},"end":{"line":177,"column":5}},"line":175},"18":{"name":"(anonymous_18)","decl":{"start":{"line":189,"column":2},"end":{"line":189,"column":3}},"loc":{"start":{"line":189,"column":43},"end":{"line":217,"column":3}},"line":189},"19":{"name":"(anonymous_19)","decl":{"start":{"line":194,"column":66},"end":{"line":194,"column":67}},"loc":{"start":{"line":194,"column":80},"end":{"line":214,"column":5}},"line":194},"20":{"name":"(anonymous_20)","decl":{"start":{"line":200,"column":70},"end":{"line":200,"column":71}},"loc":{"start":{"line":200,"column":92},"end":{"line":211,"column":7}},"line":200},"21":{"name":"(anonymous_21)","decl":{"start":{"line":206,"column":72},"end":{"line":206,"column":73}},"loc":{"start":{"line":206,"column":78},"end":{"line":208,"column":9}},"line":206},"22":{"name":"(anonymous_22)","decl":{"start":{"line":208,"column":17},"end":{"line":208,"column":18}},"loc":{"start":{"line":208,"column":23},"end":{"line":210,"column":9}},"line":208},"23":{"name":"(anonymous_23)","decl":{"start":{"line":211,"column":15},"end":{"line":211,"column":16}},"loc":{"start":{"line":211,"column":21},"end":{"line":213,"column":7}},"line":211},"24":{"name":"(anonymous_24)","decl":{"start":{"line":214,"column":13},"end":{"line":214,"column":14}},"loc":{"start":{"line":214,"column":19},"end":{"line":216,"column":5}},"line":214}},"branchMap":{"0":{"loc":{"start":{"line":23,"column":46},"end":{"line":23,"column":92}},"type":"cond-expr","locations":[{"start":{"line":23,"column":70},"end":{"line":23,"column":73}},{"start":{"line":23,"column":76},"end":{"line":23,"column":92}}],"line":23},"1":{"loc":{"start":{"line":23,"column":46},"end":{"line":23,"column":67}},"type":"binary-expr","locations":[{"start":{"line":23,"column":46},"end":{"line":23,"column":49}},{"start":{"line":23,"column":53},"end":{"line":23,"column":67}}],"line":23},"2":{"loc":{"start":{"line":42,"column":4},"end":{"line":44,"column":5}},"type":"if","locations":[{"start":{"line":42,"column":4},"end":{"line":44,"column":5}},{"start":{"line":42,"column":4},"end":{"line":44,"column":5}}],"line":42},"3":{"loc":{"start":{"line":47,"column":4},"end":{"line":49,"column":5}},"type":"if","locations":[{"start":{"line":47,"column":4},"end":{"line":49,"column":5}},{"start":{"line":47,"column":4},"end":{"line":49,"column":5}}],"line":47},"4":{"loc":{"start":{"line":86,"column":6},"end":{"line":88,"column":7}},"type":"if","locations":[{"start":{"line":86,"column":6},"end":{"line":88,"column":7}},{"start":{"line":86,"column":6},"end":{"line":88,"column":7}}],"line":86},"5":{"loc":{"start":{"line":110,"column":6},"end":{"line":112,"column":7}},"type":"if","locations":[{"start":{"line":110,"column":6},"end":{"line":112,"column":7}},{"start":{"line":110,"column":6},"end":{"line":112,"column":7}}],"line":110},"6":{"loc":{"start":{"line":133,"column":6},"end":{"line":135,"column":7}},"type":"if","locations":[{"start":{"line":133,"column":6},"end":{"line":135,"column":7}},{"start":{"line":133,"column":6},"end":{"line":135,"column":7}}],"line":133},"7":{"loc":{"start":{"line":139,"column":8},"end":{"line":141,"column":9}},"type":"if","locations":[{"start":{"line":139,"column":8},"end":{"line":141,"column":9}},{"start":{"line":139,"column":8},"end":{"line":141,"column":9}}],"line":139},"8":{"loc":{"start":{"line":163,"column":4},"end":{"line":165,"column":5}},"type":"if","locations":[{"start":{"line":163,"column":4},"end":{"line":165,"column":5}},{"start":{"line":163,"column":4},"end":{"line":165,"column":5}}],"line":163},"9":{"loc":{"start":{"line":195,"column":6},"end":{"line":197,"column":7}},"type":"if","locations":[{"start":{"line":195,"column":6},"end":{"line":197,"column":7}},{"start":{"line":195,"column":6},"end":{"line":197,"column":7}}],"line":195},"10":{"loc":{"start":{"line":201,"column":8},"end":{"line":203,"column":9}},"type":"if","locations":[{"start":{"line":201,"column":8},"end":{"line":203,"column":9}},{"start":{"line":201,"column":8},"end":{"line":203,"column":9}}],"line":201}},"s":{"0":1,"1":1,"2":1,"3":1,"4":1,"5":1,"6":1,"7":1,"8":1,"9":4,"10":1,"11":2,"12":2,"13":1,"14":1,"15":1,"16":0,"17":1,"18":1,"19":1,"20":1,"21":1,"22":1,"23":1,"24":1,"25":0,"26":12,"27":12,"28":12,"29":0,"30":12,"31":0,"32":3,"33":3,"34":3,"35":3,"36":2,"37":1,"38":1,"39":1,"40":3,"41":3,"42":3,"43":3,"44":2,"45":1,"46":1,"47":1,"48":1,"49":1,"50":1,"51":0,"52":1,"53":2,"54":2,"55":2,"56":0,"57":2,"58":2,"59":2,"60":2,"61":1,"62":1,"63":3,"64":3,"65":3,"66":3,"67":3,"68":1,"69":2,"70":2,"71":2,"72":2,"73":1,"74":1,"75":1,"76":1,"77":1,"78":0,"79":0,"80":0,"81":1},"f":{"0":4,"1":2,"2":1,"3":0,"4":12,"5":12,"6":0,"7":3,"8":2,"9":1,"10":3,"11":2,"12":1,"13":0,"14":1,"15":2,"16":1,"17":1,"18":3,"19":3,"20":2,"21":1,"22":0,"23":0,"24":0},"b":{"0":[1,3],"1":[4,4],"2":[1,1],"3":[0,1],"4":[0,12],"5":[1,1],"6":[1,1],"7":[1,0],"8":[0,2],"9":[1,2],"10":[1,1]},"_coverageSchema":"43e27e138ebf9cfc5966b082cf9a028302ed4184","hash":"9eeeb5e95c05ce10935201ded87cfa2c51a73a33","contentHash":"2e8260526af7d6717042760847a2ac99"},"C:\\xampp\\htdocs\\web_dev\\storemanager\\server\\models\\db.js":{"path":"C:\\xampp\\htdocs\\web_dev\\storemanager\\server\\models\\db.js","statementMap":{"0":{"start":{"line":3,"column":0},"end":{"line":5,"column":3}},"1":{"start":{"line":7,"column":10},"end":{"line":7,"column":23}},"2":{"start":{"line":9,"column":14},"end":{"line":9,"column":31}},"3":{"start":{"line":11,"column":15},"end":{"line":11,"column":46}},"4":{"start":{"line":13,"column":39},"end":{"line":13,"column":93}},"5":{"start":{"line":15,"column":0},"end":{"line":15,"column":26}},"6":{"start":{"line":19,"column":13},"end":{"line":21,"column":2}},"7":{"start":{"line":23,"column":0},"end":{"line":39,"column":2}},"8":{"start":{"line":31,"column":4},"end":{"line":37,"column":7}},"9":{"start":{"line":32,"column":6},"end":{"line":36,"column":9}},"10":{"start":{"line":33,"column":8},"end":{"line":33,"column":21}},"11":{"start":{"line":35,"column":8},"end":{"line":35,"column":20}}},"fnMap":{"0":{"name":"_interopRequireDefault","decl":{"start":{"line":13,"column":9},"end":{"line":13,"column":31}},"loc":{"start":{"line":13,"column":37},"end":{"line":13,"column":95}},"line":13},"1":{"name":"(anonymous_1)","decl":{"start":{"line":30,"column":2},"end":{"line":30,"column":3}},"loc":{"start":{"line":30,"column":22},"end":{"line":38,"column":3}},"line":30},"2":{"name":"(anonymous_2)","decl":{"start":{"line":31,"column":23},"end":{"line":31,"column":24}},"loc":{"start":{"line":31,"column":44},"end":{"line":37,"column":5}},"line":31},"3":{"name":"(anonymous_3)","decl":{"start":{"line":32,"column":36},"end":{"line":32,"column":37}},"loc":{"start":{"line":32,"column":43},"end":{"line":34,"column":7}},"line":32},"4":{"name":"(anonymous_4)","decl":{"start":{"line":34,"column":15},"end":{"line":34,"column":16}},"loc":{"start":{"line":34,"column":22},"end":{"line":36,"column":7}},"line":34}},"branchMap":{"0":{"loc":{"start":{"line":13,"column":46},"end":{"line":13,"column":92}},"type":"cond-expr","locations":[{"start":{"line":13,"column":70},"end":{"line":13,"column":73}},{"start":{"line":13,"column":76},"end":{"line":13,"column":92}}],"line":13},"1":{"loc":{"start":{"line":13,"column":46},"end":{"line":13,"column":67}},"type":"binary-expr","locations":[{"start":{"line":13,"column":46},"end":{"line":13,"column":49}},{"start":{"line":13,"column":53},"end":{"line":13,"column":67}}],"line":13}},"s":{"0":1,"1":1,"2":1,"3":1,"4":1,"5":1,"6":1,"7":1,"8":63,"9":63,"10":60,"11":3},"f":{"0":1,"1":63,"2":63,"3":60,"4":3},"b":{"0":[0,1],"1":[1,1]},"_coverageSchema":"43e27e138ebf9cfc5966b082cf9a028302ed4184","hash":"a83b43dffc5acf4fa56b6603d58db3ca5a6ebbd9","contentHash":"55429581d0b2b2b7771b42c898d2acd0"},"C:\\xampp\\htdocs\\web_dev\\storemanager\\server\\validation\\products.js":{"path":"C:\\xampp\\htdocs\\web_dev\\storemanager\\server\\validation\\products.js","statementMap":{"0":{"start":{"line":3,"column":17},"end":{"line":3,"column":37}},"1":{"start":{"line":5,"column":18},"end":{"line":5,"column":52}},"2":{"start":{"line":7,"column":15},"end":{"line":7,"column":35}},"3":{"start":{"line":9,"column":16},"end":{"line":9,"column":48}},"4":{"start":{"line":11,"column":39},"end":{"line":11,"column":93}},"5":{"start":{"line":13,"column":29},"end":{"line":53,"column":1}},"6":{"start":{"line":14,"column":17},"end":{"line":14,"column":19}},"7":{"start":{"line":15,"column":15},"end":{"line":15,"column":20}},"8":{"start":{"line":16,"column":2},"end":{"line":16,"column":66}},"9":{"start":{"line":17,"column":2},"end":{"line":17,"column":87}},"10":{"start":{"line":18,"column":2},"end":{"line":18,"column":78}},"11":{"start":{"line":19,"column":2},"end":{"line":19,"column":69}},"12":{"start":{"line":21,"column":2},"end":{"line":23,"column":3}},"13":{"start":{"line":22,"column":4},"end":{"line":22,"column":43}},"14":{"start":{"line":25,"column":2},"end":{"line":27,"column":3}},"15":{"start":{"line":26,"column":4},"end":{"line":26,"column":57}},"16":{"start":{"line":29,"column":2},"end":{"line":33,"column":3}},"17":{"start":{"line":30,"column":4},"end":{"line":32,"column":5}},"18":{"start":{"line":31,"column":6},"end":{"line":31,"column":52}},"19":{"start":{"line":35,"column":2},"end":{"line":37,"column":3}},"20":{"start":{"line":36,"column":4},"end":{"line":36,"column":45}},"21":{"start":{"line":39,"column":2},"end":{"line":43,"column":3}},"22":{"start":{"line":40,"column":4},"end":{"line":42,"column":5}},"23":{"start":{"line":41,"column":6},"end":{"line":41,"column":57}},"24":{"start":{"line":45,"column":2},"end":{"line":47,"column":3}},"25":{"start":{"line":46,"column":4},"end":{"line":46,"column":51}},"26":{"start":{"line":49,"column":2},"end":{"line":52,"column":4}},"27":{"start":{"line":55,"column":0},"end":{"line":57,"column":2}}},"fnMap":{"0":{"name":"_interopRequireDefault","decl":{"start":{"line":11,"column":9},"end":{"line":11,"column":31}},"loc":{"start":{"line":11,"column":37},"end":{"line":11,"column":95}},"line":11},"1":{"name":"(anonymous_1)","decl":{"start":{"line":13,"column":29},"end":{"line":13,"column":30}},"loc":{"start":{"line":13,"column":38},"end":{"line":53,"column":1}},"line":13}},"branchMap":{"0":{"loc":{"start":{"line":11,"column":46},"end":{"line":11,"column":92}},"type":"cond-expr","locations":[{"start":{"line":11,"column":70},"end":{"line":11,"column":73}},{"start":{"line":11,"column":76},"end":{"line":11,"column":92}}],"line":11},"1":{"loc":{"start":{"line":11,"column":46},"end":{"line":11,"column":67}},"type":"binary-expr","locations":[{"start":{"line":11,"column":46},"end":{"line":11,"column":49}},{"start":{"line":11,"column":53},"end":{"line":11,"column":67}}],"line":11},"2":{"loc":{"start":{"line":16,"column":14},"end":{"line":16,"column":65}},"type":"cond-expr","locations":[{"start":{"line":16,"column":51},"end":{"line":16,"column":60}},{"start":{"line":16,"column":63},"end":{"line":16,"column":65}}],"line":16},"3":{"loc":{"start":{"line":17,"column":21},"end":{"line":17,"column":86}},"type":"cond-expr","locations":[{"start":{"line":17,"column":65},"end":{"line":17,"column":81}},{"start":{"line":17,"column":84},"end":{"line":17,"column":86}}],"line":17},"4":{"loc":{"start":{"line":18,"column":18},"end":{"line":18,"column":77}},"type":"cond-expr","locations":[{"start":{"line":18,"column":59},"end":{"line":18,"column":72}},{"start":{"line":18,"column":75},"end":{"line":18,"column":77}}],"line":18},"5":{"loc":{"start":{"line":19,"column":15},"end":{"line":19,"column":68}},"type":"cond-expr","locations":[{"start":{"line":19,"column":53},"end":{"line":19,"column":63}},{"start":{"line":19,"column":66},"end":{"line":19,"column":68}}],"line":19},"6":{"loc":{"start":{"line":21,"column":2},"end":{"line":23,"column":3}},"type":"if","locations":[{"start":{"line":21,"column":2},"end":{"line":23,"column":3}},{"start":{"line":21,"column":2},"end":{"line":23,"column":3}}],"line":21},"7":{"loc":{"start":{"line":25,"column":2},"end":{"line":27,"column":3}},"type":"if","locations":[{"start":{"line":25,"column":2},"end":{"line":27,"column":3}},{"start":{"line":25,"column":2},"end":{"line":27,"column":3}}],"line":25},"8":{"loc":{"start":{"line":29,"column":2},"end":{"line":33,"column":3}},"type":"if","locations":[{"start":{"line":29,"column":2},"end":{"line":33,"column":3}},{"start":{"line":29,"column":2},"end":{"line":33,"column":3}}],"line":29},"9":{"loc":{"start":{"line":30,"column":4},"end":{"line":32,"column":5}},"type":"if","locations":[{"start":{"line":30,"column":4},"end":{"line":32,"column":5}},{"start":{"line":30,"column":4},"end":{"line":32,"column":5}}],"line":30},"10":{"loc":{"start":{"line":35,"column":2},"end":{"line":37,"column":3}},"type":"if","locations":[{"start":{"line":35,"column":2},"end":{"line":37,"column":3}},{"start":{"line":35,"column":2},"end":{"line":37,"column":3}}],"line":35},"11":{"loc":{"start":{"line":39,"column":2},"end":{"line":43,"column":3}},"type":"if","locations":[{"start":{"line":39,"column":2},"end":{"line":43,"column":3}},{"start":{"line":39,"column":2},"end":{"line":43,"column":3}}],"line":39},"12":{"loc":{"start":{"line":40,"column":4},"end":{"line":42,"column":5}},"type":"if","locations":[{"start":{"line":40,"column":4},"end":{"line":42,"column":5}},{"start":{"line":40,"column":4},"end":{"line":42,"column":5}}],"line":40},"13":{"loc":{"start":{"line":45,"column":2},"end":{"line":47,"column":3}},"type":"if","locations":[{"start":{"line":45,"column":2},"end":{"line":47,"column":3}},{"start":{"line":45,"column":2},"end":{"line":47,"column":3}}],"line":45}},"s":{"0":1,"1":1,"2":1,"3":1,"4":2,"5":1,"6":4,"7":4,"8":4,"9":4,"10":4,"11":4,"12":4,"13":1,"14":4,"15":2,"16":4,"17":2,"18":0,"19":4,"20":2,"21":4,"22":2,"23":0,"24":4,"25":2,"26":4,"27":1},"f":{"0":2,"1":4},"b":{"0":[0,2],"1":[2,2],"2":[3,1],"3":[2,2],"4":[2,2],"5":[2,2],"6":[1,3],"7":[2,2],"8":[2,2],"9":[0,2],"10":[2,2],"11":[2,2],"12":[0,2],"13":[2,2]},"_coverageSchema":"43e27e138ebf9cfc5966b082cf9a028302ed4184","hash":"0c0f61d010d5f96ec4457d96fdfa003d2506dd20","contentHash":"a8026f6f0f4e4dbae83092f9e494089a"},"C:\\xampp\\htdocs\\web_dev\\storemanager\\server\\validation\\isEmpty.js":{"path":"C:\\xampp\\htdocs\\web_dev\\storemanager\\server\\validation\\isEmpty.js","statementMap":{"0":{"start":{"line":3,"column":16},"end":{"line":8,"column":1}},"1":{"start":{"line":4,"column":2},"end":{"line":6,"column":3}},"2":{"start":{"line":5,"column":4},"end":{"line":5,"column":16}},"3":{"start":{"line":7,"column":2},"end":{"line":7,"column":15}},"4":{"start":{"line":10,"column":0},"end":{"line":10,"column":25}}},"fnMap":{"0":{"name":"(anonymous_0)","decl":{"start":{"line":3,"column":16},"end":{"line":3,"column":17}},"loc":{"start":{"line":3,"column":25},"end":{"line":8,"column":1}},"line":3}},"branchMap":{"0":{"loc":{"start":{"line":4,"column":2},"end":{"line":6,"column":3}},"type":"if","locations":[{"start":{"line":4,"column":2},"end":{"line":6,"column":3}},{"start":{"line":4,"column":2},"end":{"line":6,"column":3}}],"line":4},"1":{"loc":{"start":{"line":4,"column":6},"end":{"line":4,"column":165}},"type":"binary-expr","locations":[{"start":{"line":4,"column":6},"end":{"line":4,"column":25}},{"start":{"line":4,"column":29},"end":{"line":4,"column":43}},{"start":{"line":4,"column":47},"end":{"line":4,"column":72}},{"start":{"line":4,"column":76},"end":{"line":4,"column":107}},{"start":{"line":4,"column":111},"end":{"line":4,"column":136}},{"start":{"line":4,"column":140},"end":{"line":4,"column":165}}],"line":4}},"s":{"0":1,"1":109,"2":51,"3":58,"4":1},"f":{"0":109},"b":{"0":[51,58],"1":[109,81,81,32,59,45]},"_coverageSchema":"43e27e138ebf9cfc5966b082cf9a028302ed4184","hash":"b1f48d4d86c30c4e06fe60a82a86f4a3d9d1111b","contentHash":"9e01cc94712967ee26c7aaac738303e5"},"C:\\xampp\\htdocs\\web_dev\\storemanager\\server\\routes\\api\\v1\\sales.js":{"path":"C:\\xampp\\htdocs\\web_dev\\storemanager\\server\\routes\\api\\v1\\sales.js","statementMap":{"0":{"start":{"line":3,"column":15},"end":{"line":3,"column":33}},"1":{"start":{"line":5,"column":16},"end":{"line":5,"column":48}},"2":{"start":{"line":7,"column":20},"end":{"line":7,"column":63}},"3":{"start":{"line":9,"column":21},"end":{"line":9,"column":58}},"4":{"start":{"line":11,"column":13},"end":{"line":11,"column":50}},"5":{"start":{"line":13,"column":14},"end":{"line":13,"column":44}},"6":{"start":{"line":15,"column":28},"end":{"line":15,"column":88}},"7":{"start":{"line":17,"column":29},"end":{"line":17,"column":74}},"8":{"start":{"line":19,"column":39},"end":{"line":19,"column":93}},"9":{"start":{"line":22,"column":50},"end":{"line":22,"column":72}},"10":{"start":{"line":23,"column":46},"end":{"line":23,"column":61}},"11":{"start":{"line":24,"column":39},"end":{"line":24,"column":69}},"12":{"start":{"line":25,"column":15},"end":{"line":25,"column":41}},"13":{"start":{"line":30,"column":0},"end":{"line":30,"column":47}},"14":{"start":{"line":35,"column":0},"end":{"line":35,"column":44}},"15":{"start":{"line":40,"column":0},"end":{"line":40,"column":87}},"16":{"start":{"line":42,"column":0},"end":{"line":42,"column":24}}},"fnMap":{"0":{"name":"_interopRequireDefault","decl":{"start":{"line":19,"column":9},"end":{"line":19,"column":31}},"loc":{"start":{"line":19,"column":37},"end":{"line":19,"column":95}},"line":19}},"branchMap":{"0":{"loc":{"start":{"line":19,"column":46},"end":{"line":19,"column":92}},"type":"cond-expr","locations":[{"start":{"line":19,"column":70},"end":{"line":19,"column":73}},{"start":{"line":19,"column":76},"end":{"line":19,"column":92}}],"line":19},"1":{"loc":{"start":{"line":19,"column":46},"end":{"line":19,"column":67}},"type":"binary-expr","locations":[{"start":{"line":19,"column":46},"end":{"line":19,"column":49}},{"start":{"line":19,"column":53},"end":{"line":19,"column":67}}],"line":19}},"s":{"0":1,"1":1,"2":1,"3":1,"4":1,"5":1,"6":1,"7":1,"8":4,"9":1,"10":1,"11":1,"12":1,"13":1,"14":1,"15":1,"16":1},"f":{"0":4},"b":{"0":[3,1],"1":[4,4]},"_coverageSchema":"43e27e138ebf9cfc5966b082cf9a028302ed4184","hash":"561ce22f87241c48ea2932729e8a066d7f5e0d07","contentHash":"c2e50f0403b625250f348f29b15cc35e"},"C:\\xampp\\htdocs\\web_dev\\storemanager\\server\\controllers\\sales.js":{"path":"C:\\xampp\\htdocs\\web_dev\\storemanager\\server\\controllers\\sales.js","statementMap":{"0":{"start":{"line":3,"column":0},"end":{"line":5,"column":3}},"1":{"start":{"line":7,"column":9},"end":{"line":7,"column":27}},"2":{"start":{"line":9,"column":10},"end":{"line":9,"column":36}},"3":{"start":{"line":11,"column":10},"end":{"line":11,"column":33}},"4":{"start":{"line":13,"column":11},"end":{"line":13,"column":38}},"5":{"start":{"line":15,"column":39},"end":{"line":15,"column":93}},"6":{"start":{"line":28,"column":22},"end":{"line":28,"column":30}},"7":{"start":{"line":29,"column":17},"end":{"line":32,"column":16}},"8":{"start":{"line":33,"column":19},"end":{"line":33,"column":108}},"9":{"start":{"line":35,"column":4},"end":{"line":55,"column":7}},"10":{"start":{"line":36,"column":23},"end":{"line":36,"column":36}},"11":{"start":{"line":37,"column":29},"end":{"line":37,"column":30}},"12":{"start":{"line":39,"column":6},"end":{"line":52,"column":9}},"13":{"start":{"line":40,"column":8},"end":{"line":40,"column":30}},"14":{"start":{"line":42,"column":27},"end":{"line":45,"column":20}},"15":{"start":{"line":46,"column":29},"end":{"line":46,"column":128}},"16":{"start":{"line":47,"column":8},"end":{"line":47,"column":84}},"17":{"start":{"line":49,"column":8},"end":{"line":51,"column":9}},"18":{"start":{"line":50,"column":10},"end":{"line":50,"column":94}},"19":{"start":{"line":54,"column":6},"end":{"line":54,"column":88}},"20":{"start":{"line":68,"column":23},"end":{"line":68,"column":159}},"21":{"start":{"line":69,"column":4},"end":{"line":76,"column":7}},"22":{"start":{"line":70,"column":6},"end":{"line":72,"column":7}},"23":{"start":{"line":71,"column":8},"end":{"line":71,"column":66}},"24":{"start":{"line":73,"column":6},"end":{"line":73,"column":51}},"25":{"start":{"line":75,"column":6},"end":{"line":75,"column":89}},"26":{"start":{"line":89,"column":19},"end":{"line":89,"column":29}},"27":{"start":{"line":90,"column":20},"end":{"line":90,"column":22}},"28":{"start":{"line":91,"column":21},"end":{"line":91,"column":23}},"29":{"start":{"line":93,"column":4},"end":{"line":101,"column":5}},"30":{"start":{"line":94,"column":6},"end":{"line":95,"column":118}},"31":{"start":{"line":96,"column":6},"end":{"line":96,"column":37}},"32":{"start":{"line":98,"column":6},"end":{"line":99,"column":83}},"33":{"start":{"line":100,"column":6},"end":{"line":100,"column":24}},"34":{"start":{"line":103,"column":4},"end":{"line":112,"column":7}},"35":{"start":{"line":104,"column":6},"end":{"line":106,"column":7}},"36":{"start":{"line":105,"column":8},"end":{"line":105,"column":105}},"37":{"start":{"line":108,"column":19},"end":{"line":108,"column":34}},"38":{"start":{"line":109,"column":6},"end":{"line":109,"column":28}},"39":{"start":{"line":111,"column":6},"end":{"line":111,"column":96}},"40":{"start":{"line":117,"column":0},"end":{"line":117,"column":33}}},"fnMap":{"0":{"name":"_interopRequireDefault","decl":{"start":{"line":15,"column":9},"end":{"line":15,"column":31}},"loc":{"start":{"line":15,"column":37},"end":{"line":15,"column":95}},"line":15},"1":{"name":"(anonymous_1)","decl":{"start":{"line":27,"column":2},"end":{"line":27,"column":3}},"loc":{"start":{"line":27,"column":30},"end":{"line":56,"column":3}},"line":27},"2":{"name":"(anonymous_2)","decl":{"start":{"line":35,"column":42},"end":{"line":35,"column":43}},"loc":{"start":{"line":35,"column":51},"end":{"line":53,"column":5}},"line":35},"3":{"name":"(anonymous_3)","decl":{"start":{"line":39,"column":16},"end":{"line":39,"column":17}},"loc":{"start":{"line":39,"column":31},"end":{"line":52,"column":7}},"line":39},"4":{"name":"(anonymous_4)","decl":{"start":{"line":47,"column":58},"end":{"line":47,"column":59}},"loc":{"start":{"line":47,"column":64},"end":{"line":47,"column":66}},"line":47},"5":{"name":"(anonymous_5)","decl":{"start":{"line":47,"column":74},"end":{"line":47,"column":75}},"loc":{"start":{"line":47,"column":80},"end":{"line":47,"column":82}},"line":47},"6":{"name":"(anonymous_6)","decl":{"start":{"line":53,"column":13},"end":{"line":53,"column":14}},"loc":{"start":{"line":53,"column":19},"end":{"line":55,"column":5}},"line":53},"7":{"name":"(anonymous_7)","decl":{"start":{"line":67,"column":2},"end":{"line":67,"column":3}},"loc":{"start":{"line":67,"column":28},"end":{"line":77,"column":3}},"line":67},"8":{"name":"(anonymous_8)","decl":{"start":{"line":69,"column":40},"end":{"line":69,"column":41}},"loc":{"start":{"line":69,"column":54},"end":{"line":74,"column":5}},"line":69},"9":{"name":"(anonymous_9)","decl":{"start":{"line":74,"column":13},"end":{"line":74,"column":14}},"loc":{"start":{"line":74,"column":19},"end":{"line":76,"column":5}},"line":74},"10":{"name":"(anonymous_10)","decl":{"start":{"line":88,"column":2},"end":{"line":88,"column":3}},"loc":{"start":{"line":88,"column":31},"end":{"line":113,"column":3}},"line":88},"11":{"name":"(anonymous_11)","decl":{"start":{"line":103,"column":51},"end":{"line":103,"column":52}},"loc":{"start":{"line":103,"column":65},"end":{"line":110,"column":5}},"line":103},"12":{"name":"(anonymous_12)","decl":{"start":{"line":110,"column":13},"end":{"line":110,"column":14}},"loc":{"start":{"line":110,"column":19},"end":{"line":112,"column":5}},"line":110}},"branchMap":{"0":{"loc":{"start":{"line":15,"column":46},"end":{"line":15,"column":92}},"type":"cond-expr","locations":[{"start":{"line":15,"column":70},"end":{"line":15,"column":73}},{"start":{"line":15,"column":76},"end":{"line":15,"column":92}}],"line":15},"1":{"loc":{"start":{"line":15,"column":46},"end":{"line":15,"column":67}},"type":"binary-expr","locations":[{"start":{"line":15,"column":46},"end":{"line":15,"column":49}},{"start":{"line":15,"column":53},"end":{"line":15,"column":67}}],"line":15},"2":{"loc":{"start":{"line":49,"column":8},"end":{"line":51,"column":9}},"type":"if","locations":[{"start":{"line":49,"column":8},"end":{"line":51,"column":9}},{"start":{"line":49,"column":8},"end":{"line":51,"column":9}}],"line":49},"3":{"loc":{"start":{"line":70,"column":6},"end":{"line":72,"column":7}},"type":"if","locations":[{"start":{"line":70,"column":6},"end":{"line":72,"column":7}},{"start":{"line":70,"column":6},"end":{"line":72,"column":7}}],"line":70},"4":{"loc":{"start":{"line":93,"column":4},"end":{"line":101,"column":5}},"type":"if","locations":[{"start":{"line":93,"column":4},"end":{"line":101,"column":5}},{"start":{"line":93,"column":4},"end":{"line":101,"column":5}}],"line":93},"5":{"loc":{"start":{"line":104,"column":6},"end":{"line":106,"column":7}},"type":"if","locations":[{"start":{"line":104,"column":6},"end":{"line":106,"column":7}},{"start":{"line":104,"column":6},"end":{"line":106,"column":7}}],"line":104}},"s":{"0":1,"1":1,"2":1,"3":1,"4":1,"5":2,"6":0,"7":0,"8":0,"9":0,"10":0,"11":0,"12":0,"13":0,"14":0,"15":0,"16":0,"17":0,"18":0,"19":0,"20":0,"21":0,"22":0,"23":0,"24":0,"25":0,"26":0,"27":0,"28":0,"29":0,"30":0,"31":0,"32":0,"33":0,"34":0,"35":0,"36":0,"37":0,"38":0,"39":0,"40":1},"f":{"0":2,"1":0,"2":0,"3":0,"4":0,"5":0,"6":0,"7":0,"8":0,"9":0,"10":0,"11":0,"12":0},"b":{"0":[1,1],"1":[2,2],"2":[0,0],"3":[0,0],"4":[0,0],"5":[0,0]},"_coverageSchema":"43e27e138ebf9cfc5966b082cf9a028302ed4184","hash":"efd3e5506a493cb0844875a8456a18cae03ee90d","contentHash":"51c3d316c303add513cf3cd77c0e1fa1"},"C:\\xampp\\htdocs\\web_dev\\storemanager\\server\\controllers\\helpers\\saleControllerHelper.js":{"path":"C:\\xampp\\htdocs\\web_dev\\storemanager\\server\\controllers\\helpers\\saleControllerHelper.js","statementMap":{"0":{"start":{"line":3,"column":0},"end":{"line":5,"column":3}},"1":{"start":{"line":7,"column":10},"end":{"line":7,"column":36}},"2":{"start":{"line":9,"column":11},"end":{"line":9,"column":38}},"3":{"start":{"line":11,"column":13},"end":{"line":11,"column":46}},"4":{"start":{"line":13,"column":14},"end":{"line":13,"column":44}},"5":{"start":{"line":15,"column":39},"end":{"line":15,"column":93}},"6":{"start":{"line":29,"column":32},"end":{"line":29,"column":76}},"7":{"start":{"line":32,"column":4},"end":{"line":34,"column":5}},"8":{"start":{"line":33,"column":6},"end":{"line":33,"column":42}},"9":{"start":{"line":35,"column":27},"end":{"line":35,"column":28}},"10":{"start":{"line":36,"column":22},"end":{"line":36,"column":30}},"11":{"start":{"line":37,"column":24},"end":{"line":37,"column":36}},"12":{"start":{"line":38,"column":21},"end":{"line":45,"column":6}},"13":{"start":{"line":39,"column":24},"end":{"line":39,"column":46}},"14":{"start":{"line":41,"column":19},"end":{"line":41,"column":57}},"15":{"start":{"line":42,"column":32},"end":{"line":42,"column":43}},"16":{"start":{"line":43,"column":23},"end":{"line":43,"column":72}},"17":{"start":{"line":44,"column":6},"end":{"line":44,"column":22}},"18":{"start":{"line":48,"column":4},"end":{"line":71,"column":7}},"19":{"start":{"line":50,"column":6},"end":{"line":66,"column":7}},"20":{"start":{"line":51,"column":31},"end":{"line":51,"column":42}},"21":{"start":{"line":53,"column":8},"end":{"line":55,"column":9}},"22":{"start":{"line":54,"column":10},"end":{"line":54,"column":96}},"23":{"start":{"line":58,"column":8},"end":{"line":60,"column":9}},"24":{"start":{"line":59,"column":10},"end":{"line":59,"column":101}},"25":{"start":{"line":61,"column":28},"end":{"line":61,"column":84}},"26":{"start":{"line":62,"column":8},"end":{"line":62,"column":59}},"27":{"start":{"line":64,"column":8},"end":{"line":64,"column":100}},"28":{"start":{"line":65,"column":8},"end":{"line":65,"column":40}},"29":{"start":{"line":67,"column":6},"end":{"line":67,"column":45}},"30":{"start":{"line":68,"column":6},"end":{"line":68,"column":13}},"31":{"start":{"line":70,"column":6},"end":{"line":70,"column":88}},"32":{"start":{"line":85,"column":22},"end":{"line":85,"column":30}},"33":{"start":{"line":86,"column":24},"end":{"line":86,"column":36}},"34":{"start":{"line":87,"column":27},"end":{"line":87,"column":28}},"35":{"start":{"line":89,"column":4},"end":{"line":101,"column":7}},"36":{"start":{"line":90,"column":26},"end":{"line":90,"column":35}},"37":{"start":{"line":91,"column":6},"end":{"line":91,"column":28}},"38":{"start":{"line":93,"column":24},"end":{"line":93,"column":46}},"39":{"start":{"line":94,"column":19},"end":{"line":94,"column":97}},"40":{"start":{"line":95,"column":21},"end":{"line":95,"column":69}},"41":{"start":{"line":96,"column":6},"end":{"line":96,"column":70}},"42":{"start":{"line":97,"column":6},"end":{"line":97,"column":37}},"43":{"start":{"line":98,"column":6},"end":{"line":100,"column":7}},"44":{"start":{"line":99,"column":8},"end":{"line":99,"column":15}},"45":{"start":{"line":105,"column":0},"end":{"line":105,"column":38}}},"fnMap":{"0":{"name":"_interopRequireDefault","decl":{"start":{"line":15,"column":9},"end":{"line":15,"column":31}},"loc":{"start":{"line":15,"column":37},"end":{"line":15,"column":95}},"line":15},"1":{"name":"(anonymous_1)","decl":{"start":{"line":28,"column":2},"end":{"line":28,"column":3}},"loc":{"start":{"line":28,"column":43},"end":{"line":72,"column":3}},"line":28},"2":{"name":"(anonymous_2)","decl":{"start":{"line":38,"column":31},"end":{"line":38,"column":32}},"loc":{"start":{"line":38,"column":52},"end":{"line":45,"column":5}},"line":38},"3":{"name":"(anonymous_3)","decl":{"start":{"line":48,"column":37},"end":{"line":48,"column":38}},"loc":{"start":{"line":48,"column":49},"end":{"line":69,"column":5}},"line":48},"4":{"name":"(anonymous_4)","decl":{"start":{"line":69,"column":13},"end":{"line":69,"column":14}},"loc":{"start":{"line":69,"column":19},"end":{"line":71,"column":5}},"line":69},"5":{"name":"(anonymous_5)","decl":{"start":{"line":84,"column":2},"end":{"line":84,"column":3}},"loc":{"start":{"line":84,"column":39},"end":{"line":102,"column":3}},"line":84},"6":{"name":"(anonymous_6)","decl":{"start":{"line":89,"column":14},"end":{"line":89,"column":15}},"loc":{"start":{"line":89,"column":27},"end":{"line":101,"column":5}},"line":89},"7":{"name":"(anonymous_7)","decl":{"start":{"line":96,"column":44},"end":{"line":96,"column":45}},"loc":{"start":{"line":96,"column":50},"end":{"line":96,"column":52}},"line":96},"8":{"name":"(anonymous_8)","decl":{"start":{"line":96,"column":60},"end":{"line":96,"column":61}},"loc":{"start":{"line":96,"column":66},"end":{"line":96,"column":68}},"line":96}},"branchMap":{"0":{"loc":{"start":{"line":15,"column":46},"end":{"line":15,"column":92}},"type":"cond-expr","locations":[{"start":{"line":15,"column":70},"end":{"line":15,"column":73}},{"start":{"line":15,"column":76},"end":{"line":15,"column":92}}],"line":15},"1":{"loc":{"start":{"line":15,"column":46},"end":{"line":15,"column":67}},"type":"binary-expr","locations":[{"start":{"line":15,"column":46},"end":{"line":15,"column":49}},{"start":{"line":15,"column":53},"end":{"line":15,"column":67}}],"line":15},"2":{"loc":{"start":{"line":32,"column":4},"end":{"line":34,"column":5}},"type":"if","locations":[{"start":{"line":32,"column":4},"end":{"line":34,"column":5}},{"start":{"line":32,"column":4},"end":{"line":34,"column":5}}],"line":32},"3":{"loc":{"start":{"line":53,"column":8},"end":{"line":55,"column":9}},"type":"if","locations":[{"start":{"line":53,"column":8},"end":{"line":55,"column":9}},{"start":{"line":53,"column":8},"end":{"line":55,"column":9}}],"line":53},"4":{"loc":{"start":{"line":58,"column":8},"end":{"line":60,"column":9}},"type":"if","locations":[{"start":{"line":58,"column":8},"end":{"line":60,"column":9}},{"start":{"line":58,"column":8},"end":{"line":60,"column":9}}],"line":58},"5":{"loc":{"start":{"line":98,"column":6},"end":{"line":100,"column":7}},"type":"if","locations":[{"start":{"line":98,"column":6},"end":{"line":100,"column":7}},{"start":{"line":98,"column":6},"end":{"line":100,"column":7}}],"line":98}},"s":{"0":1,"1":1,"2":1,"3":1,"4":1,"5":2,"6":0,"7":0,"8":0,"9":0,"10":0,"11":0,"12":0,"13":0,"14":0,"15":0,"16":0,"17":0,"18":0,"19":0,"20":0,"21":0,"22":0,"23":0,"24":0,"25":0,"26":0,"27":0,"28":0,"29":0,"30":0,"31":0,"32":0,"33":0,"34":0,"35":0,"36":0,"37":0,"38":0,"39":0,"40":0,"41":0,"42":0,"43":0,"44":0,"45":1},"f":{"0":2,"1":0,"2":0,"3":0,"4":0,"5":0,"6":0,"7":0,"8":0},"b":{"0":[1,1],"1":[2,2],"2":[0,0],"3":[0,0],"4":[0,0],"5":[0,0]},"_coverageSchema":"43e27e138ebf9cfc5966b082cf9a028302ed4184","hash":"da59b34e6711ef48526edb6b7887206382eeb90e","contentHash":"d5d388678ef16abcee9ffb0dd2bc59a6"},"C:\\xampp\\htdocs\\web_dev\\storemanager\\server\\validation\\sales.js":{"path":"C:\\xampp\\htdocs\\web_dev\\storemanager\\server\\validation\\sales.js","statementMap":{"0":{"start":{"line":3,"column":15},"end":{"line":3,"column":35}},"1":{"start":{"line":5,"column":16},"end":{"line":5,"column":48}},"2":{"start":{"line":7,"column":39},"end":{"line":7,"column":93}},"3":{"start":{"line":9,"column":27},"end":{"line":23,"column":1}},"4":{"start":{"line":10,"column":17},"end":{"line":10,"column":19}},"5":{"start":{"line":11,"column":15},"end":{"line":11,"column":20}},"6":{"start":{"line":12,"column":2},"end":{"line":12,"column":78}},"7":{"start":{"line":13,"column":2},"end":{"line":13,"column":84}},"8":{"start":{"line":15,"column":2},"end":{"line":17,"column":3}},"9":{"start":{"line":16,"column":4},"end":{"line":16,"column":57}},"10":{"start":{"line":19,"column":2},"end":{"line":22,"column":4}},"11":{"start":{"line":25,"column":0},"end":{"line":27,"column":2}}},"fnMap":{"0":{"name":"_interopRequireDefault","decl":{"start":{"line":7,"column":9},"end":{"line":7,"column":31}},"loc":{"start":{"line":7,"column":37},"end":{"line":7,"column":95}},"line":7},"1":{"name":"(anonymous_1)","decl":{"start":{"line":9,"column":27},"end":{"line":9,"column":28}},"loc":{"start":{"line":9,"column":36},"end":{"line":23,"column":1}},"line":9}},"branchMap":{"0":{"loc":{"start":{"line":7,"column":46},"end":{"line":7,"column":92}},"type":"cond-expr","locations":[{"start":{"line":7,"column":70},"end":{"line":7,"column":73}},{"start":{"line":7,"column":76},"end":{"line":7,"column":92}}],"line":7},"1":{"loc":{"start":{"line":7,"column":46},"end":{"line":7,"column":67}},"type":"binary-expr","locations":[{"start":{"line":7,"column":46},"end":{"line":7,"column":49}},{"start":{"line":7,"column":53},"end":{"line":7,"column":67}}],"line":7},"2":{"loc":{"start":{"line":12,"column":18},"end":{"line":12,"column":77}},"type":"cond-expr","locations":[{"start":{"line":12,"column":59},"end":{"line":12,"column":72}},{"start":{"line":12,"column":75},"end":{"line":12,"column":77}}],"line":12},"3":{"loc":{"start":{"line":13,"column":20},"end":{"line":13,"column":83}},"type":"cond-expr","locations":[{"start":{"line":13,"column":63},"end":{"line":13,"column":78}},{"start":{"line":13,"column":81},"end":{"line":13,"column":83}}],"line":13},"4":{"loc":{"start":{"line":15,"column":2},"end":{"line":17,"column":3}},"type":"if","locations":[{"start":{"line":15,"column":2},"end":{"line":17,"column":3}},{"start":{"line":15,"column":2},"end":{"line":17,"column":3}}],"line":15}},"s":{"0":1,"1":1,"2":1,"3":1,"4":2,"5":2,"6":2,"7":2,"8":2,"9":1,"10":2,"11":1},"f":{"0":1,"1":2},"b":{"0":[0,1],"1":[1,1],"2":[0,2],"3":[0,2],"4":[1,1]},"_coverageSchema":"43e27e138ebf9cfc5966b082cf9a028302ed4184","hash":"71352587b19af84f228d280242f3afe79b23f205","contentHash":"0c641b19a7517bafa85aea859d095c0e"},"C:\\xampp\\htdocs\\web_dev\\storemanager\\server\\routes\\api\\v1\\users.js":{"path":"C:\\xampp\\htdocs\\web_dev\\storemanager\\server\\routes\\api\\v1\\users.js","statementMap":{"0":{"start":{"line":3,"column":15},"end":{"line":3,"column":33}},"1":{"start":{"line":5,"column":16},"end":{"line":5,"column":48}},"2":{"start":{"line":7,"column":20},"end":{"line":7,"column":63}},"3":{"start":{"line":9,"column":21},"end":{"line":9,"column":58}},"4":{"start":{"line":11,"column":13},"end":{"line":11,"column":50}},"5":{"start":{"line":13,"column":14},"end":{"line":13,"column":44}},"6":{"start":{"line":15,"column":39},"end":{"line":15,"column":93}},"7":{"start":{"line":19,"column":4},"end":{"line":19,"column":19}},"8":{"start":{"line":21,"column":32},"end":{"line":21,"column":54}},"9":{"start":{"line":22,"column":15},"end":{"line":22,"column":41}},"10":{"start":{"line":27,"column":0},"end":{"line":27,"column":52}},"11":{"start":{"line":32,"column":0},"end":{"line":32,"column":29}},"12":{"start":{"line":37,"column":0},"end":{"line":37,"column":51}},"13":{"start":{"line":42,"column":0},"end":{"line":42,"column":58}},"14":{"start":{"line":47,"column":0},"end":{"line":47,"column":62}},"15":{"start":{"line":49,"column":0},"end":{"line":49,"column":24}}},"fnMap":{"0":{"name":"_interopRequireDefault","decl":{"start":{"line":15,"column":9},"end":{"line":15,"column":31}},"loc":{"start":{"line":15,"column":37},"end":{"line":15,"column":95}},"line":15}},"branchMap":{"0":{"loc":{"start":{"line":15,"column":46},"end":{"line":15,"column":92}},"type":"cond-expr","locations":[{"start":{"line":15,"column":70},"end":{"line":15,"column":73}},{"start":{"line":15,"column":76},"end":{"line":15,"column":92}}],"line":15},"1":{"loc":{"start":{"line":15,"column":46},"end":{"line":15,"column":67}},"type":"binary-expr","locations":[{"start":{"line":15,"column":46},"end":{"line":15,"column":49}},{"start":{"line":15,"column":53},"end":{"line":15,"column":67}}],"line":15}},"s":{"0":1,"1":1,"2":1,"3":1,"4":1,"5":1,"6":3,"7":1,"8":1,"9":1,"10":1,"11":1,"12":1,"13":1,"14":1,"15":1},"f":{"0":3},"b":{"0":[2,1],"1":[3,3]},"_coverageSchema":"43e27e138ebf9cfc5966b082cf9a028302ed4184","hash":"c68a1097244282d8159cf3ce7bc09044d539d363","contentHash":"30af2222a9e75d0ef0891cd8c9c09f32"},"C:\\xampp\\htdocs\\web_dev\\storemanager\\server\\controllers\\users.js":{"path":"C:\\xampp\\htdocs\\web_dev\\storemanager\\server\\controllers\\users.js","statementMap":{"0":{"start":{"line":3,"column":0},"end":{"line":5,"column":3}},"1":{"start":{"line":7,"column":16},"end":{"line":7,"column":35}},"2":{"start":{"line":9,"column":17},"end":{"line":9,"column":50}},"3":{"start":{"line":11,"column":20},"end":{"line":11,"column":43}},"4":{"start":{"line":13,"column":21},"end":{"line":13,"column":58}},"5":{"start":{"line":15,"column":9},"end":{"line":15,"column":27}},"6":{"start":{"line":17,"column":10},"end":{"line":17,"column":36}},"7":{"start":{"line":19,"column":14},"end":{"line":19,"column":31}},"8":{"start":{"line":21,"column":15},"end":{"line":21,"column":46}},"9":{"start":{"line":23,"column":10},"end":{"line":23,"column":33}},"10":{"start":{"line":25,"column":11},"end":{"line":25,"column":38}},"11":{"start":{"line":27,"column":15},"end":{"line":27,"column":43}},"12":{"start":{"line":29,"column":16},"end":{"line":29,"column":48}},"13":{"start":{"line":31,"column":13},"end":{"line":31,"column":43}},"14":{"start":{"line":33,"column":14},"end":{"line":33,"column":44}},"15":{"start":{"line":35,"column":39},"end":{"line":35,"column":93}},"16":{"start":{"line":37,"column":0},"end":{"line":37,"column":26}},"17":{"start":{"line":45,"column":26},"end":{"line":45,"column":37}},"18":{"start":{"line":57,"column":32},"end":{"line":57,"column":77}},"19":{"start":{"line":60,"column":4},"end":{"line":62,"column":5}},"20":{"start":{"line":61,"column":6},"end":{"line":61,"column":42}},"21":{"start":{"line":66,"column":8},"end":{"line":66,"column":16}},"22":{"start":{"line":67,"column":22},"end":{"line":67,"column":49}},"23":{"start":{"line":68,"column":32},"end":{"line":68,"column":39}},"24":{"start":{"line":69,"column":4},"end":{"line":104,"column":7}},"25":{"start":{"line":70,"column":6},"end":{"line":72,"column":7}},"26":{"start":{"line":71,"column":8},"end":{"line":71,"column":70}},"27":{"start":{"line":74,"column":19},"end":{"line":81,"column":7}},"28":{"start":{"line":83,"column":6},"end":{"line":101,"column":9}},"29":{"start":{"line":85,"column":8},"end":{"line":87,"column":9}},"30":{"start":{"line":86,"column":10},"end":{"line":86,"column":86}},"31":{"start":{"line":89,"column":8},"end":{"line":100,"column":11}},"32":{"start":{"line":90,"column":10},"end":{"line":90,"column":33}},"33":{"start":{"line":90,"column":21},"end":{"line":90,"column":33}},"34":{"start":{"line":91,"column":10},"end":{"line":91,"column":31}},"35":{"start":{"line":92,"column":23},"end":{"line":92,"column":51}},"36":{"start":{"line":93,"column":25},"end":{"line":93,"column":135}},"37":{"start":{"line":95,"column":10},"end":{"line":99,"column":13}},"38":{"start":{"line":96,"column":12},"end":{"line":96,"column":103}},"39":{"start":{"line":98,"column":12},"end":{"line":98,"column":94}},"40":{"start":{"line":103,"column":6},"end":{"line":103,"column":88}},"41":{"start":{"line":117,"column":32},"end":{"line":117,"column":76}},"42":{"start":{"line":120,"column":4},"end":{"line":122,"column":5}},"43":{"start":{"line":121,"column":6},"end":{"line":121,"column":42}},"44":{"start":{"line":123,"column":32},"end":{"line":123,"column":40}},"45":{"start":{"line":125,"column":22},"end":{"line":125,"column":60}},"46":{"start":{"line":126,"column":32},"end":{"line":126,"column":39}},"47":{"start":{"line":127,"column":4},"end":{"line":152,"column":7}},"48":{"start":{"line":128,"column":6},"end":{"line":130,"column":7}},"49":{"start":{"line":129,"column":8},"end":{"line":129,"column":65}},"50":{"start":{"line":132,"column":23},"end":{"line":132,"column":41}},"51":{"start":{"line":133,"column":6},"end":{"line":149,"column":9}},"52":{"start":{"line":134,"column":8},"end":{"line":148,"column":9}},"53":{"start":{"line":136,"column":26},"end":{"line":141,"column":11}},"54":{"start":{"line":143,"column":10},"end":{"line":145,"column":13}},"55":{"start":{"line":144,"column":12},"end":{"line":144,"column":66}},"56":{"start":{"line":147,"column":10},"end":{"line":147,"column":74}},"57":{"start":{"line":151,"column":6},"end":{"line":151,"column":90}},"58":{"start":{"line":166,"column":4},"end":{"line":170,"column":7}},"59":{"start":{"line":184,"column":32},"end":{"line":184,"column":80}},"60":{"start":{"line":187,"column":4},"end":{"line":189,"column":5}},"61":{"start":{"line":188,"column":6},"end":{"line":188,"column":42}},"62":{"start":{"line":191,"column":22},"end":{"line":191,"column":30}},"63":{"start":{"line":193,"column":22},"end":{"line":193,"column":60}},"64":{"start":{"line":194,"column":32},"end":{"line":194,"column":39}},"65":{"start":{"line":195,"column":4},"end":{"line":220,"column":7}},"66":{"start":{"line":196,"column":6},"end":{"line":198,"column":7}},"67":{"start":{"line":197,"column":8},"end":{"line":197,"column":67}},"68":{"start":{"line":199,"column":19},"end":{"line":199,"column":37}},"69":{"start":{"line":200,"column":6},"end":{"line":202,"column":7}},"70":{"start":{"line":201,"column":8},"end":{"line":201,"column":74}},"71":{"start":{"line":204,"column":25},"end":{"line":204,"column":79}},"72":{"start":{"line":205,"column":26},"end":{"line":205,"column":38}},"73":{"start":{"line":206,"column":6},"end":{"line":217,"column":9}},"74":{"start":{"line":207,"column":21},"end":{"line":207,"column":45}},"75":{"start":{"line":208,"column":25},"end":{"line":213,"column":9}},"76":{"start":{"line":214,"column":8},"end":{"line":214,"column":97}},"77":{"start":{"line":216,"column":8},"end":{"line":216,"column":108}},"78":{"start":{"line":219,"column":6},"end":{"line":219,"column":106}},"79":{"start":{"line":233,"column":22},"end":{"line":233,"column":87}},"80":{"start":{"line":234,"column":4},"end":{"line":241,"column":7}},"81":{"start":{"line":235,"column":6},"end":{"line":237,"column":7}},"82":{"start":{"line":236,"column":8},"end":{"line":236,"column":71}},"83":{"start":{"line":238,"column":6},"end":{"line":238,"column":51}},"84":{"start":{"line":240,"column":6},"end":{"line":240,"column":94}},"85":{"start":{"line":245,"column":0},"end":{"line":245,"column":34}}},"fnMap":{"0":{"name":"_interopRequireDefault","decl":{"start":{"line":35,"column":9},"end":{"line":35,"column":31}},"loc":{"start":{"line":35,"column":37},"end":{"line":35,"column":95}},"line":35},"1":{"name":"(anonymous_1)","decl":{"start":{"line":56,"column":2},"end":{"line":56,"column":3}},"loc":{"start":{"line":56,"column":26},"end":{"line":105,"column":3}},"line":56},"2":{"name":"(anonymous_2)","decl":{"start":{"line":69,"column":60},"end":{"line":69,"column":61}},"loc":{"start":{"line":69,"column":74},"end":{"line":102,"column":5}},"line":69},"3":{"name":"(anonymous_3)","decl":{"start":{"line":83,"column":37},"end":{"line":83,"column":38}},"loc":{"start":{"line":83,"column":52},"end":{"line":101,"column":7}},"line":83},"4":{"name":"(anonymous_4)","decl":{"start":{"line":89,"column":53},"end":{"line":89,"column":54}},"loc":{"start":{"line":89,"column":70},"end":{"line":100,"column":9}},"line":89},"5":{"name":"(anonymous_5)","decl":{"start":{"line":95,"column":48},"end":{"line":95,"column":49}},"loc":{"start":{"line":95,"column":57},"end":{"line":97,"column":11}},"line":95},"6":{"name":"(anonymous_6)","decl":{"start":{"line":97,"column":19},"end":{"line":97,"column":20}},"loc":{"start":{"line":97,"column":25},"end":{"line":99,"column":11}},"line":97},"7":{"name":"(anonymous_7)","decl":{"start":{"line":102,"column":13},"end":{"line":102,"column":14}},"loc":{"start":{"line":102,"column":19},"end":{"line":104,"column":5}},"line":102},"8":{"name":"(anonymous_8)","decl":{"start":{"line":116,"column":2},"end":{"line":116,"column":3}},"loc":{"start":{"line":116,"column":25},"end":{"line":153,"column":3}},"line":116},"9":{"name":"(anonymous_9)","decl":{"start":{"line":127,"column":60},"end":{"line":127,"column":61}},"loc":{"start":{"line":127,"column":74},"end":{"line":150,"column":5}},"line":127},"10":{"name":"(anonymous_10)","decl":{"start":{"line":133,"column":67},"end":{"line":133,"column":68}},"loc":{"start":{"line":133,"column":78},"end":{"line":149,"column":7}},"line":133},"11":{"name":"(anonymous_11)","decl":{"start":{"line":143,"column":83},"end":{"line":143,"column":84}},"loc":{"start":{"line":143,"column":99},"end":{"line":145,"column":11}},"line":143},"12":{"name":"(anonymous_12)","decl":{"start":{"line":150,"column":13},"end":{"line":150,"column":14}},"loc":{"start":{"line":150,"column":19},"end":{"line":152,"column":5}},"line":150},"13":{"name":"(anonymous_13)","decl":{"start":{"line":165,"column":2},"end":{"line":165,"column":3}},"loc":{"start":{"line":165,"column":34},"end":{"line":171,"column":3}},"line":165},"14":{"name":"(anonymous_14)","decl":{"start":{"line":183,"column":2},"end":{"line":183,"column":3}},"loc":{"start":{"line":183,"column":29},"end":{"line":221,"column":3}},"line":183},"15":{"name":"(anonymous_15)","decl":{"start":{"line":195,"column":60},"end":{"line":195,"column":61}},"loc":{"start":{"line":195,"column":74},"end":{"line":218,"column":5}},"line":195},"16":{"name":"(anonymous_16)","decl":{"start":{"line":206,"column":55},"end":{"line":206,"column":56}},"loc":{"start":{"line":206,"column":75},"end":{"line":215,"column":7}},"line":206},"17":{"name":"(anonymous_17)","decl":{"start":{"line":215,"column":15},"end":{"line":215,"column":16}},"loc":{"start":{"line":215,"column":21},"end":{"line":217,"column":7}},"line":215},"18":{"name":"(anonymous_18)","decl":{"start":{"line":218,"column":13},"end":{"line":218,"column":14}},"loc":{"start":{"line":218,"column":19},"end":{"line":220,"column":5}},"line":218},"19":{"name":"(anonymous_19)","decl":{"start":{"line":232,"column":2},"end":{"line":232,"column":3}},"loc":{"start":{"line":232,"column":33},"end":{"line":242,"column":3}},"line":232},"20":{"name":"(anonymous_20)","decl":{"start":{"line":234,"column":39},"end":{"line":234,"column":40}},"loc":{"start":{"line":234,"column":53},"end":{"line":239,"column":5}},"line":234},"21":{"name":"(anonymous_21)","decl":{"start":{"line":239,"column":13},"end":{"line":239,"column":14}},"loc":{"start":{"line":239,"column":19},"end":{"line":241,"column":5}},"line":239}},"branchMap":{"0":{"loc":{"start":{"line":35,"column":46},"end":{"line":35,"column":92}},"type":"cond-expr","locations":[{"start":{"line":35,"column":70},"end":{"line":35,"column":73}},{"start":{"line":35,"column":76},"end":{"line":35,"column":92}}],"line":35},"1":{"loc":{"start":{"line":35,"column":46},"end":{"line":35,"column":67}},"type":"binary-expr","locations":[{"start":{"line":35,"column":46},"end":{"line":35,"column":49}},{"start":{"line":35,"column":53},"end":{"line":35,"column":67}}],"line":35},"2":{"loc":{"start":{"line":60,"column":4},"end":{"line":62,"column":5}},"type":"if","locations":[{"start":{"line":60,"column":4},"end":{"line":62,"column":5}},{"start":{"line":60,"column":4},"end":{"line":62,"column":5}}],"line":60},"3":{"loc":{"start":{"line":70,"column":6},"end":{"line":72,"column":7}},"type":"if","locations":[{"start":{"line":70,"column":6},"end":{"line":72,"column":7}},{"start":{"line":70,"column":6},"end":{"line":72,"column":7}}],"line":70},"4":{"loc":{"start":{"line":85,"column":8},"end":{"line":87,"column":9}},"type":"if","locations":[{"start":{"line":85,"column":8},"end":{"line":87,"column":9}},{"start":{"line":85,"column":8},"end":{"line":87,"column":9}}],"line":85},"5":{"loc":{"start":{"line":90,"column":10},"end":{"line":90,"column":33}},"type":"if","locations":[{"start":{"line":90,"column":10},"end":{"line":90,"column":33}},{"start":{"line":90,"column":10},"end":{"line":90,"column":33}}],"line":90},"6":{"loc":{"start":{"line":120,"column":4},"end":{"line":122,"column":5}},"type":"if","locations":[{"start":{"line":120,"column":4},"end":{"line":122,"column":5}},{"start":{"line":120,"column":4},"end":{"line":122,"column":5}}],"line":120},"7":{"loc":{"start":{"line":128,"column":6},"end":{"line":130,"column":7}},"type":"if","locations":[{"start":{"line":128,"column":6},"end":{"line":130,"column":7}},{"start":{"line":128,"column":6},"end":{"line":130,"column":7}}],"line":128},"8":{"loc":{"start":{"line":134,"column":8},"end":{"line":148,"column":9}},"type":"if","locations":[{"start":{"line":134,"column":8},"end":{"line":148,"column":9}},{"start":{"line":134,"column":8},"end":{"line":148,"column":9}}],"line":134},"9":{"loc":{"start":{"line":187,"column":4},"end":{"line":189,"column":5}},"type":"if","locations":[{"start":{"line":187,"column":4},"end":{"line":189,"column":5}},{"start":{"line":187,"column":4},"end":{"line":189,"column":5}}],"line":187},"10":{"loc":{"start":{"line":196,"column":6},"end":{"line":198,"column":7}},"type":"if","locations":[{"start":{"line":196,"column":6},"end":{"line":198,"column":7}},{"start":{"line":196,"column":6},"end":{"line":198,"column":7}}],"line":196},"11":{"loc":{"start":{"line":200,"column":6},"end":{"line":202,"column":7}},"type":"if","locations":[{"start":{"line":200,"column":6},"end":{"line":202,"column":7}},{"start":{"line":200,"column":6},"end":{"line":202,"column":7}}],"line":200},"12":{"loc":{"start":{"line":235,"column":6},"end":{"line":237,"column":7}},"type":"if","locations":[{"start":{"line":235,"column":6},"end":{"line":237,"column":7}},{"start":{"line":235,"column":6},"end":{"line":237,"column":7}}],"line":235}},"s":{"0":1,"1":1,"2":1,"3":1,"4":1,"5":1,"6":1,"7":1,"8":1,"9":1,"10":1,"11":1,"12":1,"13":1,"14":1,"15":7,"16":1,"17":1,"18":3,"19":3,"20":1,"21":2,"22":2,"23":2,"24":2,"25":2,"26":1,"27":1,"28":1,"29":1,"30":0,"31":1,"32":1,"33":0,"34":1,"35":1,"36":1,"37":1,"38":1,"39":0,"40":0,"41":8,"42":8,"43":1,"44":7,"45":7,"46":7,"47":7,"48":7,"49":1,"50":6,"51":6,"52":6,"53":5,"54":5,"55":5,"56":1,"57":0,"58":1,"59":3,"60":3,"61":0,"62":3,"63":3,"64":3,"65":3,"66":3,"67":1,"68":2,"69":2,"70":1,"71":1,"72":1,"73":1,"74":1,"75":1,"76":1,"77":0,"78":0,"79":1,"80":1,"81":1,"82":0,"83":1,"84":0,"85":1},"f":{"0":7,"1":3,"2":2,"3":1,"4":1,"5":1,"6":0,"7":0,"8":8,"9":7,"10":6,"11":5,"12":0,"13":1,"14":3,"15":3,"16":1,"17":0,"18":0,"19":1,"20":1,"21":0},"b":{"0":[2,5],"1":[7,7],"2":[1,2],"3":[1,1],"4":[0,1],"5":[0,1],"6":[1,7],"7":[1,6],"8":[5,1],"9":[0,3],"10":[1,2],"11":[1,1],"12":[0,1]},"_coverageSchema":"43e27e138ebf9cfc5966b082cf9a028302ed4184","hash":"3b90c7c71305fdde9e7b4968478749f42ab9d75f","contentHash":"cc5c4091e1241be84dc1222c99365f42"},"C:\\xampp\\htdocs\\web_dev\\storemanager\\server\\models\\queries.js":{"path":"C:\\xampp\\htdocs\\web_dev\\storemanager\\server\\models\\queries.js","statementMap":{"0":{"start":{"line":3,"column":0},"end":{"line":5,"column":3}},"1":{"start":{"line":6,"column":16},"end":{"line":12,"column":1}},"2":{"start":{"line":14,"column":0},"end":{"line":14,"column":26}}},"fnMap":{},"branchMap":{},"s":{"0":1,"1":1,"2":1},"f":{},"b":{},"_coverageSchema":"43e27e138ebf9cfc5966b082cf9a028302ed4184","hash":"a575c266a5656a0369cc50f521f9c995f53f4e8f","contentHash":"8aecd105e41e6791d5152c14332b7172"},"C:\\xampp\\htdocs\\web_dev\\storemanager\\server\\validation\\users.js":{"path":"C:\\xampp\\htdocs\\web_dev\\storemanager\\server\\validation\\users.js","statementMap":{"0":{"start":{"line":3,"column":17},"end":{"line":3,"column":37}},"1":{"start":{"line":5,"column":18},"end":{"line":5,"column":52}},"2":{"start":{"line":7,"column":15},"end":{"line":7,"column":35}},"3":{"start":{"line":9,"column":16},"end":{"line":9,"column":48}},"4":{"start":{"line":11,"column":39},"end":{"line":11,"column":93}},"5":{"start":{"line":13,"column":28},"end":{"line":57,"column":1}},"6":{"start":{"line":14,"column":17},"end":{"line":14,"column":19}},"7":{"start":{"line":15,"column":15},"end":{"line":15,"column":20}},"8":{"start":{"line":16,"column":2},"end":{"line":16,"column":66}},"9":{"start":{"line":17,"column":2},"end":{"line":17,"column":69}},"10":{"start":{"line":18,"column":2},"end":{"line":18,"column":78}},"11":{"start":{"line":19,"column":2},"end":{"line":19,"column":66}},"12":{"start":{"line":21,"column":2},"end":{"line":23,"column":3}},"13":{"start":{"line":22,"column":4},"end":{"line":22,"column":61}},"14":{"start":{"line":25,"column":2},"end":{"line":27,"column":3}},"15":{"start":{"line":26,"column":4},"end":{"line":26,"column":43}},"16":{"start":{"line":29,"column":2},"end":{"line":31,"column":3}},"17":{"start":{"line":30,"column":4},"end":{"line":30,"column":45}},"18":{"start":{"line":33,"column":2},"end":{"line":37,"column":3}},"19":{"start":{"line":34,"column":4},"end":{"line":36,"column":5}},"20":{"start":{"line":35,"column":6},"end":{"line":35,"column":40}},"21":{"start":{"line":39,"column":2},"end":{"line":41,"column":3}},"22":{"start":{"line":40,"column":4},"end":{"line":40,"column":51}},"23":{"start":{"line":43,"column":2},"end":{"line":47,"column":3}},"24":{"start":{"line":44,"column":4},"end":{"line":46,"column":5}},"25":{"start":{"line":45,"column":6},"end":{"line":45,"column":65}},"26":{"start":{"line":49,"column":2},"end":{"line":51,"column":3}},"27":{"start":{"line":50,"column":4},"end":{"line":50,"column":43}},"28":{"start":{"line":53,"column":2},"end":{"line":56,"column":4}},"29":{"start":{"line":59,"column":27},"end":{"line":81,"column":1}},"30":{"start":{"line":60,"column":17},"end":{"line":60,"column":19}},"31":{"start":{"line":61,"column":15},"end":{"line":61,"column":20}},"32":{"start":{"line":62,"column":2},"end":{"line":62,"column":69}},"33":{"start":{"line":63,"column":2},"end":{"line":63,"column":78}},"34":{"start":{"line":65,"column":2},"end":{"line":67,"column":3}},"35":{"start":{"line":66,"column":4},"end":{"line":66,"column":38}},"36":{"start":{"line":69,"column":2},"end":{"line":71,"column":3}},"37":{"start":{"line":70,"column":4},"end":{"line":70,"column":45}},"38":{"start":{"line":73,"column":2},"end":{"line":75,"column":3}},"39":{"start":{"line":74,"column":4},"end":{"line":74,"column":51}},"40":{"start":{"line":77,"column":2},"end":{"line":80,"column":4}},"41":{"start":{"line":83,"column":31},"end":{"line":100,"column":1}},"42":{"start":{"line":84,"column":17},"end":{"line":84,"column":19}},"43":{"start":{"line":85,"column":15},"end":{"line":85,"column":20}},"44":{"start":{"line":86,"column":2},"end":{"line":86,"column":69}},"45":{"start":{"line":88,"column":2},"end":{"line":90,"column":3}},"46":{"start":{"line":89,"column":4},"end":{"line":89,"column":38}},"47":{"start":{"line":92,"column":2},"end":{"line":94,"column":3}},"48":{"start":{"line":93,"column":4},"end":{"line":93,"column":45}},"49":{"start":{"line":96,"column":2},"end":{"line":99,"column":4}},"50":{"start":{"line":102,"column":0},"end":{"line":106,"column":2}}},"fnMap":{"0":{"name":"_interopRequireDefault","decl":{"start":{"line":11,"column":9},"end":{"line":11,"column":31}},"loc":{"start":{"line":11,"column":37},"end":{"line":11,"column":95}},"line":11},"1":{"name":"(anonymous_1)","decl":{"start":{"line":13,"column":28},"end":{"line":13,"column":29}},"loc":{"start":{"line":13,"column":37},"end":{"line":57,"column":1}},"line":13},"2":{"name":"(anonymous_2)","decl":{"start":{"line":59,"column":27},"end":{"line":59,"column":28}},"loc":{"start":{"line":59,"column":36},"end":{"line":81,"column":1}},"line":59},"3":{"name":"(anonymous_3)","decl":{"start":{"line":83,"column":31},"end":{"line":83,"column":32}},"loc":{"start":{"line":83,"column":40},"end":{"line":100,"column":1}},"line":83}},"branchMap":{"0":{"loc":{"start":{"line":11,"column":46},"end":{"line":11,"column":92}},"type":"cond-expr","locations":[{"start":{"line":11,"column":70},"end":{"line":11,"column":73}},{"start":{"line":11,"column":76},"end":{"line":11,"column":92}}],"line":11},"1":{"loc":{"start":{"line":11,"column":46},"end":{"line":11,"column":67}},"type":"binary-expr","locations":[{"start":{"line":11,"column":46},"end":{"line":11,"column":49}},{"start":{"line":11,"column":53},"end":{"line":11,"column":67}}],"line":11},"2":{"loc":{"start":{"line":16,"column":14},"end":{"line":16,"column":65}},"type":"cond-expr","locations":[{"start":{"line":16,"column":51},"end":{"line":16,"column":60}},{"start":{"line":16,"column":63},"end":{"line":16,"column":65}}],"line":16},"3":{"loc":{"start":{"line":17,"column":15},"end":{"line":17,"column":68}},"type":"cond-expr","locations":[{"start":{"line":17,"column":53},"end":{"line":17,"column":63}},{"start":{"line":17,"column":66},"end":{"line":17,"column":68}}],"line":17},"4":{"loc":{"start":{"line":18,"column":18},"end":{"line":18,"column":77}},"type":"cond-expr","locations":[{"start":{"line":18,"column":59},"end":{"line":18,"column":72}},{"start":{"line":18,"column":75},"end":{"line":18,"column":77}}],"line":18},"5":{"loc":{"start":{"line":19,"column":14},"end":{"line":19,"column":65}},"type":"cond-expr","locations":[{"start":{"line":19,"column":51},"end":{"line":19,"column":60}},{"start":{"line":19,"column":63},"end":{"line":19,"column":65}}],"line":19},"6":{"loc":{"start":{"line":21,"column":2},"end":{"line":23,"column":3}},"type":"if","locations":[{"start":{"line":21,"column":2},"end":{"line":23,"column":3}},{"start":{"line":21,"column":2},"end":{"line":23,"column":3}}],"line":21},"7":{"loc":{"start":{"line":25,"column":2},"end":{"line":27,"column":3}},"type":"if","locations":[{"start":{"line":25,"column":2},"end":{"line":27,"column":3}},{"start":{"line":25,"column":2},"end":{"line":27,"column":3}}],"line":25},"8":{"loc":{"start":{"line":29,"column":2},"end":{"line":31,"column":3}},"type":"if","locations":[{"start":{"line":29,"column":2},"end":{"line":31,"column":3}},{"start":{"line":29,"column":2},"end":{"line":31,"column":3}}],"line":29},"9":{"loc":{"start":{"line":33,"column":2},"end":{"line":37,"column":3}},"type":"if","locations":[{"start":{"line":33,"column":2},"end":{"line":37,"column":3}},{"start":{"line":33,"column":2},"end":{"line":37,"column":3}}],"line":33},"10":{"loc":{"start":{"line":34,"column":4},"end":{"line":36,"column":5}},"type":"if","locations":[{"start":{"line":34,"column":4},"end":{"line":36,"column":5}},{"start":{"line":34,"column":4},"end":{"line":36,"column":5}}],"line":34},"11":{"loc":{"start":{"line":39,"column":2},"end":{"line":41,"column":3}},"type":"if","locations":[{"start":{"line":39,"column":2},"end":{"line":41,"column":3}},{"start":{"line":39,"column":2},"end":{"line":41,"column":3}}],"line":39},"12":{"loc":{"start":{"line":43,"column":2},"end":{"line":47,"column":3}},"type":"if","locations":[{"start":{"line":43,"column":2},"end":{"line":47,"column":3}},{"start":{"line":43,"column":2},"end":{"line":47,"column":3}}],"line":43},"13":{"loc":{"start":{"line":44,"column":4},"end":{"line":46,"column":5}},"type":"if","locations":[{"start":{"line":44,"column":4},"end":{"line":46,"column":5}},{"start":{"line":44,"column":4},"end":{"line":46,"column":5}}],"line":44},"14":{"loc":{"start":{"line":49,"column":2},"end":{"line":51,"column":3}},"type":"if","locations":[{"start":{"line":49,"column":2},"end":{"line":51,"column":3}},{"start":{"line":49,"column":2},"end":{"line":51,"column":3}}],"line":49},"15":{"loc":{"start":{"line":62,"column":15},"end":{"line":62,"column":68}},"type":"cond-expr","locations":[{"start":{"line":62,"column":53},"end":{"line":62,"column":63}},{"start":{"line":62,"column":66},"end":{"line":62,"column":68}}],"line":62},"16":{"loc":{"start":{"line":63,"column":18},"end":{"line":63,"column":77}},"type":"cond-expr","locations":[{"start":{"line":63,"column":59},"end":{"line":63,"column":72}},{"start":{"line":63,"column":75},"end":{"line":63,"column":77}}],"line":63},"17":{"loc":{"start":{"line":65,"column":2},"end":{"line":67,"column":3}},"type":"if","locations":[{"start":{"line":65,"colu
[...]
mn":42},"end":{"line":118,"column":3}},"line":108},"17":{"name":"(anonymous_17)","decl":{"start":{"line":112,"column":11},"end":{"line":112,"column":12}},"loc":{"start":{"line":112,"column":25},"end":{"line":117,"column":5}},"line":112},"18":{"name":"(anonymous_18)","decl":{"start":{"line":120,"column":40},"end":{"line":120,"column":41}},"loc":{"start":{"line":120,"column":48},"end":{"line":126,"column":3}},"line":120},"19":{"name":"(anonymous_19)","decl":{"start":{"line":121,"column":113},"end":{"line":121,"column":114}},"loc":{"start":{"line":121,"column":130},"end":{"line":125,"column":5}},"line":121},"20":{"name":"(anonymous_20)","decl":{"start":{"line":128,"column":59},"end":{"line":128,"column":60}},"loc":{"start":{"line":128,"column":67},"end":{"line":133,"column":3}},"line":128},"21":{"name":"(anonymous_21)","decl":{"start":{"line":129,"column":75},"end":{"line":129,"column":76}},"loc":{"start":{"line":129,"column":92},"end":{"line":132,"column":5}},"line":129},"22":{"name":"(anonymous_22)","decl":{"start":{"line":135,"column":61},"end":{"line":135,"column":62}},"loc":{"start":{"line":135,"column":69},"end":{"line":140,"column":3}},"line":135},"23":{"name":"(anonymous_23)","decl":{"start":{"line":136,"column":114},"end":{"line":136,"column":115}},"loc":{"start":{"line":136,"column":131},"end":{"line":139,"column":5}},"line":136},"24":{"name":"(anonymous_24)","decl":{"start":{"line":142,"column":40},"end":{"line":142,"column":41}},"loc":{"start":{"line":142,"column":48},"end":{"line":150,"column":3}},"line":142},"25":{"name":"(anonymous_25)","decl":{"start":{"line":143,"column":155},"end":{"line":143,"column":156}},"loc":{"start":{"line":143,"column":172},"end":{"line":149,"column":5}},"line":143},"26":{"name":"(anonymous_26)","decl":{"start":{"line":152,"column":83},"end":{"line":152,"column":84}},"loc":{"start":{"line":152,"column":91},"end":{"line":159,"column":3}},"line":152},"27":{"name":"(anonymous_27)","decl":{"start":{"line":153,"column":157},"end":{"line":153,"column":158}},"loc":{"start":{"line":153,"column":174},"end":{"line":158,"column":5}},"line":153},"28":{"name":"(anonymous_28)","decl":{"start":{"line":161,"column":87},"end":{"line":161,"column":88}},"loc":{"start":{"line":161,"column":95},"end":{"line":168,"column":3}},"line":161},"29":{"name":"(anonymous_29)","decl":{"start":{"line":162,"column":153},"end":{"line":162,"column":154}},"loc":{"start":{"line":162,"column":170},"end":{"line":167,"column":5}},"line":162},"30":{"name":"(anonymous_30)","decl":{"start":{"line":170,"column":75},"end":{"line":170,"column":76}},"loc":{"start":{"line":170,"column":83},"end":{"line":175,"column":3}},"line":170},"31":{"name":"(anonymous_31)","decl":{"start":{"line":171,"column":115},"end":{"line":171,"column":116}},"loc":{"start":{"line":171,"column":132},"end":{"line":174,"column":5}},"line":171},"32":{"name":"(anonymous_32)","decl":{"start":{"line":177,"column":33},"end":{"line":177,"column":34}},"loc":{"start":{"line":177,"column":41},"end":{"line":184,"column":3}},"line":177},"33":{"name":"(anonymous_33)","decl":{"start":{"line":178,"column":116},"end":{"line":178,"column":117}},"loc":{"start":{"line":178,"column":133},"end":{"line":183,"column":5}},"line":178}},"branchMap":{"0":{"loc":{"start":{"line":15,"column":46},"end":{"line":15,"column":92}},"type":"cond-expr","locations":[{"start":{"line":15,"column":70},"end":{"line":15,"column":73}},{"start":{"line":15,"column":76},"end":{"line":15,"column":92}}],"line":15},"1":{"loc":{"start":{"line":15,"column":46},"end":{"line":15,"column":67}},"type":"binary-expr","locations":[{"start":{"line":15,"column":46},"end":{"line":15,"column":49}},{"start":{"line":15,"column":53},"end":{"line":15,"column":67}}],"line":15}},"s":{"0":1,"1":1,"2":1,"3":1,"4":1,"5":1,"6":3,"7":1,"8":1,"9":1,"10":1,"11":1,"12":1,"13":1,"14":1,"15":1,"16":1,"17":1,"18":1,"19":1,"20":1,"21":1,"22":1,"23":1,"24":1,"25":1,"26":1,"27":1,"28":1,"29":1,"30":1,"31":1,"32":1,"33":1,"34":1,"35":1,"36":1,"37":1,"38":1,"39":1,"40":1,"41":1,"42":1,"43":1,"44":1,"45":1,"46":1,"47":1,"48":1,"49":1,"50":1,"51":1,"52":1,"53":1,"54":1,"55":1,"56":1,"57":1,"58":1,"59":1,"60":1,"61":1,"62":1,"63":1,"64":1,"65":1,"66":1,"67":1,"68":1,"69":1,"70":1,"71":1,"72":1,"73":1,"74":1,"75":1,"76":1,"77":1,"78":1,"79":1,"80":1,"81":1,"82":1,"83":1,"84":1,"85":1,"86":1,"87":1,"88":1,"89":1,"90":1,"91":1,"92":1,"93":1,"94":1,"95":1,"96":1,"97":1,"98":1,"99":1,"100":1,"101":1,"102":1,"103":1,"104":1},"f":{"0":3,"1":1,"2":1,"3":1,"4":1,"5":1,"6":1,"7":1,"8":1,"9":1,"10":1,"11":1,"12":1,"13":1,"14":1,"15":1,"16":1,"17":1,"18":1,"19":1,"20":1,"21":1,"22":1,"23":1,"24":1,"25":1,"26":1,"27":1,"28":1,"29":1,"30":1,"31":1,"32":1,"33":1},"b":{"0":[0,3],"1":[3,3]},"_coverageSchema":"43e27e138ebf9cfc5966b082cf9a028302ed4184","hash":"bddb49b2b1dc77d45b794a3ca628de2e92ac5432","contentHash":"9190dacc6c86fc32c97c7ef5370c7b45"},"C:\\xampp\\htdocs\\web_dev\\storemanager\\server\\test\\usersValidation.js":{"path":"C:\\xampp\\htdocs\\web_dev\\storemanager\\server\\test\\usersValidation.js","statementMap":{"0":{"start":{"line":3,"column":12},"end":{"line":3,"column":27}},"1":{"start":{"line":5,"column":13},"end":{"line":5,"column":42}},"2":{"start":{"line":7,"column":16},"end":{"line":7,"column":36}},"3":{"start":{"line":9,"column":17},"end":{"line":9,"column":50}},"4":{"start":{"line":11,"column":13},"end":{"line":11,"column":43}},"5":{"start":{"line":13,"column":14},"end":{"line":13,"column":44}},"6":{"start":{"line":15,"column":39},"end":{"line":15,"column":93}},"7":{"start":{"line":17,"column":19},"end":{"line":17,"column":33}},"8":{"start":{"line":19,"column":0},"end":{"line":19,"column":39}},"9":{"start":{"line":21,"column":0},"end":{"line":38,"column":3}},"10":{"start":{"line":22,"column":2},"end":{"line":27,"column":5}},"11":{"start":{"line":23,"column":19},"end":{"line":23,"column":105}},"12":{"start":{"line":24,"column":4},"end":{"line":24,"column":42}},"13":{"start":{"line":25,"column":4},"end":{"line":25,"column":58}},"14":{"start":{"line":26,"column":4},"end":{"line":26,"column":11}},"15":{"start":{"line":29,"column":2},"end":{"line":37,"column":5}},"16":{"start":{"line":30,"column":19},"end":{"line":30,"column":57}},"17":{"start":{"line":31,"column":4},"end":{"line":31,"column":43}},"18":{"start":{"line":32,"column":4},"end":{"line":32,"column":67}},"19":{"start":{"line":33,"column":4},"end":{"line":33,"column":68}},"20":{"start":{"line":34,"column":4},"end":{"line":34,"column":74}},"21":{"start":{"line":35,"column":4},"end":{"line":35,"column":45}},"22":{"start":{"line":36,"column":4},"end":{"line":36,"column":11}},"23":{"start":{"line":40,"column":0},"end":{"line":59,"column":3}},"24":{"start":{"line":41,"column":2},"end":{"line":48,"column":5}},"25":{"start":{"line":42,"column":19},"end":{"line":44,"column":6}},"26":{"start":{"line":45,"column":4},"end":{"line":45,"column":42}},"27":{"start":{"line":46,"column":4},"end":{"line":46,"column":58}},"28":{"start":{"line":47,"column":4},"end":{"line":47,"column":11}},"29":{"start":{"line":50,"column":2},"end":{"line":58,"column":5}},"30":{"start":{"line":51,"column":19},"end":{"line":51,"column":57}},"31":{"start":{"line":52,"column":4},"end":{"line":52,"column":43}},"32":{"start":{"line":53,"column":4},"end":{"line":53,"column":67}},"33":{"start":{"line":54,"column":4},"end":{"line":54,"column":68}},"34":{"start":{"line":55,"column":4},"end":{"line":55,"column":74}},"35":{"start":{"line":56,"column":4},"end":{"line":56,"column":45}},"36":{"start":{"line":57,"column":4},"end":{"line":57,"column":11}}},"fnMap":{"0":{"name":"_interopRequireDefault","decl":{"start":{"line":15,"column":9},"end":{"line":15,"column":31}},"loc":{"start":{"line":15,"column":37},"end":{"line":15,"column":95}},"line":15},"1":{"name":"(anonymous_1)","decl":{"start":{"line":21,"column":29},"end":{"line":21,"column":30}},"loc":{"start":{"line":21,"column":35},"end":{"line":38,"column":1}},"line":21},"2":{"name":"(anonymous_2)","decl":{"start":{"line":22,"column":62},"end":{"line":22,"column":63}},"loc":{"start":{"line":22,"column":70},"end":{"line":27,"column":3}},"line":22},"3":{"name":"(anonymous_3)","decl":{"start":{"line":29,"column":46},"end":{"line":29,"column":47}},"loc":{"start":{"line":29,"column":54},"end":{"line":37,"column":3}},"line":29},"4":{"name":"(anonymous_4)","decl":{"start":{"line":40,"column":29},"end":{"line":40,"column":30}},"loc":{"start":{"line":40,"column":35},"end":{"line":59,"column":1}},"line":40},"5":{"name":"(anonymous_5)","decl":{"start":{"line":41,"column":62},"end":{"line":41,"column":63}},"loc":{"start":{"line":41,"column":70},"end":{"line":48,"column":3}},"line":41},"6":{"name":"(anonymous_6)","decl":{"start":{"line":50,"column":46},"end":{"line":50,"column":47}},"loc":{"start":{"line":50,"column":54},"end":{"line":58,"column":3}},"line":50}},"branchMap":{"0":{"loc":{"start":{"line":15,"column":46},"end":{"line":15,"column":92}},"type":"cond-expr","locations":[{"start":{"line":15,"column":70},"end":{"line":15,"column":73}},{"start":{"line":15,"column":76},"end":{"line":15,"column":92}}],"line":15},"1":{"loc":{"start":{"line":15,"column":46},"end":{"line":15,"column":67}},"type":"binary-expr","locations":[{"start":{"line":15,"column":46},"end":{"line":15,"column":49}},{"start":{"line":15,"column":53},"end":{"line":15,"column":67}}],"line":15}},"s":{"0":1,"1":1,"2":1,"3":1,"4":1,"5":1,"6":3,"7":1,"8":1,"9":1,"10":1,"11":1,"12":1,"13":1,"14":1,"15":1,"16":1,"17":1,"18":1,"19":1,"20":1,"21":1,"22":1,"23":1,"24":1,"25":1,"26":1,"27":1,"28":1,"29":1,"30":1,"31":1,"32":1,"33":1,"34":1,"35":1,"36":1},"f":{"0":3,"1":1,"2":1,"3":1,"4":1,"5":1,"6":1},"b":{"0":[0,3],"1":[3,3]},"_coverageSchema":"43e27e138ebf9cfc5966b082cf9a028302ed4184","hash":"4e12f102d430aa6360d16b868891cb73145b11ae","contentHash":"fe0183572dd183e106fb10d41efdda31"},"C:\\xampp\\htdocs\\web_dev\\storemanager\\server\\test\\validation.js":{"path":"C:\\xampp\\htdocs\\web_dev\\storemanager\\server\\test\\validation.js","statementMap":{"0":{"start":{"line":3,"column":12},"end":{"line":3,"column":27}},"1":{"start":{"line":5,"column":13},"end":{"line":5,"column":42}},"2":{"start":{"line":7,"column":16},"end":{"line":7,"column":36}},"3":{"start":{"line":9,"column":17},"end":{"line":9,"column":50}},"4":{"start":{"line":11,"column":13},"end":{"line":11,"column":43}},"5":{"start":{"line":13,"column":14},"end":{"line":13,"column":44}},"6":{"start":{"line":15,"column":16},"end":{"line":15,"column":49}},"7":{"start":{"line":17,"column":17},"end":{"line":17,"column":50}},"8":{"start":{"line":19,"column":13},"end":{"line":19,"column":43}},"9":{"start":{"line":21,"column":14},"end":{"line":21,"column":44}},"10":{"start":{"line":23,"column":15},"end":{"line":23,"column":47}},"11":{"start":{"line":25,"column":16},"end":{"line":25,"column":48}},"12":{"start":{"line":27,"column":39},"end":{"line":27,"column":93}},"13":{"start":{"line":29,"column":19},"end":{"line":29,"column":33}},"14":{"start":{"line":31,"column":0},"end":{"line":31,"column":39}},"15":{"start":{"line":33,"column":0},"end":{"line":50,"column":3}},"16":{"start":{"line":34,"column":2},"end":{"line":39,"column":5}},"17":{"start":{"line":35,"column":19},"end":{"line":35,"column":105}},"18":{"start":{"line":36,"column":4},"end":{"line":36,"column":42}},"19":{"start":{"line":37,"column":4},"end":{"line":37,"column":58}},"20":{"start":{"line":38,"column":4},"end":{"line":38,"column":11}},"21":{"start":{"line":41,"column":2},"end":{"line":49,"column":5}},"22":{"start":{"line":42,"column":19},"end":{"line":42,"column":57}},"23":{"start":{"line":43,"column":4},"end":{"line":43,"column":43}},"24":{"start":{"line":44,"column":4},"end":{"line":44,"column":67}},"25":{"start":{"line":45,"column":4},"end":{"line":45,"column":68}},"26":{"start":{"line":46,"column":4},"end":{"line":46,"column":74}},"27":{"start":{"line":47,"column":4},"end":{"line":47,"column":45}},"28":{"start":{"line":48,"column":4},"end":{"line":48,"column":11}},"29":{"start":{"line":52,"column":0},"end":{"line":73,"column":3}},"30":{"start":{"line":53,"column":2},"end":{"line":60,"column":5}},"31":{"start":{"line":54,"column":19},"end":{"line":56,"column":6}},"32":{"start":{"line":57,"column":4},"end":{"line":57,"column":42}},"33":{"start":{"line":58,"column":4},"end":{"line":58,"column":58}},"34":{"start":{"line":59,"column":4},"end":{"line":59,"column":11}},"35":{"start":{"line":62,"column":2},"end":{"line":72,"column":5}},"36":{"start":{"line":63,"column":19},"end":{"line":63,"column":58}},"37":{"start":{"line":64,"column":4},"end":{"line":64,"column":43}},"38":{"start":{"line":65,"column":4},"end":{"line":65,"column":67}},"39":{"start":{"line":66,"column":4},"end":{"line":66,"column":68}},"40":{"start":{"line":67,"column":4},"end":{"line":67,"column":74}},"41":{"start":{"line":68,"column":4},"end":{"line":68,"column":66}},"42":{"start":{"line":69,"column":4},"end":{"line":69,"column":66}},"43":{"start":{"line":70,"column":4},"end":{"line":70,"column":45}},"44":{"start":{"line":71,"column":4},"end":{"line":71,"column":11}},"45":{"start":{"line":75,"column":0},"end":{"line":96,"column":3}},"46":{"start":{"line":76,"column":2},"end":{"line":83,"column":5}},"47":{"start":{"line":77,"column":19},"end":{"line":79,"column":6}},"48":{"start":{"line":80,"column":4},"end":{"line":80,"column":42}},"49":{"start":{"line":81,"column":4},"end":{"line":81,"column":58}},"50":{"start":{"line":82,"column":4},"end":{"line":82,"column":11}},"51":{"start":{"line":85,"column":2},"end":{"line":95,"column":5}},"52":{"start":{"line":86,"column":19},"end":{"line":86,"column":62}},"53":{"start":{"line":87,"column":4},"end":{"line":87,"column":43}},"54":{"start":{"line":88,"column":4},"end":{"line":88,"column":67}},"55":{"start":{"line":89,"column":4},"end":{"line":89,"column":66}},"56":{"start":{"line":90,"column":4},"end":{"line":90,"column":80}},"57":{"start":{"line":91,"column":4},"end":{"line":91,"column":68}},"58":{"start":{"line":92,"column":4},"end":{"line":92,"column":74}},"59":{"start":{"line":93,"column":4},"end":{"line":93,"column":45}},"60":{"start":{"line":94,"column":4},"end":{"line":94,"column":11}},"61":{"start":{"line":98,"column":0},"end":{"line":116,"column":3}},"62":{"start":{"line":99,"column":2},"end":{"line":106,"column":5}},"63":{"start":{"line":100,"column":19},"end":{"line":102,"column":6}},"64":{"start":{"line":103,"column":4},"end":{"line":103,"column":42}},"65":{"start":{"line":104,"column":4},"end":{"line":104,"column":58}},"66":{"start":{"line":105,"column":4},"end":{"line":105,"column":11}},"67":{"start":{"line":108,"column":2},"end":{"line":115,"column":5}},"68":{"start":{"line":109,"column":19},"end":{"line":109,"column":57}},"69":{"start":{"line":110,"column":4},"end":{"line":110,"column":43}},"70":{"start":{"line":111,"column":4},"end":{"line":111,"column":67}},"71":{"start":{"line":112,"column":4},"end":{"line":112,"column":80}},"72":{"start":{"line":113,"column":4},"end":{"line":113,"column":45}},"73":{"start":{"line":114,"column":4},"end":{"line":114,"column":11}},"74":{"start":{"line":118,"column":0},"end":{"line":130,"column":3}},"75":{"start":{"line":119,"column":2},"end":{"line":123,"column":5}},"76":{"start":{"line":120,"column":19},"end":{"line":120,"column":62}},"77":{"start":{"line":121,"column":4},"end":{"line":121,"column":35}},"78":{"start":{"line":122,"column":4},"end":{"line":122,"column":11}},"79":{"start":{"line":125,"column":2},"end":{"line":129,"column":5}},"80":{"start":{"line":126,"column":19},"end":{"line":126,"column":45}},"81":{"start":{"line":127,"column":4},"end":{"line":127,"column":34}},"82":{"start":{"line":128,"column":4},"end":{"line":128,"column":11}}},"fnMap":{"0":{"name":"_interopRequireDefault","decl":{"start":{"line":27,"column":9},"end":{"line":27,"column":31}},"loc":{"start":{"line":27,"column":37},"end":{"line":27,"column":95}},"line":27},"1":{"name":"(anonymous_1)","decl":{"start":{"line":33,"column":29},"end":{"line":33,"column":30}},"loc":{"start":{"line":33,"column":35},"end":{"line":50,"column":1}},"line":33},"2":{"name":"(anonymous_2)","decl":{"start":{"line":34,"column":62},"end":{"line":34,"column":63}},"loc":{"start":{"line":34,"column":70},"end":{"line":39,"column":3}},"line":34},"3":{"name":"(anonymous_3)","decl":{"start":{"line":41,"column":46},"end":{"line":41,"column":47}},"loc":{"start":{"line":41,"column":54},"end":{"line":49,"column":3}},"line":41},"4":{"name":"(anonymous_4)","decl":{"start":{"line":52,"column":30},"end":{"line":52,"column":31}},"loc":{"start":{"line":52,"column":36},"end":{"line":73,"column":1}},"line":52},"5":{"name":"(anonymous_5)","decl":{"start":{"line":53,"column":62},"end":{"line":53,"column":63}},"loc":{"start":{"line":53,"column":70},"end":{"line":60,"column":3}},"line":53},"6":{"name":"(anonymous_6)","decl":{"start":{"line":62,"column":46},"end":{"line":62,"column":47}},"loc":{"start":{"line":62,"column":54},"end":{"line":72,"column":3}},"line":62},"7":{"name":"(anonymous_7)","decl":{"start":{"line":75,"column":31},"end":{"line":75,"column":32}},"loc":{"start":{"line":75,"column":37},"end":{"line":96,"column":1}},"line":75},"8":{"name":"(anonymous_8)","decl":{"start":{"line":76,"column":62},"end":{"line":76,"column":63}},"loc":{"start":{"line":76,"column":70},"end":{"line":83,"column":3}},"line":76},"9":{"name":"(anonymous_9)","decl":{"start":{"line":85,"column":46},"end":{"line":85,"column":47}},"loc":{"start":{"line":85,"column":54},"end":{"line":95,"column":3}},"line":85},"10":{"name":"(anonymous_10)","decl":{"start":{"line":98,"column":29},"end":{"line":98,"column":30}},"loc":{"start":{"line":98,"column":35},"end":{"line":116,"column":1}},"line":98},"11":{"name":"(anonymous_11)","decl":{"start":{"line":99,"column":62},"end":{"line":99,"column":63}},"loc":{"start":{"line":99,"column":70},"end":{"line":106,"column":3}},"line":99},"12":{"name":"(anonymous_12)","decl":{"start":{"line":108,"column":46},"end":{"line":108,"column":47}},"loc":{"start":{"line":108,"column":54},"end":{"line":115,"column":3}},"line":108},"13":{"name":"(anonymous_13)","decl":{"start":{"line":118,"column":29},"end":{"line":118,"column":30}},"loc":{"start":{"line":118,"column":35},"end":{"line":130,"column":1}},"line":118},"14":{"name":"(anonymous_14)","decl":{"start":{"line":119,"column":56},"end":{"line":119,"column":57}},"loc":{"start":{"line":119,"column":64},"end":{"line":123,"column":3}},"line":119},"15":{"name":"(anonymous_15)","decl":{"start":{"line":125,"column":51},"end":{"line":125,"column":52}},"loc":{"start":{"line":125,"column":59},"end":{"line":129,"column":3}},"line":125}},"branchMap":{"0":{"loc":{"start":{"line":27,"column":46},"end":{"line":27,"column":92}},"type":"cond-expr","locations":[{"start":{"line":27,"column":70},"end":{"line":27,"column":73}},{"start":{"line":27,"column":76},"end":{"line":27,"column":92}}],"line":27},"1":{"loc":{"start":{"line":27,"column":46},"end":{"line":27,"column":67}},"type":"binary-expr","locations":[{"start":{"line":27,"column":46},"end":{"line":27,"column":49}},{"start":{"line":27,"column":53},"end":{"line":27,"column":67}}],"line":27}},"s":{"0":1,"1":1,"2":1,"3":1,"4":1,"5":1,"6":1,"7":1,"8":1,"9":1,"10":1,"11":1,"12":6,"13":1,"14":1,"15":1,"16":1,"17":1,"18":1,"19":1,"20":1,"21":1,"22":1,"23":1,"24":1,"25":1,"26":1,"27":1,"28":1,"29":1,"30":1,"31":1,"32":1,"33":1,"34":1,"35":1,"36":1,"37":1,"38":1,"39":1,"40":1,"41":1,"42":1,"43":1,"44":1,"45":1,"46":1,"47":1,"48":1,"49":1,"50":1,"51":1,"52":1,"53":1,"54":1,"55":1,"56":1,"57":1,"58":1,"59":1,"60":1,"61":1,"62":1,"63":1,"64":1,"65":1,"66":1,"67":1,"68":1,"69":1,"70":1,"71":1,"72":1,"73":1,"74":1,"75":1,"76":1,"77":1,"78":1,"79":1,"80":1,"81":1,"82":1},"f":{"0":6,"1":1,"2":1,"3":1,"4":1,"5":1,"6":1,"7":1,"8":1,"9":1,"10":1,"11":1,"12":1,"13":1,"14":1,"15":1},"b":{"0":[0,6],"1":[6,6]},"_coverageSchema":"43e27e138ebf9cfc5966b082cf9a028302ed4184","hash":"3d1482e65dea661c4b6c035efa29be7c0df71eb9","contentHash":"b462f46410c699041202bf382bd17634"}}